#! /usr/local/iverilog/bin/vvp
:ivl_version "11.0 (devel)" "(s20150603-612-ga9388a89)";
:ivl_delay_selection "TYPICAL";
:vpi_time_precision - 10;
:vpi_module "system";
:vpi_module "vhdl_sys";
:vpi_module "vhdl_textio";
:vpi_module "v2005_math";
:vpi_module "va_math";
S_0000000002882d40 .scope module, "Lab1DB2" "Lab1DB2" 2 1;
 .timescale -9 -10;
    .port_info 0 /INPUT 1 "ADC_CLK_10";
    .port_info 1 /INPUT 1 "MAX10_CLK1_50";
    .port_info 2 /INPUT 1 "MAX10_CLK2_50";
    .port_info 3 /OUTPUT 8 "HEX0";
    .port_info 4 /OUTPUT 8 "HEX1";
    .port_info 5 /OUTPUT 8 "HEX2";
    .port_info 6 /OUTPUT 8 "HEX3";
    .port_info 7 /OUTPUT 8 "HEX4";
    .port_info 8 /OUTPUT 8 "HEX5";
    .port_info 9 /INPUT 2 "KEY";
    .port_info 10 /OUTPUT 10 "LEDR";
    .port_info 11 /INPUT 8 "SW";
o0000000002884798 .functor BUFZ 1, C4<z>; HiZ drive
v00000000028cace0_0 .net "ADC_CLK_10", 0 0, o0000000002884798;  0 drivers
v00000000028cae20_0 .net "HEX0", 7 0, L_00000000028ce910;  1 drivers
v00000000028cb6e0_0 .net "HEX1", 7 0, L_00000000028ce3d0;  1 drivers
v00000000028caec0_0 .net "HEX2", 7 0, L_00000000028c9720;  1 drivers
v00000000028caf60_0 .net "HEX3", 7 0, L_00000000028c92c0;  1 drivers
v00000000028cb000_0 .net "HEX4", 7 0, L_00000000028c91e0;  1 drivers
v00000000028cb280_0 .net "HEX5", 7 0, L_00000000028c9e90;  1 drivers
o00000000028842b8 .functor BUFZ 2, C4<zz>; HiZ drive
v00000000028cb780_0 .net "KEY", 1 0, o00000000028842b8;  0 drivers
v00000000028cddd0_0 .net "LEDR", 9 0, L_00000000028cc750;  1 drivers
o00000000028847f8 .functor BUFZ 1, C4<z>; HiZ drive
v00000000028cd1f0_0 .net "MAX10_CLK1_50", 0 0, o00000000028847f8;  0 drivers
o0000000002884828 .functor BUFZ 1, C4<z>; HiZ drive
v00000000028cdd30_0 .net "MAX10_CLK2_50", 0 0, o0000000002884828;  0 drivers
o0000000002884858 .functor BUFZ 8, C4<zzzzzzzz>; HiZ drive
v00000000028cd650_0 .net "SW", 7 0, o0000000002884858;  0 drivers
L_00000000028e2018 .functor BUFT 1, C4<00000000>, C4<0>, C4<0>, C4<0>;
v00000000028cca70_0 .net/2u *"_s2", 7 0, L_00000000028e2018;  1 drivers
L_00000000028cc750 .part/pv L_00000000028e2018, 0, 8, 10;
L_000000000292d020 .part o0000000002884858, 4, 4;
L_000000000292da20 .part o0000000002884858, 0, 4;
S_000000000286d860 .scope module, "U1" "RippleCarry" 2 29, 3 1 0, S_0000000002882d40;
 .timescale -9 -10;
    .port_info 0 /OUTPUT 8 "HEX0";
    .port_info 1 /OUTPUT 8 "HEX1";
    .port_info 2 /OUTPUT 8 "HEX2";
    .port_info 3 /OUTPUT 8 "HEX3";
    .port_info 4 /OUTPUT 8 "HEX4";
    .port_info 5 /OUTPUT 8 "HEX5";
    .port_info 6 /INPUT 2 "KEY";
    .port_info 7 /INPUT 4 "input1";
    .port_info 8 /INPUT 4 "input2";
L_00000000028c9330 .functor NOT 1, L_00000000028cccf0, C4<0>, C4<0>, C4<0>;
v00000000028cbaa0_0 .net "HEX0", 7 0, L_00000000028ce910;  alias, 1 drivers
v00000000028ca1a0_0 .net "HEX1", 7 0, L_00000000028ce3d0;  alias, 1 drivers
v00000000028ca600_0 .net "HEX2", 7 0, L_00000000028c9720;  alias, 1 drivers
v00000000028c9fc0_0 .net "HEX3", 7 0, L_00000000028c92c0;  alias, 1 drivers
v00000000028ca560_0 .net "HEX4", 7 0, L_00000000028c91e0;  alias, 1 drivers
v00000000028cab00_0 .net "HEX5", 7 0, L_00000000028c9e90;  alias, 1 drivers
v00000000028cb820_0 .net "KEY", 1 0, o00000000028842b8;  alias, 0 drivers
v00000000028cbb40_0 .net *"_s11", 0 0, L_00000000028cc4d0;  1 drivers
v00000000028cb320_0 .net *"_s16", 0 0, L_00000000028cc070;  1 drivers
v00000000028cb960_0 .net *"_s20", 0 0, L_00000000028ccd90;  1 drivers
v00000000028ca920_0 .net *"_s24", 0 0, L_00000000028cde70;  1 drivers
v00000000028cb8c0_0 .net *"_s28", 0 0, L_00000000028cbfd0;  1 drivers
v00000000028cbbe0_0 .net *"_s3", 0 0, L_00000000028cdc90;  1 drivers
v00000000028cbc80_0 .net *"_s33", 0 0, L_00000000028cc570;  1 drivers
v00000000028cb460_0 .net *"_s37", 0 0, L_00000000028cccf0;  1 drivers
v00000000028cbdc0_0 .net *"_s38", 0 0, L_00000000028c9330;  1 drivers
v00000000028cb500_0 .net *"_s7", 0 0, L_00000000028cc2f0;  1 drivers
v00000000028cb5a0_0 .net "c", 4 0, L_00000000028cd3d0;  1 drivers
v00000000028ca060_0 .net "input1", 3 0, L_000000000292d020;  1 drivers
v00000000028ca2e0_0 .var "input1_d", 7 0;
v00000000028ca9c0_0 .net "input2", 3 0, L_000000000292da20;  1 drivers
v00000000028ca240_0 .var "input2_d", 7 0;
v00000000028ca6a0_0 .net "s", 3 0, L_00000000028cd330;  1 drivers
v00000000028ca380_0 .var "s_disp", 7 0;
v00000000028ca420_0 .var "sign1_d", 7 0;
v00000000028ca4c0_0 .var "sign2_d", 7 0;
v00000000028caba0_0 .var "sign_s", 7 0;
v00000000028ca740_0 .net "x", 3 0, L_00000000028cd470;  1 drivers
v00000000028ca7e0_0 .net "y", 3 0, L_00000000028cd6f0;  1 drivers
E_000000000287d360 .event edge, v00000000028cb5a0_0, v00000000028ca6a0_0;
E_000000000287d3e0 .event edge, v00000000028ca9c0_0;
E_000000000287cf60 .event edge, v00000000028ca060_0;
L_00000000028cdc90 .part L_000000000292d020, 0, 1;
L_00000000028cc2f0 .part L_000000000292d020, 1, 1;
L_00000000028cc4d0 .part L_000000000292d020, 2, 1;
L_00000000028cd470 .concat8 [ 1 1 1 1], L_00000000028cdc90, L_00000000028cc2f0, L_00000000028cc4d0, L_00000000028cc070;
L_00000000028cc070 .part L_000000000292d020, 3, 1;
L_00000000028ccd90 .part L_000000000292da20, 0, 1;
L_00000000028cde70 .part L_000000000292da20, 1, 1;
L_00000000028cbfd0 .part L_000000000292da20, 2, 1;
L_00000000028cd6f0 .concat8 [ 1 1 1 1], L_00000000028ccd90, L_00000000028cde70, L_00000000028cbfd0, L_00000000028cc570;
L_00000000028cc570 .part L_000000000292da20, 3, 1;
L_00000000028cccf0 .part o00000000028842b8, 0, 1;
L_00000000028cdab0 .part L_00000000028cd6f0, 0, 1;
L_00000000028ccbb0 .part L_00000000028cd470, 0, 1;
L_00000000028cc1b0 .part L_00000000028cd3d0, 0, 1;
L_00000000028cced0 .part L_00000000028cd3d0, 0, 1;
L_00000000028ccc50 .part L_00000000028cd6f0, 1, 1;
L_00000000028ccf70 .part L_00000000028cd470, 1, 1;
L_00000000028cc7f0 .part L_00000000028cd3d0, 1, 1;
L_00000000028cd0b0 .part L_00000000028cd3d0, 0, 1;
L_00000000028cc390 .part L_00000000028cd6f0, 2, 1;
L_00000000028cc250 .part L_00000000028cd470, 2, 1;
L_00000000028cc930 .part L_00000000028cd3d0, 2, 1;
L_00000000028cc9d0 .part L_00000000028cd3d0, 0, 1;
L_00000000028cd330 .concat8 [ 1 1 1 1], L_00000000028c9480, L_00000000028c94f0, L_00000000028c8fb0, L_00000000028c96b0;
LS_00000000028cd3d0_0_0 .concat8 [ 1 1 1 1], L_00000000028c9330, L_00000000028cc110, L_00000000028cd790, L_00000000028cc890;
LS_00000000028cd3d0_0_4 .concat8 [ 1 0 0 0], L_00000000028cd510;
L_00000000028cd3d0 .concat8 [ 4 1 0 0], LS_00000000028cd3d0_0_0, LS_00000000028cd3d0_0_4;
L_00000000028cd830 .part L_00000000028cd6f0, 3, 1;
L_00000000028cd8d0 .part L_00000000028cd470, 3, 1;
L_00000000028cd970 .part L_00000000028cd3d0, 3, 1;
L_000000000292c120 .part L_00000000028cd3d0, 0, 1;
S_000000000286f750 .scope module, "A0" "Adder" 3 116, 4 1 0, S_000000000286d860;
 .timescale -9 -10;
    .port_info 0 /OUTPUT 1 "s_out";
    .port_info 1 /OUTPUT 1 "c_out";
    .port_info 2 /INPUT 1 "y_in";
    .port_info 3 /INPUT 1 "x_in";
    .port_info 4 /INPUT 1 "c_in";
    .port_info 5 /INPUT 1 "a_s";
L_00000000028c9090 .functor XOR 1, L_00000000028cdab0, L_00000000028cced0, C4<0>, C4<0>;
L_00000000028c98e0 .functor XOR 1, L_00000000028c9090, L_00000000028ccbb0, C4<0>, C4<0>;
L_00000000028c9480 .functor XOR 1, L_00000000028c98e0, L_00000000028cc1b0, C4<0>, C4<0>;
L_00000000028c9b80 .functor XOR 1, L_00000000028cdab0, L_00000000028cced0, C4<0>, C4<0>;
L_00000000028c9c60 .functor AND 1, L_00000000028ccbb0, L_00000000028c9b80, C4<1>, C4<1>;
L_00000000028c9bf0 .functor XOR 1, L_00000000028cdab0, L_00000000028cced0, C4<0>, C4<0>;
L_00000000028c9170 .functor AND 1, L_00000000028cda10, L_00000000028cc1b0, C4<1>, C4<1>;
v0000000002853ea0_0 .net *"_s0", 0 0, L_00000000028c9090;  1 drivers
v0000000002854080_0 .net *"_s10", 0 0, L_00000000028c9bf0;  1 drivers
v0000000002854620_0 .net *"_s12", 0 0, L_00000000028cda10;  1 drivers
v00000000028546c0_0 .net *"_s14", 0 0, L_00000000028c9170;  1 drivers
v000000000280ea90_0 .net *"_s2", 0 0, L_00000000028c98e0;  1 drivers
v000000000280dff0_0 .net *"_s6", 0 0, L_00000000028c9b80;  1 drivers
v000000000280e090_0 .net *"_s8", 0 0, L_00000000028c9c60;  1 drivers
v00000000028c7fe0_0 .net "a_s", 0 0, L_00000000028cced0;  1 drivers
v00000000028c8760_0 .net "c_in", 0 0, L_00000000028cc1b0;  1 drivers
v00000000028c8e40_0 .net "c_out", 0 0, L_00000000028cc110;  1 drivers
v00000000028c72c0_0 .net "s_out", 0 0, L_00000000028c9480;  1 drivers
v00000000028c7360_0 .net "x_in", 0 0, L_00000000028ccbb0;  1 drivers
v00000000028c7400_0 .net "y_in", 0 0, L_00000000028cdab0;  1 drivers
L_00000000028cda10 .arith/sum 1, L_00000000028ccbb0, L_00000000028c9bf0;
L_00000000028cc110 .arith/sum 1, L_00000000028c9c60, L_00000000028c9170;
S_000000000286f8e0 .scope module, "A1" "Adder" 3 117, 4 1 0, S_000000000286d860;
 .timescale -9 -10;
    .port_info 0 /OUTPUT 1 "s_out";
    .port_info 1 /OUTPUT 1 "c_out";
    .port_info 2 /INPUT 1 "y_in";
    .port_info 3 /INPUT 1 "x_in";
    .port_info 4 /INPUT 1 "c_in";
    .port_info 5 /INPUT 1 "a_s";
L_00000000028c9950 .functor XOR 1, L_00000000028ccc50, L_00000000028cd0b0, C4<0>, C4<0>;
L_00000000028c9410 .functor XOR 1, L_00000000028c9950, L_00000000028ccf70, C4<0>, C4<0>;
L_00000000028c94f0 .functor XOR 1, L_00000000028c9410, L_00000000028cc7f0, C4<0>, C4<0>;
L_00000000028c9cd0 .functor XOR 1, L_00000000028ccc50, L_00000000028cd0b0, C4<0>, C4<0>;
L_00000000028c9b10 .functor AND 1, L_00000000028ccf70, L_00000000028c9cd0, C4<1>, C4<1>;
L_00000000028c9e20 .functor XOR 1, L_00000000028ccc50, L_00000000028cd0b0, C4<0>, C4<0>;
L_00000000028c9a30 .functor AND 1, L_00000000028cce30, L_00000000028cc7f0, C4<1>, C4<1>;
v00000000028c83a0_0 .net *"_s0", 0 0, L_00000000028c9950;  1 drivers
v00000000028c7a40_0 .net *"_s10", 0 0, L_00000000028c9e20;  1 drivers
v00000000028c7d60_0 .net *"_s12", 0 0, L_00000000028cce30;  1 drivers
v00000000028c84e0_0 .net *"_s14", 0 0, L_00000000028c9a30;  1 drivers
v00000000028c8800_0 .net *"_s2", 0 0, L_00000000028c9410;  1 drivers
v00000000028c8080_0 .net *"_s6", 0 0, L_00000000028c9cd0;  1 drivers
v00000000028c8120_0 .net *"_s8", 0 0, L_00000000028c9b10;  1 drivers
v00000000028c7b80_0 .net "a_s", 0 0, L_00000000028cd0b0;  1 drivers
v00000000028c7ea0_0 .net "c_in", 0 0, L_00000000028cc7f0;  1 drivers
v00000000028c88a0_0 .net "c_out", 0 0, L_00000000028cd790;  1 drivers
v00000000028c7180_0 .net "s_out", 0 0, L_00000000028c94f0;  1 drivers
v00000000028c7040_0 .net "x_in", 0 0, L_00000000028ccf70;  1 drivers
v00000000028c8a80_0 .net "y_in", 0 0, L_00000000028ccc50;  1 drivers
L_00000000028cce30 .arith/sum 1, L_00000000028ccf70, L_00000000028c9e20;
L_00000000028cd790 .arith/sum 1, L_00000000028c9b10, L_00000000028c9a30;
S_000000000282b220 .scope module, "A2" "Adder" 3 118, 4 1 0, S_000000000286d860;
 .timescale -9 -10;
    .port_info 0 /OUTPUT 1 "s_out";
    .port_info 1 /OUTPUT 1 "c_out";
    .port_info 2 /INPUT 1 "y_in";
    .port_info 3 /INPUT 1 "x_in";
    .port_info 4 /INPUT 1 "c_in";
    .port_info 5 /INPUT 1 "a_s";
L_00000000028c95d0 .functor XOR 1, L_00000000028cc390, L_00000000028cc9d0, C4<0>, C4<0>;
L_00000000028c9aa0 .functor XOR 1, L_00000000028c95d0, L_00000000028cc250, C4<0>, C4<0>;
L_00000000028c8fb0 .functor XOR 1, L_00000000028c9aa0, L_00000000028cc930, C4<0>, C4<0>;
L_00000000028c9d40 .functor XOR 1, L_00000000028cc390, L_00000000028cc9d0, C4<0>, C4<0>;
L_00000000028c99c0 .functor AND 1, L_00000000028cc250, L_00000000028c9d40, C4<1>, C4<1>;
L_00000000028c9db0 .functor XOR 1, L_00000000028cc390, L_00000000028cc9d0, C4<0>, C4<0>;
L_00000000028c9640 .functor AND 1, L_00000000028cd010, L_00000000028cc930, C4<1>, C4<1>;
v00000000028c8940_0 .net *"_s0", 0 0, L_00000000028c95d0;  1 drivers
v00000000028c7720_0 .net *"_s10", 0 0, L_00000000028c9db0;  1 drivers
v00000000028c7f40_0 .net *"_s12", 0 0, L_00000000028cd010;  1 drivers
v00000000028c6fa0_0 .net *"_s14", 0 0, L_00000000028c9640;  1 drivers
v00000000028c8b20_0 .net *"_s2", 0 0, L_00000000028c9aa0;  1 drivers
v00000000028c7ae0_0 .net *"_s6", 0 0, L_00000000028c9d40;  1 drivers
v00000000028c74a0_0 .net *"_s8", 0 0, L_00000000028c99c0;  1 drivers
v00000000028c70e0_0 .net "a_s", 0 0, L_00000000028cc9d0;  1 drivers
v00000000028c7220_0 .net "c_in", 0 0, L_00000000028cc930;  1 drivers
v00000000028c89e0_0 .net "c_out", 0 0, L_00000000028cc890;  1 drivers
v00000000028c8da0_0 .net "s_out", 0 0, L_00000000028c8fb0;  1 drivers
v00000000028c7e00_0 .net "x_in", 0 0, L_00000000028cc250;  1 drivers
v00000000028c81c0_0 .net "y_in", 0 0, L_00000000028cc390;  1 drivers
L_00000000028cd010 .arith/sum 1, L_00000000028cc250, L_00000000028c9db0;
L_00000000028cc890 .arith/sum 1, L_00000000028c99c0, L_00000000028c9640;
S_000000000282b3b0 .scope module, "A3" "Adder" 3 119, 4 1 0, S_000000000286d860;
 .timescale -9 -10;
    .port_info 0 /OUTPUT 1 "s_out";
    .port_info 1 /OUTPUT 1 "c_out";
    .port_info 2 /INPUT 1 "y_in";
    .port_info 3 /INPUT 1 "x_in";
    .port_info 4 /INPUT 1 "c_in";
    .port_info 5 /INPUT 1 "a_s";
L_00000000028c9020 .functor XOR 1, L_00000000028cd830, L_000000000292c120, C4<0>, C4<0>;
L_00000000028c9100 .functor XOR 1, L_00000000028c9020, L_00000000028cd8d0, C4<0>, C4<0>;
L_00000000028c96b0 .functor XOR 1, L_00000000028c9100, L_00000000028cd970, C4<0>, C4<0>;
L_00000000028c9250 .functor XOR 1, L_00000000028cd830, L_000000000292c120, C4<0>, C4<0>;
L_00000000028c9790 .functor AND 1, L_00000000028cd8d0, L_00000000028c9250, C4<1>, C4<1>;
L_0000000002856210 .functor XOR 1, L_00000000028cd830, L_000000000292c120, C4<0>, C4<0>;
L_00000000028cec20 .functor AND 1, L_00000000028cd150, L_00000000028cd970, C4<1>, C4<1>;
v00000000028c77c0_0 .net *"_s0", 0 0, L_00000000028c9020;  1 drivers
v00000000028c8580_0 .net *"_s10", 0 0, L_0000000002856210;  1 drivers
v00000000028c8bc0_0 .net *"_s12", 0 0, L_00000000028cd150;  1 drivers
v00000000028c8c60_0 .net *"_s14", 0 0, L_00000000028cec20;  1 drivers
v00000000028c7cc0_0 .net *"_s2", 0 0, L_00000000028c9100;  1 drivers
v00000000028c8620_0 .net *"_s6", 0 0, L_00000000028c9250;  1 drivers
v00000000028c7540_0 .net *"_s8", 0 0, L_00000000028c9790;  1 drivers
v00000000028c7c20_0 .net "a_s", 0 0, L_000000000292c120;  1 drivers
v00000000028c75e0_0 .net "c_in", 0 0, L_00000000028cd970;  1 drivers
v00000000028c7680_0 .net "c_out", 0 0, L_00000000028cd510;  1 drivers
v00000000028c7860_0 .net "s_out", 0 0, L_00000000028c96b0;  1 drivers
v00000000028c8260_0 .net "x_in", 0 0, L_00000000028cd8d0;  1 drivers
v00000000028c7900_0 .net "y_in", 0 0, L_00000000028cd830;  1 drivers
L_00000000028cd150 .arith/sum 1, L_00000000028cd8d0, L_0000000002856210;
L_00000000028cd510 .arith/sum 1, L_00000000028c9790, L_00000000028cec20;
S_0000000002823420 .scope module, "U1" "SevenSeg" 3 62, 5 1 0, S_000000000286d860;
 .timescale -9 -10;
    .port_info 0 /OUTPUT 8 "HEX";
    .port_info 1 /INPUT 8 "NUM";
L_00000000028c91e0 .functor BUFZ 8, v00000000028c8300_0, C4<00000000>, C4<00000000>, C4<00000000>;
v00000000028c79a0_0 .net "HEX", 7 0, L_00000000028c91e0;  alias, 1 drivers
v00000000028c86c0_0 .net "NUM", 7 0, v00000000028ca2e0_0;  1 drivers
v00000000028c8300_0 .var "value", 7 0;
E_000000000287cea0 .event edge, v00000000028c86c0_0;
S_00000000028235b0 .scope module, "U2" "SevenSeg" 3 63, 5 1 0, S_000000000286d860;
 .timescale -9 -10;
    .port_info 0 /OUTPUT 8 "HEX";
    .port_info 1 /INPUT 8 "NUM";
L_00000000028c9e90 .functor BUFZ 8, v00000000028cb140_0, C4<00000000>, C4<00000000>, C4<00000000>;
v00000000028c8440_0 .net "HEX", 7 0, L_00000000028c9e90;  alias, 1 drivers
v00000000028c8d00_0 .net "NUM", 7 0, v00000000028ca420_0;  1 drivers
v00000000028cb140_0 .var "value", 7 0;
E_000000000287d220 .event edge, v00000000028c8d00_0;
S_0000000002828c90 .scope module, "U3" "SevenSeg" 3 94, 5 1 0, S_000000000286d860;
 .timescale -9 -10;
    .port_info 0 /OUTPUT 8 "HEX";
    .port_info 1 /INPUT 8 "NUM";
L_00000000028c9720 .functor BUFZ 8, v00000000028cad80_0, C4<00000000>, C4<00000000>, C4<00000000>;
v00000000028cbd20_0 .net "HEX", 7 0, L_00000000028c9720;  alias, 1 drivers
v00000000028cba00_0 .net "NUM", 7 0, v00000000028ca240_0;  1 drivers
v00000000028cad80_0 .var "value", 7 0;
E_000000000287cee0 .event edge, v00000000028cba00_0;
S_0000000002828e20 .scope module, "U4" "SevenSeg" 3 95, 5 1 0, S_000000000286d860;
 .timescale -9 -10;
    .port_info 0 /OUTPUT 8 "HEX";
    .port_info 1 /INPUT 8 "NUM";
L_00000000028c92c0 .functor BUFZ 8, v00000000028caa60_0, C4<00000000>, C4<00000000>, C4<00000000>;
v00000000028cbe60_0 .net "HEX", 7 0, L_00000000028c92c0;  alias, 1 drivers
v00000000028ca100_0 .net "NUM", 7 0, v00000000028ca4c0_0;  1 drivers
v00000000028caa60_0 .var "value", 7 0;
E_000000000287cba0 .event edge, v00000000028ca100_0;
S_00000000008b6790 .scope module, "U5" "SevenSeg" 3 162, 5 1 0, S_000000000286d860;
 .timescale -9 -10;
    .port_info 0 /OUTPUT 8 "HEX";
    .port_info 1 /INPUT 8 "NUM";
L_00000000028ce910 .functor BUFZ 8, v00000000028ca880_0, C4<00000000>, C4<00000000>, C4<00000000>;
v00000000028cac40_0 .net "HEX", 7 0, L_00000000028ce910;  alias, 1 drivers
v00000000028cb0a0_0 .net "NUM", 7 0, v00000000028ca380_0;  1 drivers
v00000000028ca880_0 .var "value", 7 0;
E_000000000287d7e0 .event edge, v00000000028cb0a0_0;
S_00000000008b6920 .scope module, "U6" "SevenSeg" 3 163, 5 1 0, S_000000000286d860;
 .timescale -9 -10;
    .port_info 0 /OUTPUT 8 "HEX";
    .port_info 1 /INPUT 8 "NUM";
L_00000000028ce3d0 .functor BUFZ 8, v00000000028cb1e0_0, C4<00000000>, C4<00000000>, C4<00000000>;
v00000000028cb3c0_0 .net "HEX", 7 0, L_00000000028ce3d0;  alias, 1 drivers
v00000000028cb640_0 .net "NUM", 7 0, v00000000028caba0_0;  1 drivers
v00000000028cb1e0_0 .var "value", 7 0;
E_000000000287cbe0 .event edge, v00000000028cb640_0;
S_000000000286d6d0 .scope module, "TB_Lab1_DB2" "TB_Lab1_DB2" 6 2;
 .timescale -9 -10;
v00000000028cc610_0 .var "HEX0", 7 0;
v00000000028cd290_0 .var "HEX1", 7 0;
v00000000028cdb50_0 .var "HEX2", 7 0;
v00000000028cc430_0 .var "HEX3", 7 0;
v00000000028cd5b0_0 .var "HEX4", 7 0;
v00000000028ccb10_0 .var "HEX5", 7 0;
v00000000028cdbf0_0 .var "KEY", 1 0;
v00000000028cc6b0_0 .var "SW", 7 0;
    .scope S_0000000002823420;
T_0 ;
    %wait E_000000000287cea0;
    %load/vec4 v00000000028c86c0_0;
    %dup/vec4;
    %pushi/vec4 0, 0, 8;
    %cmp/u;
    %jmp/1 T_0.0, 6;
    %dup/vec4;
    %pushi/vec4 1, 0, 8;
    %cmp/u;
    %jmp/1 T_0.1, 6;
    %dup/vec4;
    %pushi/vec4 2, 0, 8;
    %cmp/u;
    %jmp/1 T_0.2, 6;
    %dup/vec4;
    %pushi/vec4 3, 0, 8;
    %cmp/u;
    %jmp/1 T_0.3, 6;
    %dup/vec4;
    %pushi/vec4 4, 0, 8;
    %cmp/u;
    %jmp/1 T_0.4, 6;
    %dup/vec4;
    %pushi/vec4 5, 0, 8;
    %cmp/u;
    %jmp/1 T_0.5, 6;
    %dup/vec4;
    %pushi/vec4 6, 0, 8;
    %cmp/u;
    %jmp/1 T_0.6, 6;
    %dup/vec4;
    %pushi/vec4 7, 0, 8;
    %cmp/u;
    %jmp/1 T_0.7, 6;
    %dup/vec4;
    %pushi/vec4 8, 0, 8;
    %cmp/u;
    %jmp/1 T_0.8, 6;
    %dup/vec4;
    %pushi/vec4 9, 0, 8;
    %cmp/u;
    %jmp/1 T_0.9, 6;
    %dup/vec4;
    %pushi/vec4 10, 0, 8;
    %cmp/u;
    %jmp/1 T_0.10, 6;
    %dup/vec4;
    %pushi/vec4 11, 0, 8;
    %cmp/u;
    %jmp/1 T_0.11, 6;
    %dup/vec4;
    %pushi/vec4 12, 0, 8;
    %cmp/u;
    %jmp/1 T_0.12, 6;
    %dup/vec4;
    %pushi/vec4 13, 0, 8;
    %cmp/u;
    %jmp/1 T_0.13, 6;
    %dup/vec4;
    %pushi/vec4 14, 0, 8;
    %cmp/u;
    %jmp/1 T_0.14, 6;
    %dup/vec4;
    %pushi/vec4 15, 0, 8;
    %cmp/u;
    %jmp/1 T_0.15, 6;
    %dup/vec4;
    %pushi/vec4 88, 0, 8;
    %cmp/u;
    %jmp/1 T_0.16, 6;
    %dup/vec4;
    %pushi/vec4 99, 0, 8;
    %cmp/u;
    %jmp/1 T_0.17, 6;
    %jmp T_0.18;
T_0.0 ;
    %pushi/vec4 192, 0, 8;
    %store/vec4 v00000000028c8300_0, 0, 8;
    %jmp T_0.18;
T_0.1 ;
    %pushi/vec4 249, 0, 8;
    %store/vec4 v00000000028c8300_0, 0, 8;
    %jmp T_0.18;
T_0.2 ;
    %pushi/vec4 164, 0, 8;
    %store/vec4 v00000000028c8300_0, 0, 8;
    %jmp T_0.18;
T_0.3 ;
    %pushi/vec4 176, 0, 8;
    %store/vec4 v00000000028c8300_0, 0, 8;
    %jmp T_0.18;
T_0.4 ;
    %pushi/vec4 153, 0, 8;
    %store/vec4 v00000000028c8300_0, 0, 8;
    %jmp T_0.18;
T_0.5 ;
    %pushi/vec4 146, 0, 8;
    %store/vec4 v00000000028c8300_0, 0, 8;
    %jmp T_0.18;
T_0.6 ;
    %pushi/vec4 130, 0, 8;
    %store/vec4 v00000000028c8300_0, 0, 8;
    %jmp T_0.18;
T_0.7 ;
    %pushi/vec4 248, 0, 8;
    %store/vec4 v00000000028c8300_0, 0, 8;
    %jmp T_0.18;
T_0.8 ;
    %pushi/vec4 128, 0, 8;
    %store/vec4 v00000000028c8300_0, 0, 8;
    %jmp T_0.18;
T_0.9 ;
    %pushi/vec4 152, 0, 8;
    %store/vec4 v00000000028c8300_0, 0, 8;
    %jmp T_0.18;
T_0.10 ;
    %pushi/vec4 136, 0, 8;
    %store/vec4 v00000000028c8300_0, 0, 8;
    %jmp T_0.18;
T_0.11 ;
    %pushi/vec4 131, 0, 8;
    %store/vec4 v00000000028c8300_0, 0, 8;
    %jmp T_0.18;
T_0.12 ;
    %pushi/vec4 198, 0, 8;
    %store/vec4 v00000000028c8300_0, 0, 8;
    %jmp T_0.18;
T_0.13 ;
    %pushi/vec4 161, 0, 8;
    %store/vec4 v00000000028c8300_0, 0, 8;
    %jmp T_0.18;
T_0.14 ;
    %pushi/vec4 134, 0, 8;
    %store/vec4 v00000000028c8300_0, 0, 8;
    %jmp T_0.18;
T_0.15 ;
    %pushi/vec4 142, 0, 8;
    %store/vec4 v00000000028c8300_0, 0, 8;
    %jmp T_0.18;
T_0.16 ;
    %pushi/vec4 255, 0, 8;
    %store/vec4 v00000000028c8300_0, 0, 8;
    %jmp T_0.18;
T_0.17 ;
    %pushi/vec4 191, 0, 8;
    %store/vec4 v00000000028c8300_0, 0, 8;
    %jmp T_0.18;
T_0.18 ;
    %pop/vec4 1;
    %jmp T_0;
    .thread T_0, $push;
    .scope S_00000000028235b0;
T_1 ;
    %wait E_000000000287d220;
    %load/vec4 v00000000028c8d00_0;
    %dup/vec4;
    %pushi/vec4 0, 0, 8;
    %cmp/u;
    %jmp/1 T_1.0, 6;
    %dup/vec4;
    %pushi/vec4 1, 0, 8;
    %cmp/u;
    %jmp/1 T_1.1, 6;
    %dup/vec4;
    %pushi/vec4 2, 0, 8;
    %cmp/u;
    %jmp/1 T_1.2, 6;
    %dup/vec4;
    %pushi/vec4 3, 0, 8;
    %cmp/u;
    %jmp/1 T_1.3, 6;
    %dup/vec4;
    %pushi/vec4 4, 0, 8;
    %cmp/u;
    %jmp/1 T_1.4, 6;
    %dup/vec4;
    %pushi/vec4 5, 0, 8;
    %cmp/u;
    %jmp/1 T_1.5, 6;
    %dup/vec4;
    %pushi/vec4 6, 0, 8;
    %cmp/u;
    %jmp/1 T_1.6, 6;
    %dup/vec4;
    %pushi/vec4 7, 0, 8;
    %cmp/u;
    %jmp/1 T_1.7, 6;
    %dup/vec4;
    %pushi/vec4 8, 0, 8;
    %cmp/u;
    %jmp/1 T_1.8, 6;
    %dup/vec4;
    %pushi/vec4 9, 0, 8;
    %cmp/u;
    %jmp/1 T_1.9, 6;
    %dup/vec4;
    %pushi/vec4 10, 0, 8;
    %cmp/u;
    %jmp/1 T_1.10, 6;
    %dup/vec4;
    %pushi/vec4 11, 0, 8;
    %cmp/u;
    %jmp/1 T_1.11, 6;
    %dup/vec4;
    %pushi/vec4 12, 0, 8;
    %cmp/u;
    %jmp/1 T_1.12, 6;
    %dup/vec4;
    %pushi/vec4 13, 0, 8;
    %cmp/u;
    %jmp/1 T_1.13, 6;
    %dup/vec4;
    %pushi/vec4 14, 0, 8;
    %cmp/u;
    %jmp/1 T_1.14, 6;
    %dup/vec4;
    %pushi/vec4 15, 0, 8;
    %cmp/u;
    %jmp/1 T_1.15, 6;
    %dup/vec4;
    %pushi/vec4 88, 0, 8;
    %cmp/u;
    %jmp/1 T_1.16, 6;
    %dup/vec4;
    %pushi/vec4 99, 0, 8;
    %cmp/u;
    %jmp/1 T_1.17, 6;
    %jmp T_1.18;
T_1.0 ;
    %pushi/vec4 192, 0, 8;
    %store/vec4 v00000000028cb140_0, 0, 8;
    %jmp T_1.18;
T_1.1 ;
    %pushi/vec4 249, 0, 8;
    %store/vec4 v00000000028cb140_0, 0, 8;
    %jmp T_1.18;
T_1.2 ;
    %pushi/vec4 164, 0, 8;
    %store/vec4 v00000000028cb140_0, 0, 8;
    %jmp T_1.18;
T_1.3 ;
    %pushi/vec4 176, 0, 8;
    %store/vec4 v00000000028cb140_0, 0, 8;
    %jmp T_1.18;
T_1.4 ;
    %pushi/vec4 153, 0, 8;
    %store/vec4 v00000000028cb140_0, 0, 8;
    %jmp T_1.18;
T_1.5 ;
    %pushi/vec4 146, 0, 8;
    %store/vec4 v00000000028cb140_0, 0, 8;
    %jmp T_1.18;
T_1.6 ;
    %pushi/vec4 130, 0, 8;
    %store/vec4 v00000000028cb140_0, 0, 8;
    %jmp T_1.18;
T_1.7 ;
    %pushi/vec4 248, 0, 8;
    %store/vec4 v00000000028cb140_0, 0, 8;
    %jmp T_1.18;
T_1.8 ;
    %pushi/vec4 128, 0, 8;
    %store/vec4 v00000000028cb140_0, 0, 8;
    %jmp T_1.18;
T_1.9 ;
    %pushi/vec4 152, 0, 8;
    %store/vec4 v00000000028cb140_0, 0, 8;
    %jmp T_1.18;
T_1.10 ;
    %pushi/vec4 136, 0, 8;
    %store/vec4 v00000000028cb140_0, 0, 8;
    %jmp T_1.18;
T_1.11 ;
    %pushi/vec4 131, 0, 8;
    %store/vec4 v00000000028cb140_0, 0, 8;
    %jmp T_1.18;
T_1.12 ;
    %pushi/vec4 198, 0, 8;
    %store/vec4 v00000000028cb140_0, 0, 8;
    %jmp T_1.18;
T_1.13 ;
    %pushi/vec4 161, 0, 8;
    %store/vec4 v00000000028cb140_0, 0, 8;
    %jmp T_1.18;
T_1.14 ;
    %pushi/vec4 134, 0, 8;
    %store/vec4 v00000000028cb140_0, 0, 8;
    %jmp T_1.18;
T_1.15 ;
    %pushi/vec4 142, 0, 8;
    %store/vec4 v00000000028cb140_0, 0, 8;
    %jmp T_1.18;
T_1.16 ;
    %pushi/vec4 255, 0, 8;
    %store/vec4 v00000000028cb140_0, 0, 8;
    %jmp T_1.18;
T_1.17 ;
    %pushi/vec4 191, 0, 8;
    %store/vec4 v00000000028cb140_0, 0, 8;
    %jmp T_1.18;
T_1.18 ;
    %pop/vec4 1;
    %jmp T_1;
    .thread T_1, $push;
    .scope S_0000000002828c90;
T_2 ;
    %wait E_000000000287cee0;
    %load/vec4 v00000000028cba00_0;
    %dup/vec4;
    %pushi/vec4 0, 0, 8;
    %cmp/u;
    %jmp/1 T_2.0, 6;
    %dup/vec4;
    %pushi/vec4 1, 0, 8;
    %cmp/u;
    %jmp/1 T_2.1, 6;
    %dup/vec4;
    %pushi/vec4 2, 0, 8;
    %cmp/u;
    %jmp/1 T_2.2, 6;
    %dup/vec4;
    %pushi/vec4 3, 0, 8;
    %cmp/u;
    %jmp/1 T_2.3, 6;
    %dup/vec4;
    %pushi/vec4 4, 0, 8;
    %cmp/u;
    %jmp/1 T_2.4, 6;
    %dup/vec4;
    %pushi/vec4 5, 0, 8;
    %cmp/u;
    %jmp/1 T_2.5, 6;
    %dup/vec4;
    %pushi/vec4 6, 0, 8;
    %cmp/u;
    %jmp/1 T_2.6, 6;
    %dup/vec4;
    %pushi/vec4 7, 0, 8;
    %cmp/u;
    %jmp/1 T_2.7, 6;
    %dup/vec4;
    %pushi/vec4 8, 0, 8;
    %cmp/u;
    %jmp/1 T_2.8, 6;
    %dup/vec4;
    %pushi/vec4 9, 0, 8;
    %cmp/u;
    %jmp/1 T_2.9, 6;
    %dup/vec4;
    %pushi/vec4 10, 0, 8;
    %cmp/u;
    %jmp/1 T_2.10, 6;
    %dup/vec4;
    %pushi/vec4 11, 0, 8;
    %cmp/u;
    %jmp/1 T_2.11, 6;
    %dup/vec4;
    %pushi/vec4 12, 0, 8;
    %cmp/u;
    %jmp/1 T_2.12, 6;
    %dup/vec4;
    %pushi/vec4 13, 0, 8;
    %cmp/u;
    %jmp/1 T_2.13, 6;
    %dup/vec4;
    %pushi/vec4 14, 0, 8;
    %cmp/u;
    %jmp/1 T_2.14, 6;
    %dup/vec4;
    %pushi/vec4 15, 0, 8;
    %cmp/u;
    %jmp/1 T_2.15, 6;
    %dup/vec4;
    %pushi/vec4 88, 0, 8;
    %cmp/u;
    %jmp/1 T_2.16, 6;
    %dup/vec4;
    %pushi/vec4 99, 0, 8;
    %cmp/u;
    %jmp/1 T_2.17, 6;
    %jmp T_2.18;
T_2.0 ;
    %pushi/vec4 192, 0, 8;
    %store/vec4 v00000000028cad80_0, 0, 8;
    %jmp T_2.18;
T_2.1 ;
    %pushi/vec4 249, 0, 8;
    %store/vec4 v00000000028cad80_0, 0, 8;
    %jmp T_2.18;
T_2.2 ;
    %pushi/vec4 164, 0, 8;
    %store/vec4 v00000000028cad80_0, 0, 8;
    %jmp T_2.18;
T_2.3 ;
    %pushi/vec4 176, 0, 8;
    %store/vec4 v00000000028cad80_0, 0, 8;
    %jmp T_2.18;
T_2.4 ;
    %pushi/vec4 153, 0, 8;
    %store/vec4 v00000000028cad80_0, 0, 8;
    %jmp T_2.18;
T_2.5 ;
    %pushi/vec4 146, 0, 8;
    %store/vec4 v00000000028cad80_0, 0, 8;
    %jmp T_2.18;
T_2.6 ;
    %pushi/vec4 130, 0, 8;
    %store/vec4 v00000000028cad80_0, 0, 8;
    %jmp T_2.18;
T_2.7 ;
    %pushi/vec4 248, 0, 8;
    %store/vec4 v00000000028cad80_0, 0, 8;
    %jmp T_2.18;
T_2.8 ;
    %pushi/vec4 128, 0, 8;
    %store/vec4 v00000000028cad80_0, 0, 8;
    %jmp T_2.18;
T_2.9 ;
    %pushi/vec4 152, 0, 8;
    %store/vec4 v00000000028cad80_0, 0, 8;
    %jmp T_2.18;
T_2.10 ;
    %pushi/vec4 136, 0, 8;
    %store/vec4 v00000000028cad80_0, 0, 8;
    %jmp T_2.18;
T_2.11 ;
    %pushi/vec4 131, 0, 8;
    %store/vec4 v00000000028cad80_0, 0, 8;
    %jmp T_2.18;
T_2.12 ;
    %pushi/vec4 198, 0, 8;
    %store/vec4 v00000000028cad80_0, 0, 8;
    %jmp T_2.18;
T_2.13 ;
    %pushi/vec4 161, 0, 8;
    %store/vec4 v00000000028cad80_0, 0, 8;
    %jmp T_2.18;
T_2.14 ;
    %pushi/vec4 134, 0, 8;
    %store/vec4 v00000000028cad80_0, 0, 8;
    %jmp T_2.18;
T_2.15 ;
    %pushi/vec4 142, 0, 8;
    %store/vec4 v00000000028cad80_0, 0, 8;
    %jmp T_2.18;
T_2.16 ;
    %pushi/vec4 255, 0, 8;
    %store/vec4 v00000000028cad80_0, 0, 8;
    %jmp T_2.18;
T_2.17 ;
    %pushi/vec4 191, 0, 8;
    %store/vec4 v00000000028cad80_0, 0, 8;
    %jmp T_2.18;
T_2.18 ;
    %pop/vec4 1;
    %jmp T_2;
    .thread T_2, $push;
    .scope S_0000000002828e20;
T_3 ;
    %wait E_000000000287cba0;
    %load/vec4 v00000000028ca100_0;
    %dup/vec4;
    %pushi/vec4 0, 0, 8;
    %cmp/u;
    %jmp/1 T_3.0, 6;
    %dup/vec4;
    %pushi/vec4 1, 0, 8;
    %cmp/u;
    %jmp/1 T_3.1, 6;
    %dup/vec4;
    %pushi/vec4 2, 0, 8;
    %cmp/u;
    %jmp/1 T_3.2, 6;
    %dup/vec4;
    %pushi/vec4 3, 0, 8;
    %cmp/u;
    %jmp/1 T_3.3, 6;
    %dup/vec4;
    %pushi/vec4 4, 0, 8;
    %cmp/u;
    %jmp/1 T_3.4, 6;
    %dup/vec4;
    %pushi/vec4 5, 0, 8;
    %cmp/u;
    %jmp/1 T_3.5, 6;
    %dup/vec4;
    %pushi/vec4 6, 0, 8;
    %cmp/u;
    %jmp/1 T_3.6, 6;
    %dup/vec4;
    %pushi/vec4 7, 0, 8;
    %cmp/u;
    %jmp/1 T_3.7, 6;
    %dup/vec4;
    %pushi/vec4 8, 0, 8;
    %cmp/u;
    %jmp/1 T_3.8, 6;
    %dup/vec4;
    %pushi/vec4 9, 0, 8;
    %cmp/u;
    %jmp/1 T_3.9, 6;
    %dup/vec4;
    %pushi/vec4 10, 0, 8;
    %cmp/u;
    %jmp/1 T_3.10, 6;
    %dup/vec4;
    %pushi/vec4 11, 0, 8;
    %cmp/u;
    %jmp/1 T_3.11, 6;
    %dup/vec4;
    %pushi/vec4 12, 0, 8;
    %cmp/u;
    %jmp/1 T_3.12, 6;
    %dup/vec4;
    %pushi/vec4 13, 0, 8;
    %cmp/u;
    %jmp/1 T_3.13, 6;
    %dup/vec4;
    %pushi/vec4 14, 0, 8;
    %cmp/u;
    %jmp/1 T_3.14, 6;
    %dup/vec4;
    %pushi/vec4 15, 0, 8;
    %cmp/u;
    %jmp/1 T_3.15, 6;
    %dup/vec4;
    %pushi/vec4 88, 0, 8;
    %cmp/u;
    %jmp/1 T_3.16, 6;
    %dup/vec4;
    %pushi/vec4 99, 0, 8;
    %cmp/u;
    %jmp/1 T_3.17, 6;
    %jmp T_3.18;
T_3.0 ;
    %pushi/vec4 192, 0, 8;
    %store/vec4 v00000000028caa60_0, 0, 8;
    %jmp T_3.18;
T_3.1 ;
    %pushi/vec4 249, 0, 8;
    %store/vec4 v00000000028caa60_0, 0, 8;
    %jmp T_3.18;
T_3.2 ;
    %pushi/vec4 164, 0, 8;
    %store/vec4 v00000000028caa60_0, 0, 8;
    %jmp T_3.18;
T_3.3 ;
    %pushi/vec4 176, 0, 8;
    %store/vec4 v00000000028caa60_0, 0, 8;
    %jmp T_3.18;
T_3.4 ;
    %pushi/vec4 153, 0, 8;
    %store/vec4 v00000000028caa60_0, 0, 8;
    %jmp T_3.18;
T_3.5 ;
    %pushi/vec4 146, 0, 8;
    %store/vec4 v00000000028caa60_0, 0, 8;
    %jmp T_3.18;
T_3.6 ;
    %pushi/vec4 130, 0, 8;
    %store/vec4 v00000000028caa60_0, 0, 8;
    %jmp T_3.18;
T_3.7 ;
    %pushi/vec4 248, 0, 8;
    %store/vec4 v00000000028caa60_0, 0, 8;
    %jmp T_3.18;
T_3.8 ;
    %pushi/vec4 128, 0, 8;
    %store/vec4 v00000000028caa60_0, 0, 8;
    %jmp T_3.18;
T_3.9 ;
    %pushi/vec4 152, 0, 8;
    %store/vec4 v00000000028caa60_0, 0, 8;
    %jmp T_3.18;
T_3.10 ;
    %pushi/vec4 136, 0, 8;
    %store/vec4 v00000000028caa60_0, 0, 8;
    %jmp T_3.18;
T_3.11 ;
    %pushi/vec4 131, 0, 8;
    %store/vec4 v00000000028caa60_0, 0, 8;
    %jmp T_3.18;
T_3.12 ;
    %pushi/vec4 198, 0, 8;
    %store/vec4 v00000000028caa60_0, 0, 8;
    %jmp T_3.18;
T_3.13 ;
    %pushi/vec4 161, 0, 8;
    %store/vec4 v00000000028caa60_0, 0, 8;
    %jmp T_3.18;
T_3.14 ;
    %pushi/vec4 134, 0, 8;
    %store/vec4 v00000000028caa60_0, 0, 8;
    %jmp T_3.18;
T_3.15 ;
    %pushi/vec4 142, 0, 8;
    %store/vec4 v00000000028caa60_0, 0, 8;
    %jmp T_3.18;
T_3.16 ;
    %pushi/vec4 255, 0, 8;
    %store/vec4 v00000000028caa60_0, 0, 8;
    %jmp T_3.18;
T_3.17 ;
    %pushi/vec4 191, 0, 8;
    %store/vec4 v00000000028caa60_0, 0, 8;
    %jmp T_3.18;
T_3.18 ;
    %pop/vec4 1;
    %jmp T_3;
    .thread T_3, $push;
    .scope S_00000000008b6790;
T_4 ;
    %wait E_000000000287d7e0;
    %load/vec4 v00000000028cb0a0_0;
    %dup/vec4;
    %pushi/vec4 0, 0, 8;
    %cmp/u;
    %jmp/1 T_4.0, 6;
    %dup/vec4;
    %pushi/vec4 1, 0, 8;
    %cmp/u;
    %jmp/1 T_4.1, 6;
    %dup/vec4;
    %pushi/vec4 2, 0, 8;
    %cmp/u;
    %jmp/1 T_4.2, 6;
    %dup/vec4;
    %pushi/vec4 3, 0, 8;
    %cmp/u;
    %jmp/1 T_4.3, 6;
    %dup/vec4;
    %pushi/vec4 4, 0, 8;
    %cmp/u;
    %jmp/1 T_4.4, 6;
    %dup/vec4;
    %pushi/vec4 5, 0, 8;
    %cmp/u;
    %jmp/1 T_4.5, 6;
    %dup/vec4;
    %pushi/vec4 6, 0, 8;
    %cmp/u;
    %jmp/1 T_4.6, 6;
    %dup/vec4;
    %pushi/vec4 7, 0, 8;
    %cmp/u;
    %jmp/1 T_4.7, 6;
    %dup/vec4;
    %pushi/vec4 8, 0, 8;
    %cmp/u;
    %jmp/1 T_4.8, 6;
    %dup/vec4;
    %pushi/vec4 9, 0, 8;
    %cmp/u;
    %jmp/1 T_4.9, 6;
    %dup/vec4;
    %pushi/vec4 10, 0, 8;
    %cmp/u;
    %jmp/1 T_4.10, 6;
    %dup/vec4;
    %pushi/vec4 11, 0, 8;
    %cmp/u;
    %jmp/1 T_4.11, 6;
    %dup/vec4;
    %pushi/vec4 12, 0, 8;
    %cmp/u;
    %jmp/1 T_4.12, 6;
    %dup/vec4;
    %pushi/vec4 13, 0, 8;
    %cmp/u;
    %jmp/1 T_4.13, 6;
    %dup/vec4;
    %pushi/vec4 14, 0, 8;
    %cmp/u;
    %jmp/1 T_4.14, 6;
    %dup/vec4;
    %pushi/vec4 15, 0, 8;
    %cmp/u;
    %jmp/1 T_4.15, 6;
    %dup/vec4;
    %pushi/vec4 88, 0, 8;
    %cmp/u;
    %jmp/1 T_4.16, 6;
    %dup/vec4;
    %pushi/vec4 99, 0, 8;
    %cmp/u;
    %jmp/1 T_4.17, 6;
    %jmp T_4.18;
T_4.0 ;
    %pushi/vec4 192, 0, 8;
    %store/vec4 v00000000028ca880_0, 0, 8;
    %jmp T_4.18;
T_4.1 ;
    %pushi/vec4 249, 0, 8;
    %store/vec4 v00000000028ca880_0, 0, 8;
    %jmp T_4.18;
T_4.2 ;
    %pushi/vec4 164, 0, 8;
    %store/vec4 v00000000028ca880_0, 0, 8;
    %jmp T_4.18;
T_4.3 ;
    %pushi/vec4 176, 0, 8;
    %store/vec4 v00000000028ca880_0, 0, 8;
    %jmp T_4.18;
T_4.4 ;
    %pushi/vec4 153, 0, 8;
    %store/vec4 v00000000028ca880_0, 0, 8;
    %jmp T_4.18;
T_4.5 ;
    %pushi/vec4 146, 0, 8;
    %store/vec4 v00000000028ca880_0, 0, 8;
    %jmp T_4.18;
T_4.6 ;
    %pushi/vec4 130, 0, 8;
    %store/vec4 v00000000028ca880_0, 0, 8;
    %jmp T_4.18;
T_4.7 ;
    %pushi/vec4 248, 0, 8;
    %store/vec4 v00000000028ca880_0, 0, 8;
    %jmp T_4.18;
T_4.8 ;
    %pushi/vec4 128, 0, 8;
    %store/vec4 v00000000028ca880_0, 0, 8;
    %jmp T_4.18;
T_4.9 ;
    %pushi/vec4 152, 0, 8;
    %store/vec4 v00000000028ca880_0, 0, 8;
    %jmp T_4.18;
T_4.10 ;
    %pushi/vec4 136, 0, 8;
    %store/vec4 v00000000028ca880_0, 0, 8;
    %jmp T_4.18;
T_4.11 ;
    %pushi/vec4 131, 0, 8;
    %store/vec4 v00000000028ca880_0, 0, 8;
    %jmp T_4.18;
T_4.12 ;
    %pushi/vec4 198, 0, 8;
    %store/vec4 v00000000028ca880_0, 0, 8;
    %jmp T_4.18;
T_4.13 ;
    %pushi/vec4 161, 0, 8;
    %store/vec4 v00000000028ca880_0, 0, 8;
    %jmp T_4.18;
T_4.14 ;
    %pushi/vec4 134, 0, 8;
    %store/vec4 v00000000028ca880_0, 0, 8;
    %jmp T_4.18;
T_4.15 ;
    %pushi/vec4 142, 0, 8;
    %store/vec4 v00000000028ca880_0, 0, 8;
    %jmp T_4.18;
T_4.16 ;
    %pushi/vec4 255, 0, 8;
    %store/vec4 v00000000028ca880_0, 0, 8;
    %jmp T_4.18;
T_4.17 ;
    %pushi/vec4 191, 0, 8;
    %store/vec4 v00000000028ca880_0, 0, 8;
    %jmp T_4.18;
T_4.18 ;
    %pop/vec4 1;
    %jmp T_4;
    .thread T_4, $push;
    .scope S_00000000008b6920;
T_5 ;
    %wait E_000000000287cbe0;
    %load/vec4 v00000000028cb640_0;
    %dup/vec4;
    %pushi/vec4 0, 0, 8;
    %cmp/u;
    %jmp/1 T_5.0, 6;
    %dup/vec4;
    %pushi/vec4 1, 0, 8;
    %cmp/u;
    %jmp/1 T_5.1, 6;
    %dup/vec4;
    %pushi/vec4 2, 0, 8;
    %cmp/u;
    %jmp/1 T_5.2, 6;
    %dup/vec4;
    %pushi/vec4 3, 0, 8;
    %cmp/u;
    %jmp/1 T_5.3, 6;
    %dup/vec4;
    %pushi/vec4 4, 0, 8;
    %cmp/u;
    %jmp/1 T_5.4, 6;
    %dup/vec4;
    %pushi/vec4 5, 0, 8;
    %cmp/u;
    %jmp/1 T_5.5, 6;
    %dup/vec4;
    %pushi/vec4 6, 0, 8;
    %cmp/u;
    %jmp/1 T_5.6, 6;
    %dup/vec4;
    %pushi/vec4 7, 0, 8;
    %cmp/u;
    %jmp/1 T_5.7, 6;
    %dup/vec4;
    %pushi/vec4 8, 0, 8;
    %cmp/u;
    %jmp/1 T_5.8, 6;
    %dup/vec4;
    %pushi/vec4 9, 0, 8;
    %cmp/u;
    %jmp/1 T_5.9, 6;
    %dup/vec4;
    %pushi/vec4 10, 0, 8;
    %cmp/u;
    %jmp/1 T_5.10, 6;
    %dup/vec4;
    %pushi/vec4 11, 0, 8;
    %cmp/u;
    %jmp/1 T_5.11, 6;
    %dup/vec4;
    %pushi/vec4 12, 0, 8;
    %cmp/u;
    %jmp/1 T_5.12, 6;
    %dup/vec4;
    %pushi/vec4 13, 0, 8;
    %cmp/u;
    %jmp/1 T_5.13, 6;
    %dup/vec4;
    %pushi/vec4 14, 0, 8;
    %cmp/u;
    %jmp/1 T_5.14, 6;
    %dup/vec4;
    %pushi/vec4 15, 0, 8;
    %cmp/u;
    %jmp/1 T_5.15, 6;
    %dup/vec4;
    %pushi/vec4 88, 0, 8;
    %cmp/u;
    %jmp/1 T_5.16, 6;
    %dup/vec4;
    %pushi/vec4 99, 0, 8;
    %cmp/u;
    %jmp/1 T_5.17, 6;
    %jmp T_5.18;
T_5.0 ;
    %pushi/vec4 192, 0, 8;
    %store/vec4 v00000000028cb1e0_0, 0, 8;
    %jmp T_5.18;
T_5.1 ;
    %pushi/vec4 249, 0, 8;
    %store/vec4 v00000000028cb1e0_0, 0, 8;
    %jmp T_5.18;
T_5.2 ;
    %pushi/vec4 164, 0, 8;
    %store/vec4 v00000000028cb1e0_0, 0, 8;
    %jmp T_5.18;
T_5.3 ;
    %pushi/vec4 176, 0, 8;
    %store/vec4 v00000000028cb1e0_0, 0, 8;
    %jmp T_5.18;
T_5.4 ;
    %pushi/vec4 153, 0, 8;
    %store/vec4 v00000000028cb1e0_0, 0, 8;
    %jmp T_5.18;
T_5.5 ;
    %pushi/vec4 146, 0, 8;
    %store/vec4 v00000000028cb1e0_0, 0, 8;
    %jmp T_5.18;
T_5.6 ;
    %pushi/vec4 130, 0, 8;
    %store/vec4 v00000000028cb1e0_0, 0, 8;
    %jmp T_5.18;
T_5.7 ;
    %pushi/vec4 248, 0, 8;
    %store/vec4 v00000000028cb1e0_0, 0, 8;
    %jmp T_5.18;
T_5.8 ;
    %pushi/vec4 128, 0, 8;
    %store/vec4 v00000000028cb1e0_0, 0, 8;
    %jmp T_5.18;
T_5.9 ;
    %pushi/vec4 152, 0, 8;
    %store/vec4 v00000000028cb1e0_0, 0, 8;
    %jmp T_5.18;
T_5.10 ;
    %pushi/vec4 136, 0, 8;
    %store/vec4 v00000000028cb1e0_0, 0, 8;
    %jmp T_5.18;
T_5.11 ;
    %pushi/vec4 131, 0, 8;
    %store/vec4 v00000000028cb1e0_0, 0, 8;
    %jmp T_5.18;
T_5.12 ;
    %pushi/vec4 198, 0, 8;
    %store/vec4 v00000000028cb1e0_0, 0, 8;
    %jmp T_5.18;
T_5.13 ;
    %pushi/vec4 161, 0, 8;
    %store/vec4 v00000000028cb1e0_0, 0, 8;
    %jmp T_5.18;
T_5.14 ;
    %pushi/vec4 134, 0, 8;
    %store/vec4 v00000000028cb1e0_0, 0, 8;
    %jmp T_5.18;
T_5.15 ;
    %pushi/vec4 142, 0, 8;
    %store/vec4 v00000000028cb1e0_0, 0, 8;
    %jmp T_5.18;
T_5.16 ;
    %pushi/vec4 255, 0, 8;
    %store/vec4 v00000000028cb1e0_0, 0, 8;
    %jmp T_5.18;
T_5.17 ;
    %pushi/vec4 191, 0, 8;
    %store/vec4 v00000000028cb1e0_0, 0, 8;
    %jmp T_5.18;
T_5.18 ;
    %pop/vec4 1;
    %jmp T_5;
    .thread T_5, $push;
    .scope S_000000000286d860;
T_6 ;
    %wait E_000000000287cf60;
    %load/vec4 v00000000028ca060_0;
    %parti/s 1, 3, 3;
    %pad/u 32;
    %cmpi/e 0, 0, 32;
    %jmp/0xz  T_6.0, 4;
    %pushi/vec4 88, 0, 8;
    %store/vec4 v00000000028ca420_0, 0, 8;
    %jmp T_6.1;
T_6.0 ;
    %load/vec4 v00000000028ca060_0;
    %parti/s 1, 3, 3;
    %pad/u 32;
    %cmpi/e 1, 0, 32;
    %jmp/0xz  T_6.2, 4;
    %pushi/vec4 99, 0, 8;
    %store/vec4 v00000000028ca420_0, 0, 8;
T_6.2 ;
T_6.1 ;
    %load/vec4 v00000000028ca060_0;
    %dup/vec4;
    %pushi/vec4 0, 0, 4;
    %cmp/u;
    %jmp/1 T_6.4, 6;
    %dup/vec4;
    %pushi/vec4 1, 0, 4;
    %cmp/u;
    %jmp/1 T_6.5, 6;
    %dup/vec4;
    %pushi/vec4 2, 0, 4;
    %cmp/u;
    %jmp/1 T_6.6, 6;
    %dup/vec4;
    %pushi/vec4 3, 0, 4;
    %cmp/u;
    %jmp/1 T_6.7, 6;
    %dup/vec4;
    %pushi/vec4 4, 0, 4;
    %cmp/u;
    %jmp/1 T_6.8, 6;
    %dup/vec4;
    %pushi/vec4 5, 0, 4;
    %cmp/u;
    %jmp/1 T_6.9, 6;
    %dup/vec4;
    %pushi/vec4 6, 0, 4;
    %cmp/u;
    %jmp/1 T_6.10, 6;
    %dup/vec4;
    %pushi/vec4 7, 0, 4;
    %cmp/u;
    %jmp/1 T_6.11, 6;
    %dup/vec4;
    %pushi/vec4 15, 0, 4;
    %cmp/u;
    %jmp/1 T_6.12, 6;
    %dup/vec4;
    %pushi/vec4 14, 0, 4;
    %cmp/u;
    %jmp/1 T_6.13, 6;
    %dup/vec4;
    %pushi/vec4 13, 0, 4;
    %cmp/u;
    %jmp/1 T_6.14, 6;
    %dup/vec4;
    %pushi/vec4 12, 0, 4;
    %cmp/u;
    %jmp/1 T_6.15, 6;
    %dup/vec4;
    %pushi/vec4 11, 0, 4;
    %cmp/u;
    %jmp/1 T_6.16, 6;
    %dup/vec4;
    %pushi/vec4 10, 0, 4;
    %cmp/u;
    %jmp/1 T_6.17, 6;
    %dup/vec4;
    %pushi/vec4 9, 0, 4;
    %cmp/u;
    %jmp/1 T_6.18, 6;
    %dup/vec4;
    %pushi/vec4 8, 0, 4;
    %cmp/u;
    %jmp/1 T_6.19, 6;
    %jmp T_6.20;
T_6.4 ;
    %pushi/vec4 0, 0, 8;
    %store/vec4 v00000000028ca2e0_0, 0, 8;
    %jmp T_6.20;
T_6.5 ;
    %pushi/vec4 1, 0, 8;
    %store/vec4 v00000000028ca2e0_0, 0, 8;
    %jmp T_6.20;
T_6.6 ;
    %pushi/vec4 2, 0, 8;
    %store/vec4 v00000000028ca2e0_0, 0, 8;
    %jmp T_6.20;
T_6.7 ;
    %pushi/vec4 3, 0, 8;
    %store/vec4 v00000000028ca2e0_0, 0, 8;
    %jmp T_6.20;
T_6.8 ;
    %pushi/vec4 4, 0, 8;
    %store/vec4 v00000000028ca2e0_0, 0, 8;
    %jmp T_6.20;
T_6.9 ;
    %pushi/vec4 5, 0, 8;
    %store/vec4 v00000000028ca2e0_0, 0, 8;
    %jmp T_6.20;
T_6.10 ;
    %pushi/vec4 6, 0, 8;
    %store/vec4 v00000000028ca2e0_0, 0, 8;
    %jmp T_6.20;
T_6.11 ;
    %pushi/vec4 7, 0, 8;
    %store/vec4 v00000000028ca2e0_0, 0, 8;
    %jmp T_6.20;
T_6.12 ;
    %pushi/vec4 1, 0, 8;
    %store/vec4 v00000000028ca2e0_0, 0, 8;
    %jmp T_6.20;
T_6.13 ;
    %pushi/vec4 2, 0, 8;
    %store/vec4 v00000000028ca2e0_0, 0, 8;
    %jmp T_6.20;
T_6.14 ;
    %pushi/vec4 3, 0, 8;
    %store/vec4 v00000000028ca2e0_0, 0, 8;
    %jmp T_6.20;
T_6.15 ;
    %pushi/vec4 4, 0, 8;
    %store/vec4 v00000000028ca2e0_0, 0, 8;
    %jmp T_6.20;
T_6.16 ;
    %pushi/vec4 5, 0, 8;
    %store/vec4 v00000000028ca2e0_0, 0, 8;
    %jmp T_6.20;
T_6.17 ;
    %pushi/vec4 6, 0, 8;
    %store/vec4 v00000000028ca2e0_0, 0, 8;
    %jmp T_6.20;
T_6.18 ;
    %pushi/vec4 7, 0, 8;
    %store/vec4 v00000000028ca2e0_0, 0, 8;
    %jmp T_6.20;
T_6.19 ;
    %pushi/vec4 8, 0, 8;
    %store/vec4 v00000000028ca2e0_0, 0, 8;
    %jmp T_6.20;
T_6.20 ;
    %pop/vec4 1;
    %jmp T_6;
    .thread T_6, $push;
    .scope S_000000000286d860;
T_7 ;
    %wait E_000000000287d3e0;
    %load/vec4 v00000000028ca9c0_0;
    %parti/s 1, 3, 3;
    %pad/u 32;
    %cmpi/e 0, 0, 32;
    %jmp/0xz  T_7.0, 4;
    %pushi/vec4 88, 0, 8;
    %store/vec4 v00000000028ca4c0_0, 0, 8;
    %jmp T_7.1;
T_7.0 ;
    %load/vec4 v00000000028ca9c0_0;
    %parti/s 1, 3, 3;
    %pad/u 32;
    %cmpi/e 1, 0, 32;
    %jmp/0xz  T_7.2, 4;
    %pushi/vec4 99, 0, 8;
    %store/vec4 v00000000028ca4c0_0, 0, 8;
T_7.2 ;
T_7.1 ;
    %load/vec4 v00000000028ca9c0_0;
    %dup/vec4;
    %pushi/vec4 0, 0, 4;
    %cmp/u;
    %jmp/1 T_7.4, 6;
    %dup/vec4;
    %pushi/vec4 1, 0, 4;
    %cmp/u;
    %jmp/1 T_7.5, 6;
    %dup/vec4;
    %pushi/vec4 2, 0, 4;
    %cmp/u;
    %jmp/1 T_7.6, 6;
    %dup/vec4;
    %pushi/vec4 3, 0, 4;
    %cmp/u;
    %jmp/1 T_7.7, 6;
    %dup/vec4;
    %pushi/vec4 4, 0, 4;
    %cmp/u;
    %jmp/1 T_7.8, 6;
    %dup/vec4;
    %pushi/vec4 5, 0, 4;
    %cmp/u;
    %jmp/1 T_7.9, 6;
    %dup/vec4;
    %pushi/vec4 6, 0, 4;
    %cmp/u;
    %jmp/1 T_7.10, 6;
    %dup/vec4;
    %pushi/vec4 7, 0, 4;
    %cmp/u;
    %jmp/1 T_7.11, 6;
    %dup/vec4;
    %pushi/vec4 15, 0, 4;
    %cmp/u;
    %jmp/1 T_7.12, 6;
    %dup/vec4;
    %pushi/vec4 14, 0, 4;
    %cmp/u;
    %jmp/1 T_7.13, 6;
    %dup/vec4;
    %pushi/vec4 13, 0, 4;
    %cmp/u;
    %jmp/1 T_7.14, 6;
    %dup/vec4;
    %pushi/vec4 12, 0, 4;
    %cmp/u;
    %jmp/1 T_7.15, 6;
    %dup/vec4;
    %pushi/vec4 11, 0, 4;
    %cmp/u;
    %jmp/1 T_7.16, 6;
    %dup/vec4;
    %pushi/vec4 10, 0, 4;
    %cmp/u;
    %jmp/1 T_7.17, 6;
    %dup/vec4;
    %pushi/vec4 9, 0, 4;
    %cmp/u;
    %jmp/1 T_7.18, 6;
    %dup/vec4;
    %pushi/vec4 8, 0, 4;
    %cmp/u;
    %jmp/1 T_7.19, 6;
    %jmp T_7.20;
T_7.4 ;
    %pushi/vec4 0, 0, 8;
    %store/vec4 v00000000028ca240_0, 0, 8;
    %jmp T_7.20;
T_7.5 ;
    %pushi/vec4 1, 0, 8;
    %store/vec4 v00000000028ca240_0, 0, 8;
    %jmp T_7.20;
T_7.6 ;
    %pushi/vec4 2, 0, 8;
    %store/vec4 v00000000028ca240_0, 0, 8;
    %jmp T_7.20;
T_7.7 ;
    %pushi/vec4 3, 0, 8;
    %store/vec4 v00000000028ca240_0, 0, 8;
    %jmp T_7.20;
T_7.8 ;
    %pushi/vec4 4, 0, 8;
    %store/vec4 v00000000028ca240_0, 0, 8;
    %jmp T_7.20;
T_7.9 ;
    %pushi/vec4 5, 0, 8;
    %store/vec4 v00000000028ca240_0, 0, 8;
    %jmp T_7.20;
T_7.10 ;
    %pushi/vec4 6, 0, 8;
    %store/vec4 v00000000028ca240_0, 0, 8;
    %jmp T_7.20;
T_7.11 ;
    %pushi/vec4 7, 0, 8;
    %store/vec4 v00000000028ca240_0, 0, 8;
    %jmp T_7.20;
T_7.12 ;
    %pushi/vec4 1, 0, 8;
    %store/vec4 v00000000028ca240_0, 0, 8;
    %jmp T_7.20;
T_7.13 ;
    %pushi/vec4 2, 0, 8;
    %store/vec4 v00000000028ca240_0, 0, 8;
    %jmp T_7.20;
T_7.14 ;
    %pushi/vec4 3, 0, 8;
    %store/vec4 v00000000028ca240_0, 0, 8;
    %jmp T_7.20;
T_7.15 ;
    %pushi/vec4 4, 0, 8;
    %store/vec4 v00000000028ca240_0, 0, 8;
    %jmp T_7.20;
T_7.16 ;
    %pushi/vec4 5, 0, 8;
    %store/vec4 v00000000028ca240_0, 0, 8;
    %jmp T_7.20;
T_7.17 ;
    %pushi/vec4 6, 0, 8;
    %store/vec4 v00000000028ca240_0, 0, 8;
    %jmp T_7.20;
T_7.18 ;
    %pushi/vec4 7, 0, 8;
    %store/vec4 v00000000028ca240_0, 0, 8;
    %jmp T_7.20;
T_7.19 ;
    %pushi/vec4 8, 0, 8;
    %store/vec4 v00000000028ca240_0, 0, 8;
    %jmp T_7.20;
T_7.20 ;
    %pop/vec4 1;
    %jmp T_7;
    .thread T_7, $push;
    .scope S_000000000286d860;
T_8 ;
    %wait E_000000000287d360;
    %load/vec4 v00000000028cb5a0_0;
    %parti/s 1, 3, 3;
    %load/vec4 v00000000028cb5a0_0;
    %parti/s 1, 4, 4;
    %xor;
    %flag_set/vec4 8;
    %jmp/0xz  T_8.0, 8;
    %pushi/vec4 0, 0, 8;
    %store/vec4 v00000000028caba0_0, 0, 8;
    %pushi/vec4 15, 0, 8;
    %store/vec4 v00000000028ca380_0, 0, 8;
    %jmp T_8.1;
T_8.0 ;
    %load/vec4 v00000000028ca6a0_0;
    %parti/s 1, 3, 3;
    %pad/u 32;
    %cmpi/e 0, 0, 32;
    %jmp/0xz  T_8.2, 4;
    %pushi/vec4 88, 0, 8;
    %store/vec4 v00000000028caba0_0, 0, 8;
    %jmp T_8.3;
T_8.2 ;
    %load/vec4 v00000000028ca6a0_0;
    %parti/s 1, 3, 3;
    %pad/u 32;
    %cmpi/e 1, 0, 32;
    %jmp/0xz  T_8.4, 4;
    %pushi/vec4 99, 0, 8;
    %store/vec4 v00000000028caba0_0, 0, 8;
T_8.4 ;
T_8.3 ;
    %load/vec4 v00000000028ca6a0_0;
    %dup/vec4;
    %pushi/vec4 0, 0, 4;
    %cmp/u;
    %jmp/1 T_8.6, 6;
    %dup/vec4;
    %pushi/vec4 1, 0, 4;
    %cmp/u;
    %jmp/1 T_8.7, 6;
    %dup/vec4;
    %pushi/vec4 2, 0, 4;
    %cmp/u;
    %jmp/1 T_8.8, 6;
    %dup/vec4;
    %pushi/vec4 3, 0, 4;
    %cmp/u;
    %jmp/1 T_8.9, 6;
    %dup/vec4;
    %pushi/vec4 4, 0, 4;
    %cmp/u;
    %jmp/1 T_8.10, 6;
    %dup/vec4;
    %pushi/vec4 5, 0, 4;
    %cmp/u;
    %jmp/1 T_8.11, 6;
    %dup/vec4;
    %pushi/vec4 6, 0, 4;
    %cmp/u;
    %jmp/1 T_8.12, 6;
    %dup/vec4;
    %pushi/vec4 7, 0, 4;
    %cmp/u;
    %jmp/1 T_8.13, 6;
    %dup/vec4;
    %pushi/vec4 15, 0, 4;
    %cmp/u;
    %jmp/1 T_8.14, 6;
    %dup/vec4;
    %pushi/vec4 14, 0, 4;
    %cmp/u;
    %jmp/1 T_8.15, 6;
    %dup/vec4;
    %pushi/vec4 13, 0, 4;
    %cmp/u;
    %jmp/1 T_8.16, 6;
    %dup/vec4;
    %pushi/vec4 12, 0, 4;
    %cmp/u;
    %jmp/1 T_8.17, 6;
    %dup/vec4;
    %pushi/vec4 11, 0, 4;
    %cmp/u;
    %jmp/1 T_8.18, 6;
    %dup/vec4;
    %pushi/vec4 10, 0, 4;
    %cmp/u;
    %jmp/1 T_8.19, 6;
    %dup/vec4;
    %pushi/vec4 9, 0, 4;
    %cmp/u;
    %jmp/1 T_8.20, 6;
    %dup/vec4;
    %pushi/vec4 8, 0, 4;
    %cmp/u;
    %jmp/1 T_8.21, 6;
    %jmp T_8.22;
T_8.6 ;
    %pushi/vec4 0, 0, 8;
    %store/vec4 v00000000028ca380_0, 0, 8;
    %jmp T_8.22;
T_8.7 ;
    %pushi/vec4 1, 0, 8;
    %store/vec4 v00000000028ca380_0, 0, 8;
    %jmp T_8.22;
T_8.8 ;
    %pushi/vec4 2, 0, 8;
    %store/vec4 v00000000028ca380_0, 0, 8;
    %jmp T_8.22;
T_8.9 ;
    %pushi/vec4 3, 0, 8;
    %store/vec4 v00000000028ca380_0, 0, 8;
    %jmp T_8.22;
T_8.10 ;
    %pushi/vec4 4, 0, 8;
    %store/vec4 v00000000028ca380_0, 0, 8;
    %jmp T_8.22;
T_8.11 ;
    %pushi/vec4 5, 0, 8;
    %store/vec4 v00000000028ca380_0, 0, 8;
    %jmp T_8.22;
T_8.12 ;
    %pushi/vec4 6, 0, 8;
    %store/vec4 v00000000028ca380_0, 0, 8;
    %jmp T_8.22;
T_8.13 ;
    %pushi/vec4 7, 0, 8;
    %store/vec4 v00000000028ca380_0, 0, 8;
    %jmp T_8.22;
T_8.14 ;
    %pushi/vec4 1, 0, 8;
    %store/vec4 v00000000028ca380_0, 0, 8;
    %jmp T_8.22;
T_8.15 ;
    %pushi/vec4 2, 0, 8;
    %store/vec4 v00000000028ca380_0, 0, 8;
    %jmp T_8.22;
T_8.16 ;
    %pushi/vec4 3, 0, 8;
    %store/vec4 v00000000028ca380_0, 0, 8;
    %jmp T_8.22;
T_8.17 ;
    %pushi/vec4 4, 0, 8;
    %store/vec4 v00000000028ca380_0, 0, 8;
    %jmp T_8.22;
T_8.18 ;
    %pushi/vec4 5, 0, 8;
    %store/vec4 v00000000028ca380_0, 0, 8;
    %jmp T_8.22;
T_8.19 ;
    %pushi/vec4 6, 0, 8;
    %store/vec4 v00000000028ca380_0, 0, 8;
    %jmp T_8.22;
T_8.20 ;
    %pushi/vec4 7, 0, 8;
    %store/vec4 v00000000028ca380_0, 0, 8;
    %jmp T_8.22;
T_8.21 ;
    %pushi/vec4 8, 0, 8;
    %store/vec4 v00000000028ca380_0, 0, 8;
    %jmp T_8.22;
T_8.22 ;
    %pop/vec4 1;
T_8.1 ;
    %jmp T_8;
    .thread T_8, $push;
    .scope S_000000000286d6d0;
T_9 ;
    %vpi_call 6 15 "$dumpfile", "output.vcd" {0 0 0};
    %vpi_call 6 16 "$dumpvars" {0 0 0};
    %vpi_call 6 17 "$display", " << Starting simulation >>" {0 0 0};
    %pushi/vec4 52, 0, 8;
    %store/vec4 v00000000028cc6b0_0, 0, 8;
    %delay 100, 0;
    %load/vec4 v00000000028cc610_0;
    %cmpi/ne 248, 0, 8;
    %jmp/0xz  T_9.0, 4;
    %vpi_call 6 21 "$display", "ERROR: HEX0 value not 7" {0 0 0};
T_9.0 ;
    %delay 100, 0;
    %load/vec4 v00000000028cd290_0;
    %cmpi/ne 255, 0, 8;
    %jmp/0xz  T_9.2, 4;
    %vpi_call 6 23 "$display", "ERROR: HEX0 value not BLANK" {0 0 0};
T_9.2 ;
    %delay 100, 0;
    %load/vec4 v00000000028cdb50_0;
    %cmpi/ne 153, 0, 8;
    %jmp/0xz  T_9.4, 4;
    %vpi_call 6 25 "$display", "ERROR: HEX1 value not 4" {0 0 0};
T_9.4 ;
    %delay 100, 0;
    %load/vec4 v00000000028cc430_0;
    %cmpi/ne 255, 0, 8;
    %jmp/0xz  T_9.6, 4;
    %vpi_call 6 27 "$display", "ERROR: HEX0 value not BLANK" {0 0 0};
T_9.6 ;
    %delay 100, 0;
    %load/vec4 v00000000028cd5b0_0;
    %cmpi/ne 176, 0, 8;
    %jmp/0xz  T_9.8, 4;
    %vpi_call 6 29 "$display", "ERROR: HEX1 value not 3" {0 0 0};
T_9.8 ;
    %delay 100, 0;
    %load/vec4 v00000000028ccb10_0;
    %cmpi/ne 255, 0, 8;
    %jmp/0xz  T_9.10, 4;
    %vpi_call 6 31 "$display", "ERROR: HEX0 value not BLANK" {0 0 0};
T_9.10 ;
    %delay 100, 0;
    %pushi/vec4 1, 0, 1;
    %ix/load 4, 0, 0;
    %flag_set/imm 4, 0;
    %store/vec4 v00000000028cdbf0_0, 4, 1;
    %delay 100, 0;
    %load/vec4 v00000000028cc610_0;
    %cmpi/ne 249, 0, 8;
    %jmp/0xz  T_9.12, 4;
    %vpi_call 6 34 "$display", "ERROR: HEX0 value not 1" {0 0 0};
T_9.12 ;
    %delay 100, 0;
    %load/vec4 v00000000028cd290_0;
    %cmpi/ne 191, 0, 8;
    %jmp/0xz  T_9.14, 4;
    %vpi_call 6 36 "$display", "ERROR: HEX0 value not -" {0 0 0};
T_9.14 ;
    %pushi/vec4 82, 0, 8;
    %store/vec4 v00000000028cc6b0_0, 0, 8;
    %delay 100, 0;
    %load/vec4 v00000000028cc610_0;
    %cmpi/ne 248, 0, 8;
    %jmp/0xz  T_9.16, 4;
    %vpi_call 6 40 "$display", "ERROR: HEX0 value not 7" {0 0 0};
T_9.16 ;
    %delay 100, 0;
    %load/vec4 v00000000028cd290_0;
    %cmpi/ne 255, 0, 8;
    %jmp/0xz  T_9.18, 4;
    %vpi_call 6 42 "$display", "ERROR: HEX0 value not BLANK" {0 0 0};
T_9.18 ;
    %delay 100, 0;
    %load/vec4 v00000000028cdb50_0;
    %cmpi/ne 164, 0, 8;
    %jmp/0xz  T_9.20, 4;
    %vpi_call 6 44 "$display", "ERROR: HEX1 value not 2" {0 0 0};
T_9.20 ;
    %delay 100, 0;
    %load/vec4 v00000000028cc430_0;
    %cmpi/ne 255, 0, 8;
    %jmp/0xz  T_9.22, 4;
    %vpi_call 6 46 "$display", "ERROR: HEX0 value not BLANK" {0 0 0};
T_9.22 ;
    %delay 100, 0;
    %load/vec4 v00000000028cd5b0_0;
    %cmpi/ne 146, 0, 8;
    %jmp/0xz  T_9.24, 4;
    %vpi_call 6 48 "$display", "ERROR: HEX1 value not 5" {0 0 0};
T_9.24 ;
    %delay 100, 0;
    %load/vec4 v00000000028ccb10_0;
    %cmpi/ne 255, 0, 8;
    %jmp/0xz  T_9.26, 4;
    %vpi_call 6 50 "$display", "ERROR: HEX0 value not BLANK" {0 0 0};
T_9.26 ;
    %delay 100, 0;
    %pushi/vec4 1, 0, 1;
    %ix/load 4, 0, 0;
    %flag_set/imm 4, 0;
    %store/vec4 v00000000028cdbf0_0, 4, 1;
    %delay 100, 0;
    %load/vec4 v00000000028cc610_0;
    %cmpi/ne 176, 0, 8;
    %jmp/0xz  T_9.28, 4;
    %vpi_call 6 53 "$display", "ERROR: HEX0 value not 3" {0 0 0};
T_9.28 ;
    %delay 100, 0;
    %load/vec4 v00000000028cd290_0;
    %cmpi/ne 255, 0, 8;
    %jmp/0xz  T_9.30, 4;
    %vpi_call 6 55 "$display", "ERROR: HEX0 value not BLANK" {0 0 0};
T_9.30 ;
    %pushi/vec4 209, 0, 8;
    %store/vec4 v00000000028cc6b0_0, 0, 8;
    %delay 100, 0;
    %load/vec4 v00000000028cc610_0;
    %cmpi/ne 164, 0, 8;
    %jmp/0xz  T_9.32, 4;
    %vpi_call 6 59 "$display", "ERROR: HEX0 value not 2" {0 0 0};
T_9.32 ;
    %delay 100, 0;
    %load/vec4 v00000000028cd290_0;
    %cmpi/ne 191, 0, 8;
    %jmp/0xz  T_9.34, 4;
    %vpi_call 6 61 "$display", "ERROR: HEX0 value not -" {0 0 0};
T_9.34 ;
    %delay 100, 0;
    %load/vec4 v00000000028cdb50_0;
    %cmpi/ne 249, 0, 8;
    %jmp/0xz  T_9.36, 4;
    %vpi_call 6 63 "$display", "ERROR: HEX1 value not 1" {0 0 0};
T_9.36 ;
    %delay 100, 0;
    %load/vec4 v00000000028cc430_0;
    %cmpi/ne 255, 0, 8;
    %jmp/0xz  T_9.38, 4;
    %vpi_call 6 65 "$display", "ERROR: HEX0 value not BLANK" {0 0 0};
T_9.38 ;
    %delay 100, 0;
    %load/vec4 v00000000028cd5b0_0;
    %cmpi/ne 176, 0, 8;
    %jmp/0xz  T_9.40, 4;
    %vpi_call 6 67 "$display", "ERROR: HEX1 value not 3" {0 0 0};
T_9.40 ;
    %delay 100, 0;
    %load/vec4 v00000000028ccb10_0;
    %cmpi/ne 191, 0, 8;
    %jmp/0xz  T_9.42, 4;
    %vpi_call 6 69 "$display", "ERROR: HEX0 value not -" {0 0 0};
T_9.42 ;
    %delay 100, 0;
    %pushi/vec4 1, 0, 1;
    %ix/load 4, 0, 0;
    %flag_set/imm 4, 0;
    %store/vec4 v00000000028cdbf0_0, 4, 1;
    %delay 100, 0;
    %load/vec4 v00000000028cc610_0;
    %cmpi/ne 153, 0, 8;
    %jmp/0xz  T_9.44, 4;
    %vpi_call 6 72 "$display", "ERROR: HEX0 value not 4" {0 0 0};
T_9.44 ;
    %delay 100, 0;
    %load/vec4 v00000000028cd290_0;
    %cmpi/ne 191, 0, 8;
    %jmp/0xz  T_9.46, 4;
    %vpi_call 6 74 "$display", "ERROR: HEX0 value not -" {0 0 0};
T_9.46 ;
    %pushi/vec4 117, 0, 8;
    %store/vec4 v00000000028cc6b0_0, 0, 8;
    %delay 100, 0;
    %load/vec4 v00000000028cc610_0;
    %cmpi/ne 142, 0, 8;
    %jmp/0xz  T_9.48, 4;
    %vpi_call 6 78 "$display", "ERROR: HEX0 value not F" {0 0 0};
T_9.48 ;
    %delay 100, 0;
    %load/vec4 v00000000028cd290_0;
    %cmpi/ne 192, 0, 8;
    %jmp/0xz  T_9.50, 4;
    %vpi_call 6 80 "$display", "ERROR: HEX0 value not 0" {0 0 0};
T_9.50 ;
    %delay 100, 0;
    %load/vec4 v00000000028cdb50_0;
    %cmpi/ne 146, 0, 8;
    %jmp/0xz  T_9.52, 4;
    %vpi_call 6 82 "$display", "ERROR: HEX1 value not 5" {0 0 0};
T_9.52 ;
    %delay 100, 0;
    %load/vec4 v00000000028cc430_0;
    %cmpi/ne 255, 0, 8;
    %jmp/0xz  T_9.54, 4;
    %vpi_call 6 84 "$display", "ERROR: HEX0 value not BLANK" {0 0 0};
T_9.54 ;
    %delay 100, 0;
    %load/vec4 v00000000028cd5b0_0;
    %cmpi/ne 248, 0, 8;
    %jmp/0xz  T_9.56, 4;
    %vpi_call 6 86 "$display", "ERROR: HEX1 value not 7" {0 0 0};
T_9.56 ;
    %delay 100, 0;
    %load/vec4 v00000000028ccb10_0;
    %cmpi/ne 255, 0, 8;
    %jmp/0xz  T_9.58, 4;
    %vpi_call 6 88 "$display", "ERROR: HEX0 value not BLANK" {0 0 0};
T_9.58 ;
    %delay 100, 0;
    %pushi/vec4 1, 0, 1;
    %ix/load 4, 0, 0;
    %flag_set/imm 4, 0;
    %store/vec4 v00000000028cdbf0_0, 4, 1;
    %delay 100, 0;
    %load/vec4 v00000000028cc610_0;
    %cmpi/ne 164, 0, 8;
    %jmp/0xz  T_9.60, 4;
    %vpi_call 6 91 "$display", "ERROR: HEX0 value not 2" {0 0 0};
T_9.60 ;
    %delay 100, 0;
    %load/vec4 v00000000028cd290_0;
    %cmpi/ne 255, 0, 8;
    %jmp/0xz  T_9.62, 4;
    %vpi_call 6 93 "$display", "ERROR: HEX0 value not BLANK" {0 0 0};
T_9.62 ;
    %delay 100, 0;
    %vpi_call 6 96 "$display", $time, "<< Sim Complete. If no error messages, test successful. >>" {0 0 0};
    %vpi_call 6 97 "$finish" {0 0 0};
    %end;
    .thread T_9;
    .scope S_000000000286d6d0;
T_10 ;
    %vpi_call 6 104 "$monitor", $time, " SW=%b, KEY=%b, HEX0=%b, HEX1=%b, HEX2=%b, HEX3=%b, HEX4=%b, HEX5=%b", v00000000028cc6b0_0, v00000000028cdbf0_0, v00000000028cc610_0, v00000000028cd290_0, v00000000028cdb50_0, v00000000028cc430_0, v00000000028cd5b0_0, v00000000028ccb10_0 {0 0 0};
    %end;
    .thread T_10;
# The file index is used to find the file name in the following table.
:file_names 7;
    "N/A";
    "<interactive>";
    "Lab1DB2.v";
    "RippleCarry.v";
    "Adder.v";
    "SevenSeg.v";
    "TB_Lab1_DB2.v";
