#! /usr/local/iverilog/bin/vvp
:ivl_version "11.0 (devel)" "(s20150603-612-ga9388a89)";
:ivl_delay_selection "TYPICAL";
:vpi_time_precision - 10;
:vpi_module "system";
:vpi_module "vhdl_sys";
:vpi_module "vhdl_textio";
:vpi_module "v2005_math";
:vpi_module "va_math";
S_0000000000ff2f20 .scope module, "Lab1DB3" "Lab1DB3" 2 1;
 .timescale -9 -10;
    .port_info 0 /INPUT 1 "ADC_CLK_10";
    .port_info 1 /INPUT 1 "MAX10_CLK1_50";
    .port_info 2 /INPUT 1 "MAX10_CLK2_50";
    .port_info 3 /OUTPUT 8 "HEX0";
    .port_info 4 /OUTPUT 8 "HEX1";
    .port_info 5 /OUTPUT 8 "HEX2";
    .port_info 6 /OUTPUT 8 "HEX3";
    .port_info 7 /OUTPUT 8 "HEX4";
    .port_info 8 /OUTPUT 8 "HEX5";
    .port_info 9 /OUTPUT 10 "LEDR";
    .port_info 10 /INPUT 10 "SW";
o0000000001006f98 .functor BUFZ 1, C4<z>; HiZ drive
v000000000104d080_0 .net "ADC_CLK_10", 0 0, o0000000001006f98;  0 drivers
v000000000104e020_0 .net "HEX0", 7 0, L_000000000104ed80;  1 drivers
v000000000104dd00_0 .net "HEX1", 7 0, L_000000000104f5d0;  1 drivers
v000000000104e340_0 .net "HEX2", 7 0, L_000000000104f250;  1 drivers
v000000000104e200_0 .net "HEX3", 7 0, L_000000000104ea70;  1 drivers
v000000000104dc60_0 .net "HEX4", 7 0, L_000000000104e840;  1 drivers
v000000000104e3e0_0 .net "HEX5", 7 0, L_0000000000fce730;  1 drivers
v000000000104d6c0_0 .net "LEDR", 9 0, L_000000000104c7c0;  1 drivers
o0000000001006fc8 .functor BUFZ 1, C4<z>; HiZ drive
v000000000104d440_0 .net "MAX10_CLK1_50", 0 0, o0000000001006fc8;  0 drivers
o0000000001006ff8 .functor BUFZ 1, C4<z>; HiZ drive
v000000000104cea0_0 .net "MAX10_CLK2_50", 0 0, o0000000001006ff8;  0 drivers
o0000000001007028 .functor BUFZ 10, C4<zzzzzzzzzz>; HiZ drive
v000000000104ce00_0 .net "SW", 9 0, o0000000001007028;  0 drivers
L_000000000104d3a0 .part o0000000001007028, 4, 4;
L_000000000104c900 .part o0000000001007028, 0, 4;
L_000000000104df80 .part o0000000001007028, 8, 2;
S_0000000000fee330 .scope module, "C1" "Compare" 2 23, 3 1 0, S_0000000000ff2f20;
 .timescale -9 -10;
    .port_info 0 /OUTPUT 8 "HEX0";
    .port_info 1 /OUTPUT 8 "HEX1";
    .port_info 2 /OUTPUT 8 "HEX2";
    .port_info 3 /OUTPUT 8 "HEX3";
    .port_info 4 /OUTPUT 8 "HEX4";
    .port_info 5 /OUTPUT 8 "HEX5";
    .port_info 6 /OUTPUT 10 "LEDR";
    .port_info 7 /INPUT 4 "input1";
    .port_info 8 /INPUT 4 "input2";
    .port_info 9 /INPUT 2 "scomp";
v0000000000fed3e0_0 .net "HEX0", 7 0, L_000000000104ed80;  alias, 1 drivers
v0000000000fed520_0 .net "HEX1", 7 0, L_000000000104f5d0;  alias, 1 drivers
v0000000000fed5c0_0 .net "HEX2", 7 0, L_000000000104f250;  alias, 1 drivers
v0000000000fed8e0_0 .net "HEX3", 7 0, L_000000000104ea70;  alias, 1 drivers
v0000000000fed660_0 .net "HEX4", 7 0, L_000000000104e840;  alias, 1 drivers
v0000000000fec9e0_0 .net "HEX5", 7 0, L_0000000000fce730;  alias, 1 drivers
v000000000104e0c0_0 .net "LEDR", 9 0, L_000000000104c7c0;  alias, 1 drivers
v000000000104dbc0_0 .net *"_s3", 2 0, v000000000104e160_0;  1 drivers
v000000000104c860_0 .net "input1", 3 0, L_000000000104d3a0;  1 drivers
v000000000104d620_0 .var "input1_d", 7 0;
v000000000104cfe0_0 .net "input2", 3 0, L_000000000104c900;  1 drivers
v000000000104db20_0 .var "input2_d", 7 0;
v000000000104e160_0 .var "ledval", 2 0;
v000000000104dda0_0 .net "scomp", 1 0, L_000000000104df80;  1 drivers
v000000000104e2a0_0 .var "sign1_d", 7 0;
v000000000104cd60_0 .var "sign2_d", 7 0;
E_0000000001000440 .event edge, v000000000104cfe0_0, v000000000104c860_0, v000000000104dda0_0;
L_000000000104c7c0 .part/pv v000000000104e160_0, 0, 3, 10;
S_0000000000fed9a0 .scope module, "SS0" "SevenSeg" 3 156, 4 1 0, S_0000000000fee330;
 .timescale -9 -10;
    .port_info 0 /OUTPUT 8 "HEX";
    .port_info 1 /INPUT 8 "NUM";
L_000000000104ed80 .functor BUFZ 8, v0000000000fed160_0, C4<00000000>, C4<00000000>, C4<00000000>;
v0000000000fed0c0_0 .net "HEX", 7 0, L_000000000104ed80;  alias, 1 drivers
v0000000000fecc60_0 .net "NUM", 7 0, v000000000104db20_0;  1 drivers
v0000000000fed160_0 .var "value", 7 0;
E_0000000000fffbc0 .event edge, v0000000000fecc60_0;
S_0000000000fedb30 .scope module, "SS1" "SevenSeg" 3 155, 4 1 0, S_0000000000fee330;
 .timescale -9 -10;
    .port_info 0 /OUTPUT 8 "HEX";
    .port_info 1 /INPUT 8 "NUM";
L_000000000104f5d0 .functor BUFZ 8, v0000000000fecda0_0, C4<00000000>, C4<00000000>, C4<00000000>;
v0000000000fed200_0 .net "HEX", 7 0, L_000000000104f5d0;  alias, 1 drivers
v0000000000fecd00_0 .net "NUM", 7 0, v000000000104cd60_0;  1 drivers
v0000000000fecda0_0 .var "value", 7 0;
E_0000000000ffff80 .event edge, v0000000000fecd00_0;
S_0000000000ff5950 .scope module, "SS2" "SevenSeg" 3 153, 4 1 0, S_0000000000fee330;
 .timescale -9 -10;
    .port_info 0 /OUTPUT 8 "HEX";
    .port_info 1 /INPUT 8 "NUM";
L_000000000104f250 .functor BUFZ 8, v0000000000fecf80_0, C4<00000000>, C4<00000000>, C4<00000000>;
v0000000000fece40_0 .net "HEX", 7 0, L_000000000104f250;  alias, 1 drivers
L_00000000028a2060 .functor BUFT 1, C4<01011000>, C4<0>, C4<0>, C4<0>;
v0000000000fecee0_0 .net "NUM", 7 0, L_00000000028a2060;  1 drivers
v0000000000fecf80_0 .var "value", 7 0;
E_0000000000fffe40 .event edge, v0000000000fecee0_0;
S_0000000000ff5ae0 .scope module, "SS3" "SevenSeg" 3 152, 4 1 0, S_0000000000fee330;
 .timescale -9 -10;
    .port_info 0 /OUTPUT 8 "HEX";
    .port_info 1 /INPUT 8 "NUM";
L_000000000104ea70 .functor BUFZ 8, v0000000000fecb20_0, C4<00000000>, C4<00000000>, C4<00000000>;
v0000000000feca80_0 .net "HEX", 7 0, L_000000000104ea70;  alias, 1 drivers
L_00000000028a2018 .functor BUFT 1, C4<01011000>, C4<0>, C4<0>, C4<0>;
v0000000000fed840_0 .net "NUM", 7 0, L_00000000028a2018;  1 drivers
v0000000000fecb20_0 .var "value", 7 0;
E_0000000000fff9c0 .event edge, v0000000000fed840_0;
S_0000000000fd6e80 .scope module, "SS4" "SevenSeg" 3 150, 4 1 0, S_0000000000fee330;
 .timescale -9 -10;
    .port_info 0 /OUTPUT 8 "HEX";
    .port_info 1 /INPUT 8 "NUM";
L_000000000104e840 .functor BUFZ 8, v0000000000fed020_0, C4<00000000>, C4<00000000>, C4<00000000>;
v0000000000fed480_0 .net "HEX", 7 0, L_000000000104e840;  alias, 1 drivers
v0000000000fecbc0_0 .net "NUM", 7 0, v000000000104d620_0;  1 drivers
v0000000000fed020_0 .var "value", 7 0;
E_0000000000fffb80 .event edge, v0000000000fecbc0_0;
S_0000000000fd7010 .scope module, "SS5" "SevenSeg" 3 149, 4 1 0, S_0000000000fee330;
 .timescale -9 -10;
    .port_info 0 /OUTPUT 8 "HEX";
    .port_info 1 /INPUT 8 "NUM";
L_0000000000fce730 .functor BUFZ 8, v0000000000fed700_0, C4<00000000>, C4<00000000>, C4<00000000>;
v0000000000fed2a0_0 .net "HEX", 7 0, L_0000000000fce730;  alias, 1 drivers
v0000000000fed340_0 .net "NUM", 7 0, v000000000104e2a0_0;  1 drivers
v0000000000fed700_0 .var "value", 7 0;
E_0000000000fffcc0 .event edge, v0000000000fed340_0;
S_0000000000fefb20 .scope module, "TB_Lab1_DB3" "TB_Lab1_DB3" 5 2;
 .timescale -9 -10;
v000000000104e480_0 .var "HEX0", 7 0;
v000000000104d9e0_0 .var "HEX1", 7 0;
v000000000104d4e0_0 .var "HEX2", 7 0;
v000000000104e520_0 .var "HEX3", 7 0;
v000000000104de40_0 .var "HEX4", 7 0;
v000000000104dee0_0 .var "HEX5", 7 0;
o0000000001007388 .functor BUFZ 3, C4<zzz>; HiZ drive
v000000000104e5c0_0 .net "LEDR", 2 0, o0000000001007388;  0 drivers
v000000000104e660_0 .var "SW", 8 0;
    .scope S_0000000000fd7010;
T_0 ;
    %wait E_0000000000fffcc0;
    %load/vec4 v0000000000fed340_0;
    %dup/vec4;
    %pushi/vec4 0, 0, 8;
    %cmp/u;
    %jmp/1 T_0.0, 6;
    %dup/vec4;
    %pushi/vec4 1, 0, 8;
    %cmp/u;
    %jmp/1 T_0.1, 6;
    %dup/vec4;
    %pushi/vec4 2, 0, 8;
    %cmp/u;
    %jmp/1 T_0.2, 6;
    %dup/vec4;
    %pushi/vec4 3, 0, 8;
    %cmp/u;
    %jmp/1 T_0.3, 6;
    %dup/vec4;
    %pushi/vec4 4, 0, 8;
    %cmp/u;
    %jmp/1 T_0.4, 6;
    %dup/vec4;
    %pushi/vec4 5, 0, 8;
    %cmp/u;
    %jmp/1 T_0.5, 6;
    %dup/vec4;
    %pushi/vec4 6, 0, 8;
    %cmp/u;
    %jmp/1 T_0.6, 6;
    %dup/vec4;
    %pushi/vec4 7, 0, 8;
    %cmp/u;
    %jmp/1 T_0.7, 6;
    %dup/vec4;
    %pushi/vec4 8, 0, 8;
    %cmp/u;
    %jmp/1 T_0.8, 6;
    %dup/vec4;
    %pushi/vec4 9, 0, 8;
    %cmp/u;
    %jmp/1 T_0.9, 6;
    %dup/vec4;
    %pushi/vec4 10, 0, 8;
    %cmp/u;
    %jmp/1 T_0.10, 6;
    %dup/vec4;
    %pushi/vec4 11, 0, 8;
    %cmp/u;
    %jmp/1 T_0.11, 6;
    %dup/vec4;
    %pushi/vec4 12, 0, 8;
    %cmp/u;
    %jmp/1 T_0.12, 6;
    %dup/vec4;
    %pushi/vec4 13, 0, 8;
    %cmp/u;
    %jmp/1 T_0.13, 6;
    %dup/vec4;
    %pushi/vec4 14, 0, 8;
    %cmp/u;
    %jmp/1 T_0.14, 6;
    %dup/vec4;
    %pushi/vec4 15, 0, 8;
    %cmp/u;
    %jmp/1 T_0.15, 6;
    %dup/vec4;
    %pushi/vec4 88, 0, 8;
    %cmp/u;
    %jmp/1 T_0.16, 6;
    %dup/vec4;
    %pushi/vec4 99, 0, 8;
    %cmp/u;
    %jmp/1 T_0.17, 6;
    %jmp T_0.18;
T_0.0 ;
    %pushi/vec4 192, 0, 8;
    %store/vec4 v0000000000fed700_0, 0, 8;
    %jmp T_0.18;
T_0.1 ;
    %pushi/vec4 249, 0, 8;
    %store/vec4 v0000000000fed700_0, 0, 8;
    %jmp T_0.18;
T_0.2 ;
    %pushi/vec4 164, 0, 8;
    %store/vec4 v0000000000fed700_0, 0, 8;
    %jmp T_0.18;
T_0.3 ;
    %pushi/vec4 176, 0, 8;
    %store/vec4 v0000000000fed700_0, 0, 8;
    %jmp T_0.18;
T_0.4 ;
    %pushi/vec4 153, 0, 8;
    %store/vec4 v0000000000fed700_0, 0, 8;
    %jmp T_0.18;
T_0.5 ;
    %pushi/vec4 146, 0, 8;
    %store/vec4 v0000000000fed700_0, 0, 8;
    %jmp T_0.18;
T_0.6 ;
    %pushi/vec4 130, 0, 8;
    %store/vec4 v0000000000fed700_0, 0, 8;
    %jmp T_0.18;
T_0.7 ;
    %pushi/vec4 248, 0, 8;
    %store/vec4 v0000000000fed700_0, 0, 8;
    %jmp T_0.18;
T_0.8 ;
    %pushi/vec4 128, 0, 8;
    %store/vec4 v0000000000fed700_0, 0, 8;
    %jmp T_0.18;
T_0.9 ;
    %pushi/vec4 152, 0, 8;
    %store/vec4 v0000000000fed700_0, 0, 8;
    %jmp T_0.18;
T_0.10 ;
    %pushi/vec4 136, 0, 8;
    %store/vec4 v0000000000fed700_0, 0, 8;
    %jmp T_0.18;
T_0.11 ;
    %pushi/vec4 131, 0, 8;
    %store/vec4 v0000000000fed700_0, 0, 8;
    %jmp T_0.18;
T_0.12 ;
    %pushi/vec4 198, 0, 8;
    %store/vec4 v0000000000fed700_0, 0, 8;
    %jmp T_0.18;
T_0.13 ;
    %pushi/vec4 161, 0, 8;
    %store/vec4 v0000000000fed700_0, 0, 8;
    %jmp T_0.18;
T_0.14 ;
    %pushi/vec4 134, 0, 8;
    %store/vec4 v0000000000fed700_0, 0, 8;
    %jmp T_0.18;
T_0.15 ;
    %pushi/vec4 142, 0, 8;
    %store/vec4 v0000000000fed700_0, 0, 8;
    %jmp T_0.18;
T_0.16 ;
    %pushi/vec4 255, 0, 8;
    %store/vec4 v0000000000fed700_0, 0, 8;
    %jmp T_0.18;
T_0.17 ;
    %pushi/vec4 191, 0, 8;
    %store/vec4 v0000000000fed700_0, 0, 8;
    %jmp T_0.18;
T_0.18 ;
    %pop/vec4 1;
    %jmp T_0;
    .thread T_0, $push;
    .scope S_0000000000fd6e80;
T_1 ;
    %wait E_0000000000fffb80;
    %load/vec4 v0000000000fecbc0_0;
    %dup/vec4;
    %pushi/vec4 0, 0, 8;
    %cmp/u;
    %jmp/1 T_1.0, 6;
    %dup/vec4;
    %pushi/vec4 1, 0, 8;
    %cmp/u;
    %jmp/1 T_1.1, 6;
    %dup/vec4;
    %pushi/vec4 2, 0, 8;
    %cmp/u;
    %jmp/1 T_1.2, 6;
    %dup/vec4;
    %pushi/vec4 3, 0, 8;
    %cmp/u;
    %jmp/1 T_1.3, 6;
    %dup/vec4;
    %pushi/vec4 4, 0, 8;
    %cmp/u;
    %jmp/1 T_1.4, 6;
    %dup/vec4;
    %pushi/vec4 5, 0, 8;
    %cmp/u;
    %jmp/1 T_1.5, 6;
    %dup/vec4;
    %pushi/vec4 6, 0, 8;
    %cmp/u;
    %jmp/1 T_1.6, 6;
    %dup/vec4;
    %pushi/vec4 7, 0, 8;
    %cmp/u;
    %jmp/1 T_1.7, 6;
    %dup/vec4;
    %pushi/vec4 8, 0, 8;
    %cmp/u;
    %jmp/1 T_1.8, 6;
    %dup/vec4;
    %pushi/vec4 9, 0, 8;
    %cmp/u;
    %jmp/1 T_1.9, 6;
    %dup/vec4;
    %pushi/vec4 10, 0, 8;
    %cmp/u;
    %jmp/1 T_1.10, 6;
    %dup/vec4;
    %pushi/vec4 11, 0, 8;
    %cmp/u;
    %jmp/1 T_1.11, 6;
    %dup/vec4;
    %pushi/vec4 12, 0, 8;
    %cmp/u;
    %jmp/1 T_1.12, 6;
    %dup/vec4;
    %pushi/vec4 13, 0, 8;
    %cmp/u;
    %jmp/1 T_1.13, 6;
    %dup/vec4;
    %pushi/vec4 14, 0, 8;
    %cmp/u;
    %jmp/1 T_1.14, 6;
    %dup/vec4;
    %pushi/vec4 15, 0, 8;
    %cmp/u;
    %jmp/1 T_1.15, 6;
    %dup/vec4;
    %pushi/vec4 88, 0, 8;
    %cmp/u;
    %jmp/1 T_1.16, 6;
    %dup/vec4;
    %pushi/vec4 99, 0, 8;
    %cmp/u;
    %jmp/1 T_1.17, 6;
    %jmp T_1.18;
T_1.0 ;
    %pushi/vec4 192, 0, 8;
    %store/vec4 v0000000000fed020_0, 0, 8;
    %jmp T_1.18;
T_1.1 ;
    %pushi/vec4 249, 0, 8;
    %store/vec4 v0000000000fed020_0, 0, 8;
    %jmp T_1.18;
T_1.2 ;
    %pushi/vec4 164, 0, 8;
    %store/vec4 v0000000000fed020_0, 0, 8;
    %jmp T_1.18;
T_1.3 ;
    %pushi/vec4 176, 0, 8;
    %store/vec4 v0000000000fed020_0, 0, 8;
    %jmp T_1.18;
T_1.4 ;
    %pushi/vec4 153, 0, 8;
    %store/vec4 v0000000000fed020_0, 0, 8;
    %jmp T_1.18;
T_1.5 ;
    %pushi/vec4 146, 0, 8;
    %store/vec4 v0000000000fed020_0, 0, 8;
    %jmp T_1.18;
T_1.6 ;
    %pushi/vec4 130, 0, 8;
    %store/vec4 v0000000000fed020_0, 0, 8;
    %jmp T_1.18;
T_1.7 ;
    %pushi/vec4 248, 0, 8;
    %store/vec4 v0000000000fed020_0, 0, 8;
    %jmp T_1.18;
T_1.8 ;
    %pushi/vec4 128, 0, 8;
    %store/vec4 v0000000000fed020_0, 0, 8;
    %jmp T_1.18;
T_1.9 ;
    %pushi/vec4 152, 0, 8;
    %store/vec4 v0000000000fed020_0, 0, 8;
    %jmp T_1.18;
T_1.10 ;
    %pushi/vec4 136, 0, 8;
    %store/vec4 v0000000000fed020_0, 0, 8;
    %jmp T_1.18;
T_1.11 ;
    %pushi/vec4 131, 0, 8;
    %store/vec4 v0000000000fed020_0, 0, 8;
    %jmp T_1.18;
T_1.12 ;
    %pushi/vec4 198, 0, 8;
    %store/vec4 v0000000000fed020_0, 0, 8;
    %jmp T_1.18;
T_1.13 ;
    %pushi/vec4 161, 0, 8;
    %store/vec4 v0000000000fed020_0, 0, 8;
    %jmp T_1.18;
T_1.14 ;
    %pushi/vec4 134, 0, 8;
    %store/vec4 v0000000000fed020_0, 0, 8;
    %jmp T_1.18;
T_1.15 ;
    %pushi/vec4 142, 0, 8;
    %store/vec4 v0000000000fed020_0, 0, 8;
    %jmp T_1.18;
T_1.16 ;
    %pushi/vec4 255, 0, 8;
    %store/vec4 v0000000000fed020_0, 0, 8;
    %jmp T_1.18;
T_1.17 ;
    %pushi/vec4 191, 0, 8;
    %store/vec4 v0000000000fed020_0, 0, 8;
    %jmp T_1.18;
T_1.18 ;
    %pop/vec4 1;
    %jmp T_1;
    .thread T_1, $push;
    .scope S_0000000000ff5ae0;
T_2 ;
    %wait E_0000000000fff9c0;
    %load/vec4 v0000000000fed840_0;
    %dup/vec4;
    %pushi/vec4 0, 0, 8;
    %cmp/u;
    %jmp/1 T_2.0, 6;
    %dup/vec4;
    %pushi/vec4 1, 0, 8;
    %cmp/u;
    %jmp/1 T_2.1, 6;
    %dup/vec4;
    %pushi/vec4 2, 0, 8;
    %cmp/u;
    %jmp/1 T_2.2, 6;
    %dup/vec4;
    %pushi/vec4 3, 0, 8;
    %cmp/u;
    %jmp/1 T_2.3, 6;
    %dup/vec4;
    %pushi/vec4 4, 0, 8;
    %cmp/u;
    %jmp/1 T_2.4, 6;
    %dup/vec4;
    %pushi/vec4 5, 0, 8;
    %cmp/u;
    %jmp/1 T_2.5, 6;
    %dup/vec4;
    %pushi/vec4 6, 0, 8;
    %cmp/u;
    %jmp/1 T_2.6, 6;
    %dup/vec4;
    %pushi/vec4 7, 0, 8;
    %cmp/u;
    %jmp/1 T_2.7, 6;
    %dup/vec4;
    %pushi/vec4 8, 0, 8;
    %cmp/u;
    %jmp/1 T_2.8, 6;
    %dup/vec4;
    %pushi/vec4 9, 0, 8;
    %cmp/u;
    %jmp/1 T_2.9, 6;
    %dup/vec4;
    %pushi/vec4 10, 0, 8;
    %cmp/u;
    %jmp/1 T_2.10, 6;
    %dup/vec4;
    %pushi/vec4 11, 0, 8;
    %cmp/u;
    %jmp/1 T_2.11, 6;
    %dup/vec4;
    %pushi/vec4 12, 0, 8;
    %cmp/u;
    %jmp/1 T_2.12, 6;
    %dup/vec4;
    %pushi/vec4 13, 0, 8;
    %cmp/u;
    %jmp/1 T_2.13, 6;
    %dup/vec4;
    %pushi/vec4 14, 0, 8;
    %cmp/u;
    %jmp/1 T_2.14, 6;
    %dup/vec4;
    %pushi/vec4 15, 0, 8;
    %cmp/u;
    %jmp/1 T_2.15, 6;
    %dup/vec4;
    %pushi/vec4 88, 0, 8;
    %cmp/u;
    %jmp/1 T_2.16, 6;
    %dup/vec4;
    %pushi/vec4 99, 0, 8;
    %cmp/u;
    %jmp/1 T_2.17, 6;
    %jmp T_2.18;
T_2.0 ;
    %pushi/vec4 192, 0, 8;
    %store/vec4 v0000000000fecb20_0, 0, 8;
    %jmp T_2.18;
T_2.1 ;
    %pushi/vec4 249, 0, 8;
    %store/vec4 v0000000000fecb20_0, 0, 8;
    %jmp T_2.18;
T_2.2 ;
    %pushi/vec4 164, 0, 8;
    %store/vec4 v0000000000fecb20_0, 0, 8;
    %jmp T_2.18;
T_2.3 ;
    %pushi/vec4 176, 0, 8;
    %store/vec4 v0000000000fecb20_0, 0, 8;
    %jmp T_2.18;
T_2.4 ;
    %pushi/vec4 153, 0, 8;
    %store/vec4 v0000000000fecb20_0, 0, 8;
    %jmp T_2.18;
T_2.5 ;
    %pushi/vec4 146, 0, 8;
    %store/vec4 v0000000000fecb20_0, 0, 8;
    %jmp T_2.18;
T_2.6 ;
    %pushi/vec4 130, 0, 8;
    %store/vec4 v0000000000fecb20_0, 0, 8;
    %jmp T_2.18;
T_2.7 ;
    %pushi/vec4 248, 0, 8;
    %store/vec4 v0000000000fecb20_0, 0, 8;
    %jmp T_2.18;
T_2.8 ;
    %pushi/vec4 128, 0, 8;
    %store/vec4 v0000000000fecb20_0, 0, 8;
    %jmp T_2.18;
T_2.9 ;
    %pushi/vec4 152, 0, 8;
    %store/vec4 v0000000000fecb20_0, 0, 8;
    %jmp T_2.18;
T_2.10 ;
    %pushi/vec4 136, 0, 8;
    %store/vec4 v0000000000fecb20_0, 0, 8;
    %jmp T_2.18;
T_2.11 ;
    %pushi/vec4 131, 0, 8;
    %store/vec4 v0000000000fecb20_0, 0, 8;
    %jmp T_2.18;
T_2.12 ;
    %pushi/vec4 198, 0, 8;
    %store/vec4 v0000000000fecb20_0, 0, 8;
    %jmp T_2.18;
T_2.13 ;
    %pushi/vec4 161, 0, 8;
    %store/vec4 v0000000000fecb20_0, 0, 8;
    %jmp T_2.18;
T_2.14 ;
    %pushi/vec4 134, 0, 8;
    %store/vec4 v0000000000fecb20_0, 0, 8;
    %jmp T_2.18;
T_2.15 ;
    %pushi/vec4 142, 0, 8;
    %store/vec4 v0000000000fecb20_0, 0, 8;
    %jmp T_2.18;
T_2.16 ;
    %pushi/vec4 255, 0, 8;
    %store/vec4 v0000000000fecb20_0, 0, 8;
    %jmp T_2.18;
T_2.17 ;
    %pushi/vec4 191, 0, 8;
    %store/vec4 v0000000000fecb20_0, 0, 8;
    %jmp T_2.18;
T_2.18 ;
    %pop/vec4 1;
    %jmp T_2;
    .thread T_2, $push;
    .scope S_0000000000ff5950;
T_3 ;
    %wait E_0000000000fffe40;
    %load/vec4 v0000000000fecee0_0;
    %dup/vec4;
    %pushi/vec4 0, 0, 8;
    %cmp/u;
    %jmp/1 T_3.0, 6;
    %dup/vec4;
    %pushi/vec4 1, 0, 8;
    %cmp/u;
    %jmp/1 T_3.1, 6;
    %dup/vec4;
    %pushi/vec4 2, 0, 8;
    %cmp/u;
    %jmp/1 T_3.2, 6;
    %dup/vec4;
    %pushi/vec4 3, 0, 8;
    %cmp/u;
    %jmp/1 T_3.3, 6;
    %dup/vec4;
    %pushi/vec4 4, 0, 8;
    %cmp/u;
    %jmp/1 T_3.4, 6;
    %dup/vec4;
    %pushi/vec4 5, 0, 8;
    %cmp/u;
    %jmp/1 T_3.5, 6;
    %dup/vec4;
    %pushi/vec4 6, 0, 8;
    %cmp/u;
    %jmp/1 T_3.6, 6;
    %dup/vec4;
    %pushi/vec4 7, 0, 8;
    %cmp/u;
    %jmp/1 T_3.7, 6;
    %dup/vec4;
    %pushi/vec4 8, 0, 8;
    %cmp/u;
    %jmp/1 T_3.8, 6;
    %dup/vec4;
    %pushi/vec4 9, 0, 8;
    %cmp/u;
    %jmp/1 T_3.9, 6;
    %dup/vec4;
    %pushi/vec4 10, 0, 8;
    %cmp/u;
    %jmp/1 T_3.10, 6;
    %dup/vec4;
    %pushi/vec4 11, 0, 8;
    %cmp/u;
    %jmp/1 T_3.11, 6;
    %dup/vec4;
    %pushi/vec4 12, 0, 8;
    %cmp/u;
    %jmp/1 T_3.12, 6;
    %dup/vec4;
    %pushi/vec4 13, 0, 8;
    %cmp/u;
    %jmp/1 T_3.13, 6;
    %dup/vec4;
    %pushi/vec4 14, 0, 8;
    %cmp/u;
    %jmp/1 T_3.14, 6;
    %dup/vec4;
    %pushi/vec4 15, 0, 8;
    %cmp/u;
    %jmp/1 T_3.15, 6;
    %dup/vec4;
    %pushi/vec4 88, 0, 8;
    %cmp/u;
    %jmp/1 T_3.16, 6;
    %dup/vec4;
    %pushi/vec4 99, 0, 8;
    %cmp/u;
    %jmp/1 T_3.17, 6;
    %jmp T_3.18;
T_3.0 ;
    %pushi/vec4 192, 0, 8;
    %store/vec4 v0000000000fecf80_0, 0, 8;
    %jmp T_3.18;
T_3.1 ;
    %pushi/vec4 249, 0, 8;
    %store/vec4 v0000000000fecf80_0, 0, 8;
    %jmp T_3.18;
T_3.2 ;
    %pushi/vec4 164, 0, 8;
    %store/vec4 v0000000000fecf80_0, 0, 8;
    %jmp T_3.18;
T_3.3 ;
    %pushi/vec4 176, 0, 8;
    %store/vec4 v0000000000fecf80_0, 0, 8;
    %jmp T_3.18;
T_3.4 ;
    %pushi/vec4 153, 0, 8;
    %store/vec4 v0000000000fecf80_0, 0, 8;
    %jmp T_3.18;
T_3.5 ;
    %pushi/vec4 146, 0, 8;
    %store/vec4 v0000000000fecf80_0, 0, 8;
    %jmp T_3.18;
T_3.6 ;
    %pushi/vec4 130, 0, 8;
    %store/vec4 v0000000000fecf80_0, 0, 8;
    %jmp T_3.18;
T_3.7 ;
    %pushi/vec4 248, 0, 8;
    %store/vec4 v0000000000fecf80_0, 0, 8;
    %jmp T_3.18;
T_3.8 ;
    %pushi/vec4 128, 0, 8;
    %store/vec4 v0000000000fecf80_0, 0, 8;
    %jmp T_3.18;
T_3.9 ;
    %pushi/vec4 152, 0, 8;
    %store/vec4 v0000000000fecf80_0, 0, 8;
    %jmp T_3.18;
T_3.10 ;
    %pushi/vec4 136, 0, 8;
    %store/vec4 v0000000000fecf80_0, 0, 8;
    %jmp T_3.18;
T_3.11 ;
    %pushi/vec4 131, 0, 8;
    %store/vec4 v0000000000fecf80_0, 0, 8;
    %jmp T_3.18;
T_3.12 ;
    %pushi/vec4 198, 0, 8;
    %store/vec4 v0000000000fecf80_0, 0, 8;
    %jmp T_3.18;
T_3.13 ;
    %pushi/vec4 161, 0, 8;
    %store/vec4 v0000000000fecf80_0, 0, 8;
    %jmp T_3.18;
T_3.14 ;
    %pushi/vec4 134, 0, 8;
    %store/vec4 v0000000000fecf80_0, 0, 8;
    %jmp T_3.18;
T_3.15 ;
    %pushi/vec4 142, 0, 8;
    %store/vec4 v0000000000fecf80_0, 0, 8;
    %jmp T_3.18;
T_3.16 ;
    %pushi/vec4 255, 0, 8;
    %store/vec4 v0000000000fecf80_0, 0, 8;
    %jmp T_3.18;
T_3.17 ;
    %pushi/vec4 191, 0, 8;
    %store/vec4 v0000000000fecf80_0, 0, 8;
    %jmp T_3.18;
T_3.18 ;
    %pop/vec4 1;
    %jmp T_3;
    .thread T_3, $push;
    .scope S_0000000000fedb30;
T_4 ;
    %wait E_0000000000ffff80;
    %load/vec4 v0000000000fecd00_0;
    %dup/vec4;
    %pushi/vec4 0, 0, 8;
    %cmp/u;
    %jmp/1 T_4.0, 6;
    %dup/vec4;
    %pushi/vec4 1, 0, 8;
    %cmp/u;
    %jmp/1 T_4.1, 6;
    %dup/vec4;
    %pushi/vec4 2, 0, 8;
    %cmp/u;
    %jmp/1 T_4.2, 6;
    %dup/vec4;
    %pushi/vec4 3, 0, 8;
    %cmp/u;
    %jmp/1 T_4.3, 6;
    %dup/vec4;
    %pushi/vec4 4, 0, 8;
    %cmp/u;
    %jmp/1 T_4.4, 6;
    %dup/vec4;
    %pushi/vec4 5, 0, 8;
    %cmp/u;
    %jmp/1 T_4.5, 6;
    %dup/vec4;
    %pushi/vec4 6, 0, 8;
    %cmp/u;
    %jmp/1 T_4.6, 6;
    %dup/vec4;
    %pushi/vec4 7, 0, 8;
    %cmp/u;
    %jmp/1 T_4.7, 6;
    %dup/vec4;
    %pushi/vec4 8, 0, 8;
    %cmp/u;
    %jmp/1 T_4.8, 6;
    %dup/vec4;
    %pushi/vec4 9, 0, 8;
    %cmp/u;
    %jmp/1 T_4.9, 6;
    %dup/vec4;
    %pushi/vec4 10, 0, 8;
    %cmp/u;
    %jmp/1 T_4.10, 6;
    %dup/vec4;
    %pushi/vec4 11, 0, 8;
    %cmp/u;
    %jmp/1 T_4.11, 6;
    %dup/vec4;
    %pushi/vec4 12, 0, 8;
    %cmp/u;
    %jmp/1 T_4.12, 6;
    %dup/vec4;
    %pushi/vec4 13, 0, 8;
    %cmp/u;
    %jmp/1 T_4.13, 6;
    %dup/vec4;
    %pushi/vec4 14, 0, 8;
    %cmp/u;
    %jmp/1 T_4.14, 6;
    %dup/vec4;
    %pushi/vec4 15, 0, 8;
    %cmp/u;
    %jmp/1 T_4.15, 6;
    %dup/vec4;
    %pushi/vec4 88, 0, 8;
    %cmp/u;
    %jmp/1 T_4.16, 6;
    %dup/vec4;
    %pushi/vec4 99, 0, 8;
    %cmp/u;
    %jmp/1 T_4.17, 6;
    %jmp T_4.18;
T_4.0 ;
    %pushi/vec4 192, 0, 8;
    %store/vec4 v0000000000fecda0_0, 0, 8;
    %jmp T_4.18;
T_4.1 ;
    %pushi/vec4 249, 0, 8;
    %store/vec4 v0000000000fecda0_0, 0, 8;
    %jmp T_4.18;
T_4.2 ;
    %pushi/vec4 164, 0, 8;
    %store/vec4 v0000000000fecda0_0, 0, 8;
    %jmp T_4.18;
T_4.3 ;
    %pushi/vec4 176, 0, 8;
    %store/vec4 v0000000000fecda0_0, 0, 8;
    %jmp T_4.18;
T_4.4 ;
    %pushi/vec4 153, 0, 8;
    %store/vec4 v0000000000fecda0_0, 0, 8;
    %jmp T_4.18;
T_4.5 ;
    %pushi/vec4 146, 0, 8;
    %store/vec4 v0000000000fecda0_0, 0, 8;
    %jmp T_4.18;
T_4.6 ;
    %pushi/vec4 130, 0, 8;
    %store/vec4 v0000000000fecda0_0, 0, 8;
    %jmp T_4.18;
T_4.7 ;
    %pushi/vec4 248, 0, 8;
    %store/vec4 v0000000000fecda0_0, 0, 8;
    %jmp T_4.18;
T_4.8 ;
    %pushi/vec4 128, 0, 8;
    %store/vec4 v0000000000fecda0_0, 0, 8;
    %jmp T_4.18;
T_4.9 ;
    %pushi/vec4 152, 0, 8;
    %store/vec4 v0000000000fecda0_0, 0, 8;
    %jmp T_4.18;
T_4.10 ;
    %pushi/vec4 136, 0, 8;
    %store/vec4 v0000000000fecda0_0, 0, 8;
    %jmp T_4.18;
T_4.11 ;
    %pushi/vec4 131, 0, 8;
    %store/vec4 v0000000000fecda0_0, 0, 8;
    %jmp T_4.18;
T_4.12 ;
    %pushi/vec4 198, 0, 8;
    %store/vec4 v0000000000fecda0_0, 0, 8;
    %jmp T_4.18;
T_4.13 ;
    %pushi/vec4 161, 0, 8;
    %store/vec4 v0000000000fecda0_0, 0, 8;
    %jmp T_4.18;
T_4.14 ;
    %pushi/vec4 134, 0, 8;
    %store/vec4 v0000000000fecda0_0, 0, 8;
    %jmp T_4.18;
T_4.15 ;
    %pushi/vec4 142, 0, 8;
    %store/vec4 v0000000000fecda0_0, 0, 8;
    %jmp T_4.18;
T_4.16 ;
    %pushi/vec4 255, 0, 8;
    %store/vec4 v0000000000fecda0_0, 0, 8;
    %jmp T_4.18;
T_4.17 ;
    %pushi/vec4 191, 0, 8;
    %store/vec4 v0000000000fecda0_0, 0, 8;
    %jmp T_4.18;
T_4.18 ;
    %pop/vec4 1;
    %jmp T_4;
    .thread T_4, $push;
    .scope S_0000000000fed9a0;
T_5 ;
    %wait E_0000000000fffbc0;
    %load/vec4 v0000000000fecc60_0;
    %dup/vec4;
    %pushi/vec4 0, 0, 8;
    %cmp/u;
    %jmp/1 T_5.0, 6;
    %dup/vec4;
    %pushi/vec4 1, 0, 8;
    %cmp/u;
    %jmp/1 T_5.1, 6;
    %dup/vec4;
    %pushi/vec4 2, 0, 8;
    %cmp/u;
    %jmp/1 T_5.2, 6;
    %dup/vec4;
    %pushi/vec4 3, 0, 8;
    %cmp/u;
    %jmp/1 T_5.3, 6;
    %dup/vec4;
    %pushi/vec4 4, 0, 8;
    %cmp/u;
    %jmp/1 T_5.4, 6;
    %dup/vec4;
    %pushi/vec4 5, 0, 8;
    %cmp/u;
    %jmp/1 T_5.5, 6;
    %dup/vec4;
    %pushi/vec4 6, 0, 8;
    %cmp/u;
    %jmp/1 T_5.6, 6;
    %dup/vec4;
    %pushi/vec4 7, 0, 8;
    %cmp/u;
    %jmp/1 T_5.7, 6;
    %dup/vec4;
    %pushi/vec4 8, 0, 8;
    %cmp/u;
    %jmp/1 T_5.8, 6;
    %dup/vec4;
    %pushi/vec4 9, 0, 8;
    %cmp/u;
    %jmp/1 T_5.9, 6;
    %dup/vec4;
    %pushi/vec4 10, 0, 8;
    %cmp/u;
    %jmp/1 T_5.10, 6;
    %dup/vec4;
    %pushi/vec4 11, 0, 8;
    %cmp/u;
    %jmp/1 T_5.11, 6;
    %dup/vec4;
    %pushi/vec4 12, 0, 8;
    %cmp/u;
    %jmp/1 T_5.12, 6;
    %dup/vec4;
    %pushi/vec4 13, 0, 8;
    %cmp/u;
    %jmp/1 T_5.13, 6;
    %dup/vec4;
    %pushi/vec4 14, 0, 8;
    %cmp/u;
    %jmp/1 T_5.14, 6;
    %dup/vec4;
    %pushi/vec4 15, 0, 8;
    %cmp/u;
    %jmp/1 T_5.15, 6;
    %dup/vec4;
    %pushi/vec4 88, 0, 8;
    %cmp/u;
    %jmp/1 T_5.16, 6;
    %dup/vec4;
    %pushi/vec4 99, 0, 8;
    %cmp/u;
    %jmp/1 T_5.17, 6;
    %jmp T_5.18;
T_5.0 ;
    %pushi/vec4 192, 0, 8;
    %store/vec4 v0000000000fed160_0, 0, 8;
    %jmp T_5.18;
T_5.1 ;
    %pushi/vec4 249, 0, 8;
    %store/vec4 v0000000000fed160_0, 0, 8;
    %jmp T_5.18;
T_5.2 ;
    %pushi/vec4 164, 0, 8;
    %store/vec4 v0000000000fed160_0, 0, 8;
    %jmp T_5.18;
T_5.3 ;
    %pushi/vec4 176, 0, 8;
    %store/vec4 v0000000000fed160_0, 0, 8;
    %jmp T_5.18;
T_5.4 ;
    %pushi/vec4 153, 0, 8;
    %store/vec4 v0000000000fed160_0, 0, 8;
    %jmp T_5.18;
T_5.5 ;
    %pushi/vec4 146, 0, 8;
    %store/vec4 v0000000000fed160_0, 0, 8;
    %jmp T_5.18;
T_5.6 ;
    %pushi/vec4 130, 0, 8;
    %store/vec4 v0000000000fed160_0, 0, 8;
    %jmp T_5.18;
T_5.7 ;
    %pushi/vec4 248, 0, 8;
    %store/vec4 v0000000000fed160_0, 0, 8;
    %jmp T_5.18;
T_5.8 ;
    %pushi/vec4 128, 0, 8;
    %store/vec4 v0000000000fed160_0, 0, 8;
    %jmp T_5.18;
T_5.9 ;
    %pushi/vec4 152, 0, 8;
    %store/vec4 v0000000000fed160_0, 0, 8;
    %jmp T_5.18;
T_5.10 ;
    %pushi/vec4 136, 0, 8;
    %store/vec4 v0000000000fed160_0, 0, 8;
    %jmp T_5.18;
T_5.11 ;
    %pushi/vec4 131, 0, 8;
    %store/vec4 v0000000000fed160_0, 0, 8;
    %jmp T_5.18;
T_5.12 ;
    %pushi/vec4 198, 0, 8;
    %store/vec4 v0000000000fed160_0, 0, 8;
    %jmp T_5.18;
T_5.13 ;
    %pushi/vec4 161, 0, 8;
    %store/vec4 v0000000000fed160_0, 0, 8;
    %jmp T_5.18;
T_5.14 ;
    %pushi/vec4 134, 0, 8;
    %store/vec4 v0000000000fed160_0, 0, 8;
    %jmp T_5.18;
T_5.15 ;
    %pushi/vec4 142, 0, 8;
    %store/vec4 v0000000000fed160_0, 0, 8;
    %jmp T_5.18;
T_5.16 ;
    %pushi/vec4 255, 0, 8;
    %store/vec4 v0000000000fed160_0, 0, 8;
    %jmp T_5.18;
T_5.17 ;
    %pushi/vec4 191, 0, 8;
    %store/vec4 v0000000000fed160_0, 0, 8;
    %jmp T_5.18;
T_5.18 ;
    %pop/vec4 1;
    %jmp T_5;
    .thread T_5, $push;
    .scope S_0000000000fee330;
T_6 ;
    %wait E_0000000001000440;
    %load/vec4 v000000000104dda0_0;
    %cmpi/e 2, 0, 2;
    %jmp/0xz  T_6.0, 4;
    %pushi/vec4 88, 0, 8;
    %store/vec4 v000000000104e2a0_0, 0, 8;
    %pushi/vec4 88, 0, 8;
    %store/vec4 v000000000104cd60_0, 0, 8;
    %jmp T_6.1;
T_6.0 ;
    %load/vec4 v000000000104dda0_0;
    %cmpi/e 3, 0, 2;
    %jmp/0xz  T_6.2, 4;
    %load/vec4 v000000000104c860_0;
    %parti/s 1, 3, 3;
    %pad/u 32;
    %cmpi/e 0, 0, 32;
    %jmp/0xz  T_6.4, 4;
    %pushi/vec4 88, 0, 8;
    %store/vec4 v000000000104e2a0_0, 0, 8;
    %jmp T_6.5;
T_6.4 ;
    %load/vec4 v000000000104c860_0;
    %parti/s 1, 3, 3;
    %pad/u 32;
    %cmpi/e 1, 0, 32;
    %jmp/0xz  T_6.6, 4;
    %pushi/vec4 99, 0, 8;
    %store/vec4 v000000000104e2a0_0, 0, 8;
T_6.6 ;
T_6.5 ;
    %load/vec4 v000000000104cfe0_0;
    %parti/s 1, 3, 3;
    %pad/u 32;
    %cmpi/e 0, 0, 32;
    %jmp/0xz  T_6.8, 4;
    %pushi/vec4 88, 0, 8;
    %store/vec4 v000000000104cd60_0, 0, 8;
    %jmp T_6.9;
T_6.8 ;
    %load/vec4 v000000000104cfe0_0;
    %parti/s 1, 3, 3;
    %pad/u 32;
    %cmpi/e 1, 0, 32;
    %jmp/0xz  T_6.10, 4;
    %pushi/vec4 99, 0, 8;
    %store/vec4 v000000000104cd60_0, 0, 8;
T_6.10 ;
T_6.9 ;
T_6.2 ;
T_6.1 ;
    %load/vec4 v000000000104c860_0;
    %dup/vec4;
    %pushi/vec4 0, 0, 4;
    %cmp/u;
    %jmp/1 T_6.12, 6;
    %dup/vec4;
    %pushi/vec4 1, 0, 4;
    %cmp/u;
    %jmp/1 T_6.13, 6;
    %dup/vec4;
    %pushi/vec4 2, 0, 4;
    %cmp/u;
    %jmp/1 T_6.14, 6;
    %dup/vec4;
    %pushi/vec4 3, 0, 4;
    %cmp/u;
    %jmp/1 T_6.15, 6;
    %dup/vec4;
    %pushi/vec4 4, 0, 4;
    %cmp/u;
    %jmp/1 T_6.16, 6;
    %dup/vec4;
    %pushi/vec4 5, 0, 4;
    %cmp/u;
    %jmp/1 T_6.17, 6;
    %dup/vec4;
    %pushi/vec4 6, 0, 4;
    %cmp/u;
    %jmp/1 T_6.18, 6;
    %dup/vec4;
    %pushi/vec4 7, 0, 4;
    %cmp/u;
    %jmp/1 T_6.19, 6;
    %dup/vec4;
    %pushi/vec4 15, 0, 4;
    %cmp/u;
    %jmp/1 T_6.20, 6;
    %dup/vec4;
    %pushi/vec4 14, 0, 4;
    %cmp/u;
    %jmp/1 T_6.21, 6;
    %dup/vec4;
    %pushi/vec4 13, 0, 4;
    %cmp/u;
    %jmp/1 T_6.22, 6;
    %dup/vec4;
    %pushi/vec4 12, 0, 4;
    %cmp/u;
    %jmp/1 T_6.23, 6;
    %dup/vec4;
    %pushi/vec4 11, 0, 4;
    %cmp/u;
    %jmp/1 T_6.24, 6;
    %dup/vec4;
    %pushi/vec4 10, 0, 4;
    %cmp/u;
    %jmp/1 T_6.25, 6;
    %dup/vec4;
    %pushi/vec4 9, 0, 4;
    %cmp/u;
    %jmp/1 T_6.26, 6;
    %dup/vec4;
    %pushi/vec4 8, 0, 4;
    %cmp/u;
    %jmp/1 T_6.27, 6;
    %jmp T_6.28;
T_6.12 ;
    %pushi/vec4 0, 0, 8;
    %store/vec4 v000000000104d620_0, 0, 8;
    %jmp T_6.28;
T_6.13 ;
    %pushi/vec4 1, 0, 8;
    %store/vec4 v000000000104d620_0, 0, 8;
    %jmp T_6.28;
T_6.14 ;
    %pushi/vec4 2, 0, 8;
    %store/vec4 v000000000104d620_0, 0, 8;
    %jmp T_6.28;
T_6.15 ;
    %pushi/vec4 3, 0, 8;
    %store/vec4 v000000000104d620_0, 0, 8;
    %jmp T_6.28;
T_6.16 ;
    %pushi/vec4 4, 0, 8;
    %store/vec4 v000000000104d620_0, 0, 8;
    %jmp T_6.28;
T_6.17 ;
    %pushi/vec4 5, 0, 8;
    %store/vec4 v000000000104d620_0, 0, 8;
    %jmp T_6.28;
T_6.18 ;
    %pushi/vec4 6, 0, 8;
    %store/vec4 v000000000104d620_0, 0, 8;
    %jmp T_6.28;
T_6.19 ;
    %pushi/vec4 7, 0, 8;
    %store/vec4 v000000000104d620_0, 0, 8;
    %jmp T_6.28;
T_6.20 ;
    %load/vec4 v000000000104dda0_0;
    %cmpi/e 2, 0, 2;
    %jmp/0xz  T_6.29, 4;
    %pushi/vec4 15, 0, 8;
    %store/vec4 v000000000104d620_0, 0, 8;
    %jmp T_6.30;
T_6.29 ;
    %load/vec4 v000000000104dda0_0;
    %cmpi/e 3, 0, 2;
    %jmp/0xz  T_6.31, 4;
    %pushi/vec4 1, 0, 8;
    %store/vec4 v000000000104d620_0, 0, 8;
T_6.31 ;
T_6.30 ;
    %jmp T_6.28;
T_6.21 ;
    %load/vec4 v000000000104dda0_0;
    %cmpi/e 2, 0, 2;
    %jmp/0xz  T_6.33, 4;
    %pushi/vec4 14, 0, 8;
    %store/vec4 v000000000104d620_0, 0, 8;
    %jmp T_6.34;
T_6.33 ;
    %load/vec4 v000000000104dda0_0;
    %cmpi/e 3, 0, 2;
    %jmp/0xz  T_6.35, 4;
    %pushi/vec4 2, 0, 8;
    %store/vec4 v000000000104d620_0, 0, 8;
T_6.35 ;
T_6.34 ;
    %jmp T_6.28;
T_6.22 ;
    %load/vec4 v000000000104dda0_0;
    %cmpi/e 2, 0, 2;
    %jmp/0xz  T_6.37, 4;
    %pushi/vec4 13, 0, 8;
    %store/vec4 v000000000104d620_0, 0, 8;
    %jmp T_6.38;
T_6.37 ;
    %load/vec4 v000000000104dda0_0;
    %cmpi/e 3, 0, 2;
    %jmp/0xz  T_6.39, 4;
    %pushi/vec4 3, 0, 8;
    %store/vec4 v000000000104d620_0, 0, 8;
T_6.39 ;
T_6.38 ;
    %jmp T_6.28;
T_6.23 ;
    %load/vec4 v000000000104dda0_0;
    %cmpi/e 2, 0, 2;
    %jmp/0xz  T_6.41, 4;
    %pushi/vec4 12, 0, 8;
    %store/vec4 v000000000104d620_0, 0, 8;
    %jmp T_6.42;
T_6.41 ;
    %load/vec4 v000000000104dda0_0;
    %cmpi/e 3, 0, 2;
    %jmp/0xz  T_6.43, 4;
    %pushi/vec4 4, 0, 8;
    %store/vec4 v000000000104d620_0, 0, 8;
T_6.43 ;
T_6.42 ;
    %jmp T_6.28;
T_6.24 ;
    %load/vec4 v000000000104dda0_0;
    %cmpi/e 2, 0, 2;
    %jmp/0xz  T_6.45, 4;
    %pushi/vec4 11, 0, 8;
    %store/vec4 v000000000104d620_0, 0, 8;
    %jmp T_6.46;
T_6.45 ;
    %load/vec4 v000000000104dda0_0;
    %cmpi/e 3, 0, 2;
    %jmp/0xz  T_6.47, 4;
    %pushi/vec4 5, 0, 8;
    %store/vec4 v000000000104d620_0, 0, 8;
T_6.47 ;
T_6.46 ;
    %jmp T_6.28;
T_6.25 ;
    %load/vec4 v000000000104dda0_0;
    %cmpi/e 2, 0, 2;
    %jmp/0xz  T_6.49, 4;
    %pushi/vec4 10, 0, 8;
    %store/vec4 v000000000104d620_0, 0, 8;
    %jmp T_6.50;
T_6.49 ;
    %load/vec4 v000000000104dda0_0;
    %cmpi/e 3, 0, 2;
    %jmp/0xz  T_6.51, 4;
    %pushi/vec4 6, 0, 8;
    %store/vec4 v000000000104d620_0, 0, 8;
T_6.51 ;
T_6.50 ;
    %jmp T_6.28;
T_6.26 ;
    %load/vec4 v000000000104dda0_0;
    %cmpi/e 2, 0, 2;
    %jmp/0xz  T_6.53, 4;
    %pushi/vec4 9, 0, 8;
    %store/vec4 v000000000104d620_0, 0, 8;
    %jmp T_6.54;
T_6.53 ;
    %load/vec4 v000000000104dda0_0;
    %cmpi/e 3, 0, 2;
    %jmp/0xz  T_6.55, 4;
    %pushi/vec4 7, 0, 8;
    %store/vec4 v000000000104d620_0, 0, 8;
T_6.55 ;
T_6.54 ;
    %jmp T_6.28;
T_6.27 ;
    %load/vec4 v000000000104dda0_0;
    %cmpi/e 2, 0, 2;
    %jmp/0xz  T_6.57, 4;
    %pushi/vec4 8, 0, 8;
    %store/vec4 v000000000104d620_0, 0, 8;
    %jmp T_6.58;
T_6.57 ;
    %load/vec4 v000000000104dda0_0;
    %cmpi/e 3, 0, 2;
    %jmp/0xz  T_6.59, 4;
    %pushi/vec4 8, 0, 8;
    %store/vec4 v000000000104d620_0, 0, 8;
T_6.59 ;
T_6.58 ;
    %jmp T_6.28;
T_6.28 ;
    %pop/vec4 1;
    %load/vec4 v000000000104cfe0_0;
    %dup/vec4;
    %pushi/vec4 0, 0, 4;
    %cmp/u;
    %jmp/1 T_6.61, 6;
    %dup/vec4;
    %pushi/vec4 1, 0, 4;
    %cmp/u;
    %jmp/1 T_6.62, 6;
    %dup/vec4;
    %pushi/vec4 2, 0, 4;
    %cmp/u;
    %jmp/1 T_6.63, 6;
    %dup/vec4;
    %pushi/vec4 3, 0, 4;
    %cmp/u;
    %jmp/1 T_6.64, 6;
    %dup/vec4;
    %pushi/vec4 4, 0, 4;
    %cmp/u;
    %jmp/1 T_6.65, 6;
    %dup/vec4;
    %pushi/vec4 5, 0, 4;
    %cmp/u;
    %jmp/1 T_6.66, 6;
    %dup/vec4;
    %pushi/vec4 6, 0, 4;
    %cmp/u;
    %jmp/1 T_6.67, 6;
    %dup/vec4;
    %pushi/vec4 7, 0, 4;
    %cmp/u;
    %jmp/1 T_6.68, 6;
    %dup/vec4;
    %pushi/vec4 15, 0, 4;
    %cmp/u;
    %jmp/1 T_6.69, 6;
    %dup/vec4;
    %pushi/vec4 14, 0, 4;
    %cmp/u;
    %jmp/1 T_6.70, 6;
    %dup/vec4;
    %pushi/vec4 13, 0, 4;
    %cmp/u;
    %jmp/1 T_6.71, 6;
    %dup/vec4;
    %pushi/vec4 12, 0, 4;
    %cmp/u;
    %jmp/1 T_6.72, 6;
    %dup/vec4;
    %pushi/vec4 11, 0, 4;
    %cmp/u;
    %jmp/1 T_6.73, 6;
    %dup/vec4;
    %pushi/vec4 10, 0, 4;
    %cmp/u;
    %jmp/1 T_6.74, 6;
    %dup/vec4;
    %pushi/vec4 9, 0, 4;
    %cmp/u;
    %jmp/1 T_6.75, 6;
    %dup/vec4;
    %pushi/vec4 8, 0, 4;
    %cmp/u;
    %jmp/1 T_6.76, 6;
    %jmp T_6.77;
T_6.61 ;
    %pushi/vec4 0, 0, 8;
    %store/vec4 v000000000104db20_0, 0, 8;
    %jmp T_6.77;
T_6.62 ;
    %pushi/vec4 1, 0, 8;
    %store/vec4 v000000000104db20_0, 0, 8;
    %jmp T_6.77;
T_6.63 ;
    %pushi/vec4 2, 0, 8;
    %store/vec4 v000000000104db20_0, 0, 8;
    %jmp T_6.77;
T_6.64 ;
    %pushi/vec4 3, 0, 8;
    %store/vec4 v000000000104db20_0, 0, 8;
    %jmp T_6.77;
T_6.65 ;
    %pushi/vec4 4, 0, 8;
    %store/vec4 v000000000104db20_0, 0, 8;
    %jmp T_6.77;
T_6.66 ;
    %pushi/vec4 5, 0, 8;
    %store/vec4 v000000000104db20_0, 0, 8;
    %jmp T_6.77;
T_6.67 ;
    %pushi/vec4 6, 0, 8;
    %store/vec4 v000000000104db20_0, 0, 8;
    %jmp T_6.77;
T_6.68 ;
    %pushi/vec4 7, 0, 8;
    %store/vec4 v000000000104db20_0, 0, 8;
    %jmp T_6.77;
T_6.69 ;
    %load/vec4 v000000000104dda0_0;
    %cmpi/e 2, 0, 2;
    %jmp/0xz  T_6.78, 4;
    %pushi/vec4 15, 0, 8;
    %store/vec4 v000000000104db20_0, 0, 8;
    %jmp T_6.79;
T_6.78 ;
    %load/vec4 v000000000104dda0_0;
    %cmpi/e 3, 0, 2;
    %jmp/0xz  T_6.80, 4;
    %pushi/vec4 1, 0, 8;
    %store/vec4 v000000000104db20_0, 0, 8;
T_6.80 ;
T_6.79 ;
    %jmp T_6.77;
T_6.70 ;
    %load/vec4 v000000000104dda0_0;
    %cmpi/e 2, 0, 2;
    %jmp/0xz  T_6.82, 4;
    %pushi/vec4 14, 0, 8;
    %store/vec4 v000000000104db20_0, 0, 8;
    %jmp T_6.83;
T_6.82 ;
    %load/vec4 v000000000104dda0_0;
    %cmpi/e 3, 0, 2;
    %jmp/0xz  T_6.84, 4;
    %pushi/vec4 2, 0, 8;
    %store/vec4 v000000000104db20_0, 0, 8;
T_6.84 ;
T_6.83 ;
    %jmp T_6.77;
T_6.71 ;
    %load/vec4 v000000000104dda0_0;
    %cmpi/e 2, 0, 2;
    %jmp/0xz  T_6.86, 4;
    %pushi/vec4 13, 0, 8;
    %store/vec4 v000000000104db20_0, 0, 8;
    %jmp T_6.87;
T_6.86 ;
    %load/vec4 v000000000104dda0_0;
    %cmpi/e 3, 0, 2;
    %jmp/0xz  T_6.88, 4;
    %pushi/vec4 3, 0, 8;
    %store/vec4 v000000000104db20_0, 0, 8;
T_6.88 ;
T_6.87 ;
    %jmp T_6.77;
T_6.72 ;
    %load/vec4 v000000000104dda0_0;
    %cmpi/e 2, 0, 2;
    %jmp/0xz  T_6.90, 4;
    %pushi/vec4 12, 0, 8;
    %store/vec4 v000000000104db20_0, 0, 8;
    %jmp T_6.91;
T_6.90 ;
    %load/vec4 v000000000104dda0_0;
    %cmpi/e 3, 0, 2;
    %jmp/0xz  T_6.92, 4;
    %pushi/vec4 4, 0, 8;
    %store/vec4 v000000000104db20_0, 0, 8;
T_6.92 ;
T_6.91 ;
    %jmp T_6.77;
T_6.73 ;
    %load/vec4 v000000000104dda0_0;
    %cmpi/e 2, 0, 2;
    %jmp/0xz  T_6.94, 4;
    %pushi/vec4 11, 0, 8;
    %store/vec4 v000000000104db20_0, 0, 8;
    %jmp T_6.95;
T_6.94 ;
    %load/vec4 v000000000104dda0_0;
    %cmpi/e 3, 0, 2;
    %jmp/0xz  T_6.96, 4;
    %pushi/vec4 5, 0, 8;
    %store/vec4 v000000000104db20_0, 0, 8;
T_6.96 ;
T_6.95 ;
    %jmp T_6.77;
T_6.74 ;
    %load/vec4 v000000000104dda0_0;
    %cmpi/e 2, 0, 2;
    %jmp/0xz  T_6.98, 4;
    %pushi/vec4 10, 0, 8;
    %store/vec4 v000000000104db20_0, 0, 8;
    %jmp T_6.99;
T_6.98 ;
    %load/vec4 v000000000104dda0_0;
    %cmpi/e 3, 0, 2;
    %jmp/0xz  T_6.100, 4;
    %pushi/vec4 6, 0, 8;
    %store/vec4 v000000000104db20_0, 0, 8;
T_6.100 ;
T_6.99 ;
    %jmp T_6.77;
T_6.75 ;
    %load/vec4 v000000000104dda0_0;
    %cmpi/e 2, 0, 2;
    %jmp/0xz  T_6.102, 4;
    %pushi/vec4 9, 0, 8;
    %store/vec4 v000000000104db20_0, 0, 8;
    %jmp T_6.103;
T_6.102 ;
    %load/vec4 v000000000104dda0_0;
    %cmpi/e 3, 0, 2;
    %jmp/0xz  T_6.104, 4;
    %pushi/vec4 7, 0, 8;
    %store/vec4 v000000000104db20_0, 0, 8;
T_6.104 ;
T_6.103 ;
    %jmp T_6.77;
T_6.76 ;
    %load/vec4 v000000000104dda0_0;
    %cmpi/e 2, 0, 2;
    %jmp/0xz  T_6.106, 4;
    %pushi/vec4 8, 0, 8;
    %store/vec4 v000000000104db20_0, 0, 8;
    %jmp T_6.107;
T_6.106 ;
    %load/vec4 v000000000104dda0_0;
    %cmpi/e 3, 0, 2;
    %jmp/0xz  T_6.108, 4;
    %pushi/vec4 8, 0, 8;
    %store/vec4 v000000000104db20_0, 0, 8;
T_6.108 ;
T_6.107 ;
    %jmp T_6.77;
T_6.77 ;
    %pop/vec4 1;
    %load/vec4 v000000000104e2a0_0;
    %cmpi/e 88, 0, 8;
    %jmp/0xz  T_6.110, 4;
    %load/vec4 v000000000104cd60_0;
    %cmpi/e 88, 0, 8;
    %jmp/0xz  T_6.112, 4;
    %load/vec4 v000000000104d620_0;
    %load/vec4 v000000000104db20_0;
    %cmp/e;
    %jmp/0xz  T_6.114, 4;
    %pushi/vec4 4, 0, 3;
    %store/vec4 v000000000104e160_0, 0, 3;
    %jmp T_6.115;
T_6.114 ;
    %load/vec4 v000000000104db20_0;
    %load/vec4 v000000000104d620_0;
    %cmp/u;
    %jmp/0xz  T_6.116, 5;
    %pushi/vec4 2, 0, 3;
    %store/vec4 v000000000104e160_0, 0, 3;
    %jmp T_6.117;
T_6.116 ;
    %pushi/vec4 1, 0, 3;
    %store/vec4 v000000000104e160_0, 0, 3;
T_6.117 ;
T_6.115 ;
    %jmp T_6.113;
T_6.112 ;
    %load/vec4 v000000000104cd60_0;
    %cmpi/e 99, 0, 8;
    %jmp/0xz  T_6.118, 4;
    %pushi/vec4 2, 0, 3;
    %store/vec4 v000000000104e160_0, 0, 3;
T_6.118 ;
T_6.113 ;
    %jmp T_6.111;
T_6.110 ;
    %load/vec4 v000000000104e2a0_0;
    %cmpi/e 99, 0, 8;
    %jmp/0xz  T_6.120, 4;
    %load/vec4 v000000000104cd60_0;
    %cmpi/e 99, 0, 8;
    %jmp/0xz  T_6.122, 4;
    %load/vec4 v000000000104d620_0;
    %load/vec4 v000000000104db20_0;
    %cmp/e;
    %jmp/0xz  T_6.124, 4;
    %pushi/vec4 4, 0, 3;
    %store/vec4 v000000000104e160_0, 0, 3;
    %jmp T_6.125;
T_6.124 ;
    %load/vec4 v000000000104db20_0;
    %load/vec4 v000000000104d620_0;
    %cmp/u;
    %jmp/0xz  T_6.126, 5;
    %pushi/vec4 1, 0, 3;
    %store/vec4 v000000000104e160_0, 0, 3;
    %jmp T_6.127;
T_6.126 ;
    %pushi/vec4 2, 0, 3;
    %store/vec4 v000000000104e160_0, 0, 3;
T_6.127 ;
T_6.125 ;
    %jmp T_6.123;
T_6.122 ;
    %load/vec4 v000000000104cd60_0;
    %cmpi/e 88, 0, 8;
    %jmp/0xz  T_6.128, 4;
    %pushi/vec4 1, 0, 3;
    %store/vec4 v000000000104e160_0, 0, 3;
T_6.128 ;
T_6.123 ;
T_6.120 ;
T_6.111 ;
    %jmp T_6;
    .thread T_6, $push;
    .scope S_0000000000fefb20;
T_7 ;
    %vpi_call 5 15 "$dumpfile", "output.vcd" {0 0 0};
    %vpi_call 5 16 "$dumpvars" {0 0 0};
    %vpi_call 5 17 "$display", " << Starting simulation >>" {0 0 0};
    %pushi/vec4 0, 0, 9;
    %store/vec4 v000000000104e660_0, 0, 9;
    %delay 100, 0;
    %load/vec4 v000000000104e5c0_0;
    %cmpi/ne 4, 0, 3;
    %jmp/0xz  T_7.0, 4;
    %vpi_call 5 21 "$display", "ERROR:  LEDR value should be %b, is %b", 3'b100, v000000000104e5c0_0 {0 0 0};
T_7.0 ;
    %delay 100, 0;
    %load/vec4 v000000000104e480_0;
    %cmpi/ne 192, 0, 8;
    %jmp/0xz  T_7.2, 4;
    %vpi_call 5 23 "$display", "ERROR: HEX0 value not 0" {0 0 0};
T_7.2 ;
    %delay 100, 0;
    %load/vec4 v000000000104d9e0_0;
    %cmpi/ne 255, 0, 8;
    %jmp/0xz  T_7.4, 4;
    %vpi_call 5 25 "$display", "ERROR: HEX0 value not BLANK" {0 0 0};
T_7.4 ;
    %delay 100, 0;
    %load/vec4 v000000000104de40_0;
    %cmpi/ne 192, 0, 8;
    %jmp/0xz  T_7.6, 4;
    %vpi_call 5 27 "$display", "ERROR: HEX1 value not 0" {0 0 0};
T_7.6 ;
    %delay 100, 0;
    %load/vec4 v000000000104dee0_0;
    %cmpi/ne 255, 0, 8;
    %jmp/0xz  T_7.8, 4;
    %vpi_call 5 29 "$display", "ERROR: HEX0 value not BLANK" {0 0 0};
T_7.8 ;
    %pushi/vec4 33, 0, 9;
    %store/vec4 v000000000104e660_0, 0, 9;
    %delay 100, 0;
    %load/vec4 v000000000104e5c0_0;
    %cmpi/ne 2, 0, 3;
    %jmp/0xz  T_7.10, 4;
    %vpi_call 5 33 "$display", "ERROR:  LEDR value should be %b, is %b", 3'b010, v000000000104e5c0_0 {0 0 0};
T_7.10 ;
    %delay 100, 0;
    %load/vec4 v000000000104e480_0;
    %cmpi/ne 249, 0, 8;
    %jmp/0xz  T_7.12, 4;
    %vpi_call 5 35 "$display", "ERROR: HEX0 value not 1" {0 0 0};
T_7.12 ;
    %delay 100, 0;
    %load/vec4 v000000000104d9e0_0;
    %cmpi/ne 255, 0, 8;
    %jmp/0xz  T_7.14, 4;
    %vpi_call 5 37 "$display", "ERROR: HEX0 value not BLANK" {0 0 0};
T_7.14 ;
    %delay 100, 0;
    %load/vec4 v000000000104de40_0;
    %cmpi/ne 192, 0, 8;
    %jmp/0xz  T_7.16, 4;
    %vpi_call 5 39 "$display", "ERROR: HEX1 value not 2" {0 0 0};
T_7.16 ;
    %delay 100, 0;
    %load/vec4 v000000000104dee0_0;
    %cmpi/ne 164, 0, 8;
    %jmp/0xz  T_7.18, 4;
    %vpi_call 5 41 "$display", "ERROR: HEX0 value not BLANK" {0 0 0};
T_7.18 ;
    %pushi/vec4 54, 0, 9;
    %store/vec4 v000000000104e660_0, 0, 9;
    %delay 100, 0;
    %load/vec4 v000000000104e5c0_0;
    %cmpi/ne 1, 0, 3;
    %jmp/0xz  T_7.20, 4;
    %vpi_call 5 45 "$display", "ERROR:  LEDR value should be %b, is %b", 3'b001, v000000000104e5c0_0 {0 0 0};
T_7.20 ;
    %delay 100, 0;
    %load/vec4 v000000000104e480_0;
    %cmpi/ne 131, 0, 8;
    %jmp/0xz  T_7.22, 4;
    %vpi_call 5 47 "$display", "ERROR: HEX0 value not 6" {0 0 0};
T_7.22 ;
    %delay 100, 0;
    %load/vec4 v000000000104d9e0_0;
    %cmpi/ne 255, 0, 8;
    %jmp/0xz  T_7.24, 4;
    %vpi_call 5 49 "$display", "ERROR: HEX0 value not BLANK" {0 0 0};
T_7.24 ;
    %delay 100, 0;
    %load/vec4 v000000000104de40_0;
    %cmpi/ne 176, 0, 8;
    %jmp/0xz  T_7.26, 4;
    %vpi_call 5 51 "$display", "ERROR: HEX1 value not 3" {0 0 0};
T_7.26 ;
    %delay 100, 0;
    %load/vec4 v000000000104dee0_0;
    %cmpi/ne 164, 0, 8;
    %jmp/0xz  T_7.28, 4;
    %vpi_call 5 53 "$display", "ERROR: HEX0 value not BLANK" {0 0 0};
T_7.28 ;
    %pushi/vec4 392, 0, 9;
    %store/vec4 v000000000104e660_0, 0, 9;
    %delay 100, 0;
    %load/vec4 v000000000104e5c0_0;
    %cmpi/ne 4, 0, 3;
    %jmp/0xz  T_7.30, 4;
    %vpi_call 5 58 "$display", "ERROR:  LEDR value should be %b, is %b", 3'b100, v000000000104e5c0_0 {0 0 0};
T_7.30 ;
    %delay 100, 0;
    %load/vec4 v000000000104e480_0;
    %cmpi/ne 128, 0, 8;
    %jmp/0xz  T_7.32, 4;
    %vpi_call 5 60 "$display", "ERROR: HEX0 value not 8" {0 0 0};
T_7.32 ;
    %delay 100, 0;
    %load/vec4 v000000000104d9e0_0;
    %cmpi/ne 191, 0, 8;
    %jmp/0xz  T_7.34, 4;
    %vpi_call 5 62 "$display", "ERROR: HEX0 value not -" {0 0 0};
T_7.34 ;
    %delay 100, 0;
    %load/vec4 v000000000104de40_0;
    %cmpi/ne 128, 0, 8;
    %jmp/0xz  T_7.36, 4;
    %vpi_call 5 64 "$display", "ERROR: HEX1 value not 8" {0 0 0};
T_7.36 ;
    %delay 100, 0;
    %load/vec4 v000000000104dee0_0;
    %cmpi/ne 191, 0, 8;
    %jmp/0xz  T_7.38, 4;
    %vpi_call 5 66 "$display", "ERROR: HEX0 value not -" {0 0 0};
T_7.38 ;
    %pushi/vec4 505, 0, 9;
    %store/vec4 v000000000104e660_0, 0, 9;
    %delay 100, 0;
    %load/vec4 v000000000104e5c0_0;
    %cmpi/ne 2, 0, 3;
    %jmp/0xz  T_7.40, 4;
    %vpi_call 5 70 "$display", "ERROR:  LEDR value should be %b, is %b", 3'b010, v000000000104e5c0_0 {0 0 0};
T_7.40 ;
    %delay 100, 0;
    %load/vec4 v000000000104e480_0;
    %cmpi/ne 248, 0, 8;
    %jmp/0xz  T_7.42, 4;
    %vpi_call 5 72 "$display", "ERROR: HEX0 value not 7" {0 0 0};
T_7.42 ;
    %delay 100, 0;
    %load/vec4 v000000000104d9e0_0;
    %cmpi/ne 191, 0, 8;
    %jmp/0xz  T_7.44, 4;
    %vpi_call 5 74 "$display", "ERROR: HEX0 value not -" {0 0 0};
T_7.44 ;
    %delay 100, 0;
    %load/vec4 v000000000104de40_0;
    %cmpi/ne 249, 0, 8;
    %jmp/0xz  T_7.46, 4;
    %vpi_call 5 76 "$display", "ERROR: HEX1 value not 1" {0 0 0};
T_7.46 ;
    %delay 100, 0;
    %load/vec4 v000000000104dee0_0;
    %cmpi/ne 191, 0, 8;
    %jmp/0xz  T_7.48, 4;
    %vpi_call 5 78 "$display", "ERROR: HEX0 value not -" {0 0 0};
T_7.48 ;
    %pushi/vec4 397, 0, 9;
    %store/vec4 v000000000104e660_0, 0, 9;
    %delay 100, 0;
    %load/vec4 v000000000104e5c0_0;
    %cmpi/ne 1, 0, 3;
    %jmp/0xz  T_7.50, 4;
    %vpi_call 5 82 "$display", "ERROR:  LEDR value should be %b, is %b", 3'b001, v000000000104e5c0_0 {0 0 0};
T_7.50 ;
    %delay 100, 0;
    %load/vec4 v000000000104e480_0;
    %cmpi/ne 176, 0, 8;
    %jmp/0xz  T_7.52, 4;
    %vpi_call 5 84 "$display", "ERROR: HEX0 value not 3" {0 0 0};
T_7.52 ;
    %delay 100, 0;
    %load/vec4 v000000000104d9e0_0;
    %cmpi/ne 191, 0, 8;
    %jmp/0xz  T_7.54, 4;
    %vpi_call 5 86 "$display", "ERROR: HEX0 value not -" {0 0 0};
T_7.54 ;
    %delay 100, 0;
    %load/vec4 v000000000104de40_0;
    %cmpi/ne 128, 0, 8;
    %jmp/0xz  T_7.56, 4;
    %vpi_call 5 88 "$display", "ERROR: HEX1 value not 8" {0 0 0};
T_7.56 ;
    %delay 100, 0;
    %load/vec4 v000000000104dee0_0;
    %cmpi/ne 191, 0, 8;
    %jmp/0xz  T_7.58, 4;
    %vpi_call 5 90 "$display", "ERROR: HEX0 value not -" {0 0 0};
T_7.58 ;
    %pushi/vec4 331, 0, 9;
    %store/vec4 v000000000104e660_0, 0, 9;
    %delay 100, 0;
    %load/vec4 v000000000104e5c0_0;
    %cmpi/ne 2, 0, 3;
    %jmp/0xz  T_7.60, 4;
    %vpi_call 5 94 "$display", "ERROR:  LEDR value should be %b, is %b", 3'b010, v000000000104e5c0_0 {0 0 0};
T_7.60 ;
    %delay 100, 0;
    %load/vec4 v000000000104e480_0;
    %cmpi/ne 146, 0, 8;
    %jmp/0xz  T_7.62, 4;
    %vpi_call 5 96 "$display", "ERROR: HEX0 value not 5" {0 0 0};
T_7.62 ;
    %delay 100, 0;
    %load/vec4 v000000000104d9e0_0;
    %cmpi/ne 191, 0, 8;
    %jmp/0xz  T_7.64, 4;
    %vpi_call 5 98 "$display", "ERROR: HEX0 value not -" {0 0 0};
T_7.64 ;
    %delay 100, 0;
    %load/vec4 v000000000104de40_0;
    %cmpi/ne 153, 0, 8;
    %jmp/0xz  T_7.66, 4;
    %vpi_call 5 100 "$display", "ERROR: HEX1 value not 4" {0 0 0};
T_7.66 ;
    %delay 100, 0;
    %load/vec4 v000000000104dee0_0;
    %cmpi/ne 255, 0, 8;
    %jmp/0xz  T_7.68, 4;
    %vpi_call 5 102 "$display", "ERROR: HEX0 value not BLANK" {0 0 0};
T_7.68 ;
    %pushi/vec4 481, 0, 9;
    %store/vec4 v000000000104e660_0, 0, 9;
    %delay 100, 0;
    %load/vec4 v000000000104e5c0_0;
    %cmpi/ne 1, 0, 3;
    %jmp/0xz  T_7.70, 4;
    %vpi_call 5 106 "$display", "ERROR:  LEDR value should be %b, is %b", 3'b001, v000000000104e5c0_0 {0 0 0};
T_7.70 ;
    %delay 100, 0;
    %load/vec4 v000000000104e480_0;
    %cmpi/ne 249, 0, 8;
    %jmp/0xz  T_7.72, 4;
    %vpi_call 5 108 "$display", "ERROR: HEX0 value not 1" {0 0 0};
T_7.72 ;
    %delay 100, 0;
    %load/vec4 v000000000104d9e0_0;
    %cmpi/ne 255, 0, 8;
    %jmp/0xz  T_7.74, 4;
    %vpi_call 5 110 "$display", "ERROR: HEX0 value not BLANK" {0 0 0};
T_7.74 ;
    %delay 100, 0;
    %load/vec4 v000000000104de40_0;
    %cmpi/ne 164, 0, 8;
    %jmp/0xz  T_7.76, 4;
    %vpi_call 5 112 "$display", "ERROR: HEX1 value not 2" {0 0 0};
T_7.76 ;
    %delay 100, 0;
    %load/vec4 v000000000104dee0_0;
    %cmpi/ne 191, 0, 8;
    %jmp/0xz  T_7.78, 4;
    %vpi_call 5 114 "$display", "ERROR: HEX0 value not -" {0 0 0};
T_7.78 ;
    %delay 100, 0;
    %vpi_call 5 117 "$display", $time, "<< Sim Complete. If no error messages, test successful. >>" {0 0 0};
    %vpi_call 5 118 "$finish" {0 0 0};
    %end;
    .thread T_7;
    .scope S_0000000000fefb20;
T_8 ;
    %vpi_call 5 125 "$monitor", $time, " SW=%b, HEX0=%b, HEX1=%b, HEX2=%b, HEX3=%b, HEX4=%b, HEX5=%b, LEDR=%b", &PV<v000000000104e660_0, 0, 8>, v000000000104e480_0, v000000000104d9e0_0, v000000000104d4e0_0, v000000000104e520_0, v000000000104de40_0, v000000000104dee0_0, &PV<v000000000104e5c0_0, 0, 8> {0 0 0};
    %end;
    .thread T_8;
# The file index is used to find the file name in the following table.
:file_names 6;
    "N/A";
    "<interactive>";
    "Lab1DB3.v";
    "Compare.v";
    "SevenSeg.v";
    "TB_Lab1_DB3.v";
