#! /usr/local/iverilog/bin/vvp
:ivl_version "11.0 (devel)" "(s20150603-612-ga9388a89)";
:ivl_delay_selection "TYPICAL";
:vpi_time_precision - 10;
:vpi_module "system";
:vpi_module "vhdl_sys";
:vpi_module "vhdl_textio";
:vpi_module "v2005_math";
:vpi_module "va_math";
S_0000000002888640 .scope module, "Lab1" "Lab1" 2 6;
 .timescale -9 -10;
    .port_info 0 /INPUT 1 "ADC_CLK_10";
    .port_info 1 /INPUT 1 "MAX10_CLK1_50";
    .port_info 2 /INPUT 1 "MAX10_CLK2_50";
    .port_info 3 /OUTPUT 8 "HEX0";
    .port_info 4 /OUTPUT 8 "HEX1";
    .port_info 5 /OUTPUT 8 "HEX2";
    .port_info 6 /OUTPUT 8 "HEX3";
    .port_info 7 /OUTPUT 8 "HEX4";
    .port_info 8 /OUTPUT 8 "HEX5";
    .port_info 9 /INPUT 2 "KEY";
    .port_info 10 /OUTPUT 10 "LEDR";
    .port_info 11 /INPUT 10 "SW";
L_000000000287c7b0 .functor XOR 1, L_00000000028e4660, L_00000000028e4ca0, C4<0>, C4<0>;
L_000000000287ba90 .functor XOR 1, L_00000000028e3080, L_00000000028e3a80, C4<0>, C4<0>;
L_000000000287bf60 .functor XOR 1, L_00000000028e48e0, L_00000000028e4d40, C4<0>, C4<0>;
L_000000000287c3c0 .functor XOR 1, L_00000000028e4de0, L_00000000028e31c0, C4<0>, C4<0>;
L_000000000287c4a0 .functor XOR 1, L_00000000028e3260, L_00000000028e6c10, C4<0>, C4<0>;
L_000000000287bc50 .functor XOR 1, L_00000000028e5db0, L_00000000028e6530, C4<0>, C4<0>;
L_000000000287c6d0 .functor XOR 1, L_00000000028e53b0, L_00000000028e6710, C4<0>, C4<0>;
L_000000000287c040 .functor XOR 1, L_00000000028e54f0, L_00000000028e6490, C4<0>, C4<0>;
L_000000000287bb00 .functor XOR 1, L_00000000028e5bd0, L_00000000028e6cb0, C4<0>, C4<0>;
L_000000000287be10 .functor XOR 1, L_00000000028e5d10, L_00000000028e5590, C4<0>, C4<0>;
o000000000288f6b8 .functor BUFZ 1, C4<z>; HiZ drive
v0000000002850d20_0 .net "ADC_CLK_10", 0 0, o000000000288f6b8;  0 drivers
v0000000002850dc0_0 .net "HEX0", 7 0, L_000000000287bbe0;  1 drivers
v0000000002850e60_0 .net "HEX1", 7 0, L_000000000287c510;  1 drivers
v0000000002851040_0 .net "HEX2", 7 0, L_000000000287c190;  1 drivers
v000000000284a1b0_0 .net "HEX3", 7 0, L_000000000287c350;  1 drivers
v000000000284a390_0 .net "HEX4", 7 0, L_000000000287c0b0;  1 drivers
v000000000284a430_0 .net "HEX5", 7 0, L_000000000287c580;  1 drivers
o000000000288f538 .functor BUFZ 2, C4<zz>; HiZ drive
v000000000284a4d0_0 .net "KEY", 1 0, o000000000288f538;  0 drivers
v000000000284a570_0 .net "LEDR", 9 0, L_00000000028e67b0;  1 drivers
o000000000288f718 .functor BUFZ 1, C4<z>; HiZ drive
v000000000284ab10_0 .net "MAX10_CLK1_50", 0 0, o000000000288f718;  0 drivers
o000000000288f748 .functor BUFZ 1, C4<z>; HiZ drive
v00000000028e3ee0_0 .net "MAX10_CLK2_50", 0 0, o000000000288f748;  0 drivers
o000000000288f778 .functor BUFZ 10, C4<zzzzzzzzzz>; HiZ drive
v00000000028e4480_0 .net "SW", 9 0, o000000000288f778;  0 drivers
v00000000028e42a0_0 .net *"_s11", 0 0, L_00000000028e3080;  1 drivers
v00000000028e3da0_0 .net *"_s13", 0 0, L_00000000028e3a80;  1 drivers
v00000000028e4520_0 .net *"_s14", 0 0, L_000000000287ba90;  1 drivers
v00000000028e3300_0 .net *"_s19", 0 0, L_00000000028e48e0;  1 drivers
v00000000028e3b20_0 .net *"_s21", 0 0, L_00000000028e4d40;  1 drivers
v00000000028e33a0_0 .net *"_s22", 0 0, L_000000000287bf60;  1 drivers
v00000000028e4700_0 .net *"_s27", 0 0, L_00000000028e4de0;  1 drivers
v00000000028e4f20_0 .net *"_s29", 0 0, L_00000000028e31c0;  1 drivers
v00000000028e4a20_0 .net *"_s3", 0 0, L_00000000028e4660;  1 drivers
v00000000028e3440_0 .net *"_s30", 0 0, L_000000000287c3c0;  1 drivers
v00000000028e40c0_0 .net *"_s35", 0 0, L_00000000028e3260;  1 drivers
v00000000028e39e0_0 .net *"_s37", 0 0, L_00000000028e6c10;  1 drivers
v00000000028e47a0_0 .net *"_s38", 0 0, L_000000000287c4a0;  1 drivers
v00000000028e4c00_0 .net *"_s43", 0 0, L_00000000028e5db0;  1 drivers
v00000000028e3940_0 .net *"_s45", 0 0, L_00000000028e6530;  1 drivers
v00000000028e4840_0 .net *"_s46", 0 0, L_000000000287bc50;  1 drivers
v00000000028e3bc0_0 .net *"_s5", 0 0, L_00000000028e4ca0;  1 drivers
v00000000028e4980_0 .net *"_s51", 0 0, L_00000000028e53b0;  1 drivers
v00000000028e3e40_0 .net *"_s53", 0 0, L_00000000028e6710;  1 drivers
v00000000028e3800_0 .net *"_s54", 0 0, L_000000000287c6d0;  1 drivers
v00000000028e3760_0 .net *"_s59", 0 0, L_00000000028e54f0;  1 drivers
v00000000028e4e80_0 .net *"_s6", 0 0, L_000000000287c7b0;  1 drivers
v00000000028e3580_0 .net *"_s61", 0 0, L_00000000028e6490;  1 drivers
v00000000028e43e0_0 .net *"_s62", 0 0, L_000000000287c040;  1 drivers
v00000000028e34e0_0 .net *"_s67", 0 0, L_00000000028e5bd0;  1 drivers
v00000000028e3f80_0 .net *"_s69", 0 0, L_00000000028e6cb0;  1 drivers
v00000000028e4200_0 .net *"_s70", 0 0, L_000000000287bb00;  1 drivers
v00000000028e3120_0 .net *"_s76", 0 0, L_00000000028e5d10;  1 drivers
v00000000028e38a0_0 .net *"_s78", 0 0, L_00000000028e5590;  1 drivers
v00000000028e3d00_0 .net *"_s79", 0 0, L_000000000287be10;  1 drivers
L_00000000028e4660 .part o000000000288f538, 0, 1;
L_00000000028e4ca0 .part o000000000288f778, 0, 1;
L_00000000028e3080 .part o000000000288f538, 0, 1;
L_00000000028e3a80 .part o000000000288f778, 1, 1;
L_00000000028e48e0 .part o000000000288f538, 0, 1;
L_00000000028e4d40 .part o000000000288f778, 2, 1;
L_00000000028e4de0 .part o000000000288f538, 0, 1;
L_00000000028e31c0 .part o000000000288f778, 3, 1;
L_00000000028e3260 .part o000000000288f538, 0, 1;
L_00000000028e6c10 .part o000000000288f778, 4, 1;
L_00000000028e5db0 .part o000000000288f538, 0, 1;
L_00000000028e6530 .part o000000000288f778, 5, 1;
L_00000000028e53b0 .part o000000000288f538, 0, 1;
L_00000000028e6710 .part o000000000288f778, 6, 1;
L_00000000028e54f0 .part o000000000288f538, 0, 1;
L_00000000028e6490 .part o000000000288f778, 7, 1;
L_00000000028e5bd0 .part o000000000288f538, 0, 1;
L_00000000028e6cb0 .part o000000000288f778, 8, 1;
LS_00000000028e67b0_0_0 .concat8 [ 1 1 1 1], L_000000000287c7b0, L_000000000287ba90, L_000000000287bf60, L_000000000287c3c0;
LS_00000000028e67b0_0_4 .concat8 [ 1 1 1 1], L_000000000287c4a0, L_000000000287bc50, L_000000000287c6d0, L_000000000287c040;
LS_00000000028e67b0_0_8 .concat8 [ 1 1 0 0], L_000000000287bb00, L_000000000287be10;
L_00000000028e67b0 .concat8 [ 4 4 2 0], LS_00000000028e67b0_0_0, LS_00000000028e67b0_0_4, LS_00000000028e67b0_0_8;
L_00000000028e5d10 .part o000000000288f538, 0, 1;
L_00000000028e5590 .part o000000000288f778, 9, 1;
S_0000000002885130 .scope module, "U1" "Birthday" 2 52, 3 1 0, S_0000000002888640;
 .timescale -9 -10;
    .port_info 0 /OUTPUT 8 "HEX0";
    .port_info 1 /OUTPUT 8 "HEX1";
    .port_info 2 /OUTPUT 8 "HEX2";
    .port_info 3 /OUTPUT 8 "HEX3";
    .port_info 4 /OUTPUT 8 "HEX4";
    .port_info 5 /OUTPUT 8 "HEX5";
    .port_info 6 /INPUT 2 "KEY";
v000000000284fec0_0 .net "HEX0", 7 0, L_000000000287bbe0;  alias, 1 drivers
v0000000002851180_0 .var "HEX0_d", 7 0;
v0000000002850500_0 .net "HEX1", 7 0, L_000000000287c510;  alias, 1 drivers
v000000000284f560_0 .var "HEX1_d", 7 0;
v0000000002850280_0 .net "HEX2", 7 0, L_000000000287c190;  alias, 1 drivers
v0000000002850000_0 .var "HEX2_d", 7 0;
v0000000002850320_0 .net "HEX3", 7 0, L_000000000287c350;  alias, 1 drivers
v0000000002850b40_0 .var "HEX3_d", 7 0;
v00000000028505a0_0 .net "HEX4", 7 0, L_000000000287c0b0;  alias, 1 drivers
v0000000002850f00_0 .var "HEX4_d", 7 0;
v0000000002850460_0 .net "HEX5", 7 0, L_000000000287c580;  alias, 1 drivers
v000000000284f600_0 .var "HEX5_d", 7 0;
v0000000002850be0_0 .net "KEY", 1 0, o000000000288f538;  alias, 0 drivers
E_000000000287f9b0 .event edge, v0000000002850be0_0;
S_000000000286a3a0 .scope module, "U1" "SevenSeg" 3 44, 4 1 0, S_0000000002885130;
 .timescale -9 -10;
    .port_info 0 /OUTPUT 8 "HEX";
    .port_info 1 /INPUT 8 "NUM";
L_000000000287bbe0 .functor BUFZ 8, v000000000284f4c0_0, C4<00000000>, C4<00000000>, C4<00000000>;
v000000000284fce0_0 .net "HEX", 7 0, L_000000000287bbe0;  alias, 1 drivers
v00000000028501e0_0 .net "NUM", 7 0, v0000000002851180_0;  1 drivers
v000000000284f4c0_0 .var "value", 7 0;
E_000000000287ebf0 .event edge, v00000000028501e0_0;
S_000000000286a530 .scope module, "U2" "SevenSeg" 3 45, 4 1 0, S_0000000002885130;
 .timescale -9 -10;
    .port_info 0 /OUTPUT 8 "HEX";
    .port_info 1 /INPUT 8 "NUM";
L_000000000287c510 .functor BUFZ 8, v00000000028506e0_0, C4<00000000>, C4<00000000>, C4<00000000>;
v000000000284fb00_0 .net "HEX", 7 0, L_000000000287c510;  alias, 1 drivers
v0000000002850a00_0 .net "NUM", 7 0, v000000000284f560_0;  1 drivers
v00000000028506e0_0 .var "value", 7 0;
E_000000000287f570 .event edge, v0000000002850a00_0;
S_000000000285cae0 .scope module, "U3" "SevenSeg" 3 46, 4 1 0, S_0000000002885130;
 .timescale -9 -10;
    .port_info 0 /OUTPUT 8 "HEX";
    .port_info 1 /INPUT 8 "NUM";
L_000000000287c190 .functor BUFZ 8, v00000000028503c0_0, C4<00000000>, C4<00000000>, C4<00000000>;
v00000000028508c0_0 .net "HEX", 7 0, L_000000000287c190;  alias, 1 drivers
v000000000284fd80_0 .net "NUM", 7 0, v0000000002850000_0;  1 drivers
v00000000028503c0_0 .var "value", 7 0;
E_000000000287f230 .event edge, v000000000284fd80_0;
S_000000000285cc70 .scope module, "U4" "SevenSeg" 3 47, 4 1 0, S_0000000002885130;
 .timescale -9 -10;
    .port_info 0 /OUTPUT 8 "HEX";
    .port_info 1 /INPUT 8 "NUM";
L_000000000287c350 .functor BUFZ 8, v0000000002851220_0, C4<00000000>, C4<00000000>, C4<00000000>;
v0000000002850960_0 .net "HEX", 7 0, L_000000000287c350;  alias, 1 drivers
v00000000028510e0_0 .net "NUM", 7 0, v0000000002850b40_0;  1 drivers
v0000000002851220_0 .var "value", 7 0;
E_000000000287ec70 .event edge, v00000000028510e0_0;
S_00000000028651f0 .scope module, "U5" "SevenSeg" 3 48, 4 1 0, S_0000000002885130;
 .timescale -9 -10;
    .port_info 0 /OUTPUT 8 "HEX";
    .port_info 1 /INPUT 8 "NUM";
L_000000000287c0b0 .functor BUFZ 8, v000000000284ff60_0, C4<00000000>, C4<00000000>, C4<00000000>;
v000000000284fe20_0 .net "HEX", 7 0, L_000000000287c0b0;  alias, 1 drivers
v000000000284f420_0 .net "NUM", 7 0, v0000000002850f00_0;  1 drivers
v000000000284ff60_0 .var "value", 7 0;
E_000000000287f5b0 .event edge, v000000000284f420_0;
S_0000000002865380 .scope module, "U6" "SevenSeg" 3 49, 4 1 0, S_0000000002885130;
 .timescale -9 -10;
    .port_info 0 /OUTPUT 8 "HEX";
    .port_info 1 /INPUT 8 "NUM";
L_000000000287c580 .functor BUFZ 8, v000000000284fba0_0, C4<00000000>, C4<00000000>, C4<00000000>;
v0000000002850aa0_0 .net "HEX", 7 0, L_000000000287c580;  alias, 1 drivers
v000000000284f6a0_0 .net "NUM", 7 0, v000000000284f600_0;  1 drivers
v000000000284fba0_0 .var "value", 7 0;
E_000000000287ecf0 .event edge, v000000000284f6a0_0;
S_0000000002884fa0 .scope module, "TB_Lab1_DB1" "TB_Lab1_DB1" 5 2;
 .timescale -9 -10;
v00000000028e4340_0 .var "HEX0", 7 0;
v00000000028e4ac0_0 .var "HEX1", 7 0;
v00000000028e4b60_0 .var "HEX2", 7 0;
v00000000028e3620_0 .var "HEX3", 7 0;
v00000000028e4020_0 .var "HEX4", 7 0;
v00000000028e4160_0 .var "HEX5", 7 0;
v00000000028e36c0_0 .var "KEY", 1 0;
o00000000028900d8 .functor BUFZ 8, C4<zzzzzzzz>; HiZ drive
v00000000028e3c60_0 .net "LEDR", 7 0, o00000000028900d8;  0 drivers
v00000000028e45c0_0 .var "SW", 7 0;
    .scope S_000000000286a3a0;
T_0 ;
    %wait E_000000000287ebf0;
    %load/vec4 v00000000028501e0_0;
    %dup/vec4;
    %pushi/vec4 0, 0, 8;
    %cmp/u;
    %jmp/1 T_0.0, 6;
    %dup/vec4;
    %pushi/vec4 1, 0, 8;
    %cmp/u;
    %jmp/1 T_0.1, 6;
    %dup/vec4;
    %pushi/vec4 2, 0, 8;
    %cmp/u;
    %jmp/1 T_0.2, 6;
    %dup/vec4;
    %pushi/vec4 3, 0, 8;
    %cmp/u;
    %jmp/1 T_0.3, 6;
    %dup/vec4;
    %pushi/vec4 4, 0, 8;
    %cmp/u;
    %jmp/1 T_0.4, 6;
    %dup/vec4;
    %pushi/vec4 5, 0, 8;
    %cmp/u;
    %jmp/1 T_0.5, 6;
    %dup/vec4;
    %pushi/vec4 6, 0, 8;
    %cmp/u;
    %jmp/1 T_0.6, 6;
    %dup/vec4;
    %pushi/vec4 7, 0, 8;
    %cmp/u;
    %jmp/1 T_0.7, 6;
    %dup/vec4;
    %pushi/vec4 8, 0, 8;
    %cmp/u;
    %jmp/1 T_0.8, 6;
    %dup/vec4;
    %pushi/vec4 9, 0, 8;
    %cmp/u;
    %jmp/1 T_0.9, 6;
    %dup/vec4;
    %pushi/vec4 10, 0, 8;
    %cmp/u;
    %jmp/1 T_0.10, 6;
    %dup/vec4;
    %pushi/vec4 11, 0, 8;
    %cmp/u;
    %jmp/1 T_0.11, 6;
    %dup/vec4;
    %pushi/vec4 12, 0, 8;
    %cmp/u;
    %jmp/1 T_0.12, 6;
    %dup/vec4;
    %pushi/vec4 13, 0, 8;
    %cmp/u;
    %jmp/1 T_0.13, 6;
    %dup/vec4;
    %pushi/vec4 14, 0, 8;
    %cmp/u;
    %jmp/1 T_0.14, 6;
    %dup/vec4;
    %pushi/vec4 15, 0, 8;
    %cmp/u;
    %jmp/1 T_0.15, 6;
    %dup/vec4;
    %pushi/vec4 88, 0, 8;
    %cmp/u;
    %jmp/1 T_0.16, 6;
    %dup/vec4;
    %pushi/vec4 99, 0, 8;
    %cmp/u;
    %jmp/1 T_0.17, 6;
    %jmp T_0.18;
T_0.0 ;
    %pushi/vec4 192, 0, 8;
    %store/vec4 v000000000284f4c0_0, 0, 8;
    %jmp T_0.18;
T_0.1 ;
    %pushi/vec4 249, 0, 8;
    %store/vec4 v000000000284f4c0_0, 0, 8;
    %jmp T_0.18;
T_0.2 ;
    %pushi/vec4 164, 0, 8;
    %store/vec4 v000000000284f4c0_0, 0, 8;
    %jmp T_0.18;
T_0.3 ;
    %pushi/vec4 176, 0, 8;
    %store/vec4 v000000000284f4c0_0, 0, 8;
    %jmp T_0.18;
T_0.4 ;
    %pushi/vec4 153, 0, 8;
    %store/vec4 v000000000284f4c0_0, 0, 8;
    %jmp T_0.18;
T_0.5 ;
    %pushi/vec4 146, 0, 8;
    %store/vec4 v000000000284f4c0_0, 0, 8;
    %jmp T_0.18;
T_0.6 ;
    %pushi/vec4 130, 0, 8;
    %store/vec4 v000000000284f4c0_0, 0, 8;
    %jmp T_0.18;
T_0.7 ;
    %pushi/vec4 248, 0, 8;
    %store/vec4 v000000000284f4c0_0, 0, 8;
    %jmp T_0.18;
T_0.8 ;
    %pushi/vec4 128, 0, 8;
    %store/vec4 v000000000284f4c0_0, 0, 8;
    %jmp T_0.18;
T_0.9 ;
    %pushi/vec4 152, 0, 8;
    %store/vec4 v000000000284f4c0_0, 0, 8;
    %jmp T_0.18;
T_0.10 ;
    %pushi/vec4 136, 0, 8;
    %store/vec4 v000000000284f4c0_0, 0, 8;
    %jmp T_0.18;
T_0.11 ;
    %pushi/vec4 131, 0, 8;
    %store/vec4 v000000000284f4c0_0, 0, 8;
    %jmp T_0.18;
T_0.12 ;
    %pushi/vec4 198, 0, 8;
    %store/vec4 v000000000284f4c0_0, 0, 8;
    %jmp T_0.18;
T_0.13 ;
    %pushi/vec4 161, 0, 8;
    %store/vec4 v000000000284f4c0_0, 0, 8;
    %jmp T_0.18;
T_0.14 ;
    %pushi/vec4 134, 0, 8;
    %store/vec4 v000000000284f4c0_0, 0, 8;
    %jmp T_0.18;
T_0.15 ;
    %pushi/vec4 142, 0, 8;
    %store/vec4 v000000000284f4c0_0, 0, 8;
    %jmp T_0.18;
T_0.16 ;
    %pushi/vec4 255, 0, 8;
    %store/vec4 v000000000284f4c0_0, 0, 8;
    %jmp T_0.18;
T_0.17 ;
    %pushi/vec4 191, 0, 8;
    %store/vec4 v000000000284f4c0_0, 0, 8;
    %jmp T_0.18;
T_0.18 ;
    %pop/vec4 1;
    %jmp T_0;
    .thread T_0, $push;
    .scope S_000000000286a530;
T_1 ;
    %wait E_000000000287f570;
    %load/vec4 v0000000002850a00_0;
    %dup/vec4;
    %pushi/vec4 0, 0, 8;
    %cmp/u;
    %jmp/1 T_1.0, 6;
    %dup/vec4;
    %pushi/vec4 1, 0, 8;
    %cmp/u;
    %jmp/1 T_1.1, 6;
    %dup/vec4;
    %pushi/vec4 2, 0, 8;
    %cmp/u;
    %jmp/1 T_1.2, 6;
    %dup/vec4;
    %pushi/vec4 3, 0, 8;
    %cmp/u;
    %jmp/1 T_1.3, 6;
    %dup/vec4;
    %pushi/vec4 4, 0, 8;
    %cmp/u;
    %jmp/1 T_1.4, 6;
    %dup/vec4;
    %pushi/vec4 5, 0, 8;
    %cmp/u;
    %jmp/1 T_1.5, 6;
    %dup/vec4;
    %pushi/vec4 6, 0, 8;
    %cmp/u;
    %jmp/1 T_1.6, 6;
    %dup/vec4;
    %pushi/vec4 7, 0, 8;
    %cmp/u;
    %jmp/1 T_1.7, 6;
    %dup/vec4;
    %pushi/vec4 8, 0, 8;
    %cmp/u;
    %jmp/1 T_1.8, 6;
    %dup/vec4;
    %pushi/vec4 9, 0, 8;
    %cmp/u;
    %jmp/1 T_1.9, 6;
    %dup/vec4;
    %pushi/vec4 10, 0, 8;
    %cmp/u;
    %jmp/1 T_1.10, 6;
    %dup/vec4;
    %pushi/vec4 11, 0, 8;
    %cmp/u;
    %jmp/1 T_1.11, 6;
    %dup/vec4;
    %pushi/vec4 12, 0, 8;
    %cmp/u;
    %jmp/1 T_1.12, 6;
    %dup/vec4;
    %pushi/vec4 13, 0, 8;
    %cmp/u;
    %jmp/1 T_1.13, 6;
    %dup/vec4;
    %pushi/vec4 14, 0, 8;
    %cmp/u;
    %jmp/1 T_1.14, 6;
    %dup/vec4;
    %pushi/vec4 15, 0, 8;
    %cmp/u;
    %jmp/1 T_1.15, 6;
    %dup/vec4;
    %pushi/vec4 88, 0, 8;
    %cmp/u;
    %jmp/1 T_1.16, 6;
    %dup/vec4;
    %pushi/vec4 99, 0, 8;
    %cmp/u;
    %jmp/1 T_1.17, 6;
    %jmp T_1.18;
T_1.0 ;
    %pushi/vec4 192, 0, 8;
    %store/vec4 v00000000028506e0_0, 0, 8;
    %jmp T_1.18;
T_1.1 ;
    %pushi/vec4 249, 0, 8;
    %store/vec4 v00000000028506e0_0, 0, 8;
    %jmp T_1.18;
T_1.2 ;
    %pushi/vec4 164, 0, 8;
    %store/vec4 v00000000028506e0_0, 0, 8;
    %jmp T_1.18;
T_1.3 ;
    %pushi/vec4 176, 0, 8;
    %store/vec4 v00000000028506e0_0, 0, 8;
    %jmp T_1.18;
T_1.4 ;
    %pushi/vec4 153, 0, 8;
    %store/vec4 v00000000028506e0_0, 0, 8;
    %jmp T_1.18;
T_1.5 ;
    %pushi/vec4 146, 0, 8;
    %store/vec4 v00000000028506e0_0, 0, 8;
    %jmp T_1.18;
T_1.6 ;
    %pushi/vec4 130, 0, 8;
    %store/vec4 v00000000028506e0_0, 0, 8;
    %jmp T_1.18;
T_1.7 ;
    %pushi/vec4 248, 0, 8;
    %store/vec4 v00000000028506e0_0, 0, 8;
    %jmp T_1.18;
T_1.8 ;
    %pushi/vec4 128, 0, 8;
    %store/vec4 v00000000028506e0_0, 0, 8;
    %jmp T_1.18;
T_1.9 ;
    %pushi/vec4 152, 0, 8;
    %store/vec4 v00000000028506e0_0, 0, 8;
    %jmp T_1.18;
T_1.10 ;
    %pushi/vec4 136, 0, 8;
    %store/vec4 v00000000028506e0_0, 0, 8;
    %jmp T_1.18;
T_1.11 ;
    %pushi/vec4 131, 0, 8;
    %store/vec4 v00000000028506e0_0, 0, 8;
    %jmp T_1.18;
T_1.12 ;
    %pushi/vec4 198, 0, 8;
    %store/vec4 v00000000028506e0_0, 0, 8;
    %jmp T_1.18;
T_1.13 ;
    %pushi/vec4 161, 0, 8;
    %store/vec4 v00000000028506e0_0, 0, 8;
    %jmp T_1.18;
T_1.14 ;
    %pushi/vec4 134, 0, 8;
    %store/vec4 v00000000028506e0_0, 0, 8;
    %jmp T_1.18;
T_1.15 ;
    %pushi/vec4 142, 0, 8;
    %store/vec4 v00000000028506e0_0, 0, 8;
    %jmp T_1.18;
T_1.16 ;
    %pushi/vec4 255, 0, 8;
    %store/vec4 v00000000028506e0_0, 0, 8;
    %jmp T_1.18;
T_1.17 ;
    %pushi/vec4 191, 0, 8;
    %store/vec4 v00000000028506e0_0, 0, 8;
    %jmp T_1.18;
T_1.18 ;
    %pop/vec4 1;
    %jmp T_1;
    .thread T_1, $push;
    .scope S_000000000285cae0;
T_2 ;
    %wait E_000000000287f230;
    %load/vec4 v000000000284fd80_0;
    %dup/vec4;
    %pushi/vec4 0, 0, 8;
    %cmp/u;
    %jmp/1 T_2.0, 6;
    %dup/vec4;
    %pushi/vec4 1, 0, 8;
    %cmp/u;
    %jmp/1 T_2.1, 6;
    %dup/vec4;
    %pushi/vec4 2, 0, 8;
    %cmp/u;
    %jmp/1 T_2.2, 6;
    %dup/vec4;
    %pushi/vec4 3, 0, 8;
    %cmp/u;
    %jmp/1 T_2.3, 6;
    %dup/vec4;
    %pushi/vec4 4, 0, 8;
    %cmp/u;
    %jmp/1 T_2.4, 6;
    %dup/vec4;
    %pushi/vec4 5, 0, 8;
    %cmp/u;
    %jmp/1 T_2.5, 6;
    %dup/vec4;
    %pushi/vec4 6, 0, 8;
    %cmp/u;
    %jmp/1 T_2.6, 6;
    %dup/vec4;
    %pushi/vec4 7, 0, 8;
    %cmp/u;
    %jmp/1 T_2.7, 6;
    %dup/vec4;
    %pushi/vec4 8, 0, 8;
    %cmp/u;
    %jmp/1 T_2.8, 6;
    %dup/vec4;
    %pushi/vec4 9, 0, 8;
    %cmp/u;
    %jmp/1 T_2.9, 6;
    %dup/vec4;
    %pushi/vec4 10, 0, 8;
    %cmp/u;
    %jmp/1 T_2.10, 6;
    %dup/vec4;
    %pushi/vec4 11, 0, 8;
    %cmp/u;
    %jmp/1 T_2.11, 6;
    %dup/vec4;
    %pushi/vec4 12, 0, 8;
    %cmp/u;
    %jmp/1 T_2.12, 6;
    %dup/vec4;
    %pushi/vec4 13, 0, 8;
    %cmp/u;
    %jmp/1 T_2.13, 6;
    %dup/vec4;
    %pushi/vec4 14, 0, 8;
    %cmp/u;
    %jmp/1 T_2.14, 6;
    %dup/vec4;
    %pushi/vec4 15, 0, 8;
    %cmp/u;
    %jmp/1 T_2.15, 6;
    %dup/vec4;
    %pushi/vec4 88, 0, 8;
    %cmp/u;
    %jmp/1 T_2.16, 6;
    %dup/vec4;
    %pushi/vec4 99, 0, 8;
    %cmp/u;
    %jmp/1 T_2.17, 6;
    %jmp T_2.18;
T_2.0 ;
    %pushi/vec4 192, 0, 8;
    %store/vec4 v00000000028503c0_0, 0, 8;
    %jmp T_2.18;
T_2.1 ;
    %pushi/vec4 249, 0, 8;
    %store/vec4 v00000000028503c0_0, 0, 8;
    %jmp T_2.18;
T_2.2 ;
    %pushi/vec4 164, 0, 8;
    %store/vec4 v00000000028503c0_0, 0, 8;
    %jmp T_2.18;
T_2.3 ;
    %pushi/vec4 176, 0, 8;
    %store/vec4 v00000000028503c0_0, 0, 8;
    %jmp T_2.18;
T_2.4 ;
    %pushi/vec4 153, 0, 8;
    %store/vec4 v00000000028503c0_0, 0, 8;
    %jmp T_2.18;
T_2.5 ;
    %pushi/vec4 146, 0, 8;
    %store/vec4 v00000000028503c0_0, 0, 8;
    %jmp T_2.18;
T_2.6 ;
    %pushi/vec4 130, 0, 8;
    %store/vec4 v00000000028503c0_0, 0, 8;
    %jmp T_2.18;
T_2.7 ;
    %pushi/vec4 248, 0, 8;
    %store/vec4 v00000000028503c0_0, 0, 8;
    %jmp T_2.18;
T_2.8 ;
    %pushi/vec4 128, 0, 8;
    %store/vec4 v00000000028503c0_0, 0, 8;
    %jmp T_2.18;
T_2.9 ;
    %pushi/vec4 152, 0, 8;
    %store/vec4 v00000000028503c0_0, 0, 8;
    %jmp T_2.18;
T_2.10 ;
    %pushi/vec4 136, 0, 8;
    %store/vec4 v00000000028503c0_0, 0, 8;
    %jmp T_2.18;
T_2.11 ;
    %pushi/vec4 131, 0, 8;
    %store/vec4 v00000000028503c0_0, 0, 8;
    %jmp T_2.18;
T_2.12 ;
    %pushi/vec4 198, 0, 8;
    %store/vec4 v00000000028503c0_0, 0, 8;
    %jmp T_2.18;
T_2.13 ;
    %pushi/vec4 161, 0, 8;
    %store/vec4 v00000000028503c0_0, 0, 8;
    %jmp T_2.18;
T_2.14 ;
    %pushi/vec4 134, 0, 8;
    %store/vec4 v00000000028503c0_0, 0, 8;
    %jmp T_2.18;
T_2.15 ;
    %pushi/vec4 142, 0, 8;
    %store/vec4 v00000000028503c0_0, 0, 8;
    %jmp T_2.18;
T_2.16 ;
    %pushi/vec4 255, 0, 8;
    %store/vec4 v00000000028503c0_0, 0, 8;
    %jmp T_2.18;
T_2.17 ;
    %pushi/vec4 191, 0, 8;
    %store/vec4 v00000000028503c0_0, 0, 8;
    %jmp T_2.18;
T_2.18 ;
    %pop/vec4 1;
    %jmp T_2;
    .thread T_2, $push;
    .scope S_000000000285cc70;
T_3 ;
    %wait E_000000000287ec70;
    %load/vec4 v00000000028510e0_0;
    %dup/vec4;
    %pushi/vec4 0, 0, 8;
    %cmp/u;
    %jmp/1 T_3.0, 6;
    %dup/vec4;
    %pushi/vec4 1, 0, 8;
    %cmp/u;
    %jmp/1 T_3.1, 6;
    %dup/vec4;
    %pushi/vec4 2, 0, 8;
    %cmp/u;
    %jmp/1 T_3.2, 6;
    %dup/vec4;
    %pushi/vec4 3, 0, 8;
    %cmp/u;
    %jmp/1 T_3.3, 6;
    %dup/vec4;
    %pushi/vec4 4, 0, 8;
    %cmp/u;
    %jmp/1 T_3.4, 6;
    %dup/vec4;
    %pushi/vec4 5, 0, 8;
    %cmp/u;
    %jmp/1 T_3.5, 6;
    %dup/vec4;
    %pushi/vec4 6, 0, 8;
    %cmp/u;
    %jmp/1 T_3.6, 6;
    %dup/vec4;
    %pushi/vec4 7, 0, 8;
    %cmp/u;
    %jmp/1 T_3.7, 6;
    %dup/vec4;
    %pushi/vec4 8, 0, 8;
    %cmp/u;
    %jmp/1 T_3.8, 6;
    %dup/vec4;
    %pushi/vec4 9, 0, 8;
    %cmp/u;
    %jmp/1 T_3.9, 6;
    %dup/vec4;
    %pushi/vec4 10, 0, 8;
    %cmp/u;
    %jmp/1 T_3.10, 6;
    %dup/vec4;
    %pushi/vec4 11, 0, 8;
    %cmp/u;
    %jmp/1 T_3.11, 6;
    %dup/vec4;
    %pushi/vec4 12, 0, 8;
    %cmp/u;
    %jmp/1 T_3.12, 6;
    %dup/vec4;
    %pushi/vec4 13, 0, 8;
    %cmp/u;
    %jmp/1 T_3.13, 6;
    %dup/vec4;
    %pushi/vec4 14, 0, 8;
    %cmp/u;
    %jmp/1 T_3.14, 6;
    %dup/vec4;
    %pushi/vec4 15, 0, 8;
    %cmp/u;
    %jmp/1 T_3.15, 6;
    %dup/vec4;
    %pushi/vec4 88, 0, 8;
    %cmp/u;
    %jmp/1 T_3.16, 6;
    %dup/vec4;
    %pushi/vec4 99, 0, 8;
    %cmp/u;
    %jmp/1 T_3.17, 6;
    %jmp T_3.18;
T_3.0 ;
    %pushi/vec4 192, 0, 8;
    %store/vec4 v0000000002851220_0, 0, 8;
    %jmp T_3.18;
T_3.1 ;
    %pushi/vec4 249, 0, 8;
    %store/vec4 v0000000002851220_0, 0, 8;
    %jmp T_3.18;
T_3.2 ;
    %pushi/vec4 164, 0, 8;
    %store/vec4 v0000000002851220_0, 0, 8;
    %jmp T_3.18;
T_3.3 ;
    %pushi/vec4 176, 0, 8;
    %store/vec4 v0000000002851220_0, 0, 8;
    %jmp T_3.18;
T_3.4 ;
    %pushi/vec4 153, 0, 8;
    %store/vec4 v0000000002851220_0, 0, 8;
    %jmp T_3.18;
T_3.5 ;
    %pushi/vec4 146, 0, 8;
    %store/vec4 v0000000002851220_0, 0, 8;
    %jmp T_3.18;
T_3.6 ;
    %pushi/vec4 130, 0, 8;
    %store/vec4 v0000000002851220_0, 0, 8;
    %jmp T_3.18;
T_3.7 ;
    %pushi/vec4 248, 0, 8;
    %store/vec4 v0000000002851220_0, 0, 8;
    %jmp T_3.18;
T_3.8 ;
    %pushi/vec4 128, 0, 8;
    %store/vec4 v0000000002851220_0, 0, 8;
    %jmp T_3.18;
T_3.9 ;
    %pushi/vec4 152, 0, 8;
    %store/vec4 v0000000002851220_0, 0, 8;
    %jmp T_3.18;
T_3.10 ;
    %pushi/vec4 136, 0, 8;
    %store/vec4 v0000000002851220_0, 0, 8;
    %jmp T_3.18;
T_3.11 ;
    %pushi/vec4 131, 0, 8;
    %store/vec4 v0000000002851220_0, 0, 8;
    %jmp T_3.18;
T_3.12 ;
    %pushi/vec4 198, 0, 8;
    %store/vec4 v0000000002851220_0, 0, 8;
    %jmp T_3.18;
T_3.13 ;
    %pushi/vec4 161, 0, 8;
    %store/vec4 v0000000002851220_0, 0, 8;
    %jmp T_3.18;
T_3.14 ;
    %pushi/vec4 134, 0, 8;
    %store/vec4 v0000000002851220_0, 0, 8;
    %jmp T_3.18;
T_3.15 ;
    %pushi/vec4 142, 0, 8;
    %store/vec4 v0000000002851220_0, 0, 8;
    %jmp T_3.18;
T_3.16 ;
    %pushi/vec4 255, 0, 8;
    %store/vec4 v0000000002851220_0, 0, 8;
    %jmp T_3.18;
T_3.17 ;
    %pushi/vec4 191, 0, 8;
    %store/vec4 v0000000002851220_0, 0, 8;
    %jmp T_3.18;
T_3.18 ;
    %pop/vec4 1;
    %jmp T_3;
    .thread T_3, $push;
    .scope S_00000000028651f0;
T_4 ;
    %wait E_000000000287f5b0;
    %load/vec4 v000000000284f420_0;
    %dup/vec4;
    %pushi/vec4 0, 0, 8;
    %cmp/u;
    %jmp/1 T_4.0, 6;
    %dup/vec4;
    %pushi/vec4 1, 0, 8;
    %cmp/u;
    %jmp/1 T_4.1, 6;
    %dup/vec4;
    %pushi/vec4 2, 0, 8;
    %cmp/u;
    %jmp/1 T_4.2, 6;
    %dup/vec4;
    %pushi/vec4 3, 0, 8;
    %cmp/u;
    %jmp/1 T_4.3, 6;
    %dup/vec4;
    %pushi/vec4 4, 0, 8;
    %cmp/u;
    %jmp/1 T_4.4, 6;
    %dup/vec4;
    %pushi/vec4 5, 0, 8;
    %cmp/u;
    %jmp/1 T_4.5, 6;
    %dup/vec4;
    %pushi/vec4 6, 0, 8;
    %cmp/u;
    %jmp/1 T_4.6, 6;
    %dup/vec4;
    %pushi/vec4 7, 0, 8;
    %cmp/u;
    %jmp/1 T_4.7, 6;
    %dup/vec4;
    %pushi/vec4 8, 0, 8;
    %cmp/u;
    %jmp/1 T_4.8, 6;
    %dup/vec4;
    %pushi/vec4 9, 0, 8;
    %cmp/u;
    %jmp/1 T_4.9, 6;
    %dup/vec4;
    %pushi/vec4 10, 0, 8;
    %cmp/u;
    %jmp/1 T_4.10, 6;
    %dup/vec4;
    %pushi/vec4 11, 0, 8;
    %cmp/u;
    %jmp/1 T_4.11, 6;
    %dup/vec4;
    %pushi/vec4 12, 0, 8;
    %cmp/u;
    %jmp/1 T_4.12, 6;
    %dup/vec4;
    %pushi/vec4 13, 0, 8;
    %cmp/u;
    %jmp/1 T_4.13, 6;
    %dup/vec4;
    %pushi/vec4 14, 0, 8;
    %cmp/u;
    %jmp/1 T_4.14, 6;
    %dup/vec4;
    %pushi/vec4 15, 0, 8;
    %cmp/u;
    %jmp/1 T_4.15, 6;
    %dup/vec4;
    %pushi/vec4 88, 0, 8;
    %cmp/u;
    %jmp/1 T_4.16, 6;
    %dup/vec4;
    %pushi/vec4 99, 0, 8;
    %cmp/u;
    %jmp/1 T_4.17, 6;
    %jmp T_4.18;
T_4.0 ;
    %pushi/vec4 192, 0, 8;
    %store/vec4 v000000000284ff60_0, 0, 8;
    %jmp T_4.18;
T_4.1 ;
    %pushi/vec4 249, 0, 8;
    %store/vec4 v000000000284ff60_0, 0, 8;
    %jmp T_4.18;
T_4.2 ;
    %pushi/vec4 164, 0, 8;
    %store/vec4 v000000000284ff60_0, 0, 8;
    %jmp T_4.18;
T_4.3 ;
    %pushi/vec4 176, 0, 8;
    %store/vec4 v000000000284ff60_0, 0, 8;
    %jmp T_4.18;
T_4.4 ;
    %pushi/vec4 153, 0, 8;
    %store/vec4 v000000000284ff60_0, 0, 8;
    %jmp T_4.18;
T_4.5 ;
    %pushi/vec4 146, 0, 8;
    %store/vec4 v000000000284ff60_0, 0, 8;
    %jmp T_4.18;
T_4.6 ;
    %pushi/vec4 130, 0, 8;
    %store/vec4 v000000000284ff60_0, 0, 8;
    %jmp T_4.18;
T_4.7 ;
    %pushi/vec4 248, 0, 8;
    %store/vec4 v000000000284ff60_0, 0, 8;
    %jmp T_4.18;
T_4.8 ;
    %pushi/vec4 128, 0, 8;
    %store/vec4 v000000000284ff60_0, 0, 8;
    %jmp T_4.18;
T_4.9 ;
    %pushi/vec4 152, 0, 8;
    %store/vec4 v000000000284ff60_0, 0, 8;
    %jmp T_4.18;
T_4.10 ;
    %pushi/vec4 136, 0, 8;
    %store/vec4 v000000000284ff60_0, 0, 8;
    %jmp T_4.18;
T_4.11 ;
    %pushi/vec4 131, 0, 8;
    %store/vec4 v000000000284ff60_0, 0, 8;
    %jmp T_4.18;
T_4.12 ;
    %pushi/vec4 198, 0, 8;
    %store/vec4 v000000000284ff60_0, 0, 8;
    %jmp T_4.18;
T_4.13 ;
    %pushi/vec4 161, 0, 8;
    %store/vec4 v000000000284ff60_0, 0, 8;
    %jmp T_4.18;
T_4.14 ;
    %pushi/vec4 134, 0, 8;
    %store/vec4 v000000000284ff60_0, 0, 8;
    %jmp T_4.18;
T_4.15 ;
    %pushi/vec4 142, 0, 8;
    %store/vec4 v000000000284ff60_0, 0, 8;
    %jmp T_4.18;
T_4.16 ;
    %pushi/vec4 255, 0, 8;
    %store/vec4 v000000000284ff60_0, 0, 8;
    %jmp T_4.18;
T_4.17 ;
    %pushi/vec4 191, 0, 8;
    %store/vec4 v000000000284ff60_0, 0, 8;
    %jmp T_4.18;
T_4.18 ;
    %pop/vec4 1;
    %jmp T_4;
    .thread T_4, $push;
    .scope S_0000000002865380;
T_5 ;
    %wait E_000000000287ecf0;
    %load/vec4 v000000000284f6a0_0;
    %dup/vec4;
    %pushi/vec4 0, 0, 8;
    %cmp/u;
    %jmp/1 T_5.0, 6;
    %dup/vec4;
    %pushi/vec4 1, 0, 8;
    %cmp/u;
    %jmp/1 T_5.1, 6;
    %dup/vec4;
    %pushi/vec4 2, 0, 8;
    %cmp/u;
    %jmp/1 T_5.2, 6;
    %dup/vec4;
    %pushi/vec4 3, 0, 8;
    %cmp/u;
    %jmp/1 T_5.3, 6;
    %dup/vec4;
    %pushi/vec4 4, 0, 8;
    %cmp/u;
    %jmp/1 T_5.4, 6;
    %dup/vec4;
    %pushi/vec4 5, 0, 8;
    %cmp/u;
    %jmp/1 T_5.5, 6;
    %dup/vec4;
    %pushi/vec4 6, 0, 8;
    %cmp/u;
    %jmp/1 T_5.6, 6;
    %dup/vec4;
    %pushi/vec4 7, 0, 8;
    %cmp/u;
    %jmp/1 T_5.7, 6;
    %dup/vec4;
    %pushi/vec4 8, 0, 8;
    %cmp/u;
    %jmp/1 T_5.8, 6;
    %dup/vec4;
    %pushi/vec4 9, 0, 8;
    %cmp/u;
    %jmp/1 T_5.9, 6;
    %dup/vec4;
    %pushi/vec4 10, 0, 8;
    %cmp/u;
    %jmp/1 T_5.10, 6;
    %dup/vec4;
    %pushi/vec4 11, 0, 8;
    %cmp/u;
    %jmp/1 T_5.11, 6;
    %dup/vec4;
    %pushi/vec4 12, 0, 8;
    %cmp/u;
    %jmp/1 T_5.12, 6;
    %dup/vec4;
    %pushi/vec4 13, 0, 8;
    %cmp/u;
    %jmp/1 T_5.13, 6;
    %dup/vec4;
    %pushi/vec4 14, 0, 8;
    %cmp/u;
    %jmp/1 T_5.14, 6;
    %dup/vec4;
    %pushi/vec4 15, 0, 8;
    %cmp/u;
    %jmp/1 T_5.15, 6;
    %dup/vec4;
    %pushi/vec4 88, 0, 8;
    %cmp/u;
    %jmp/1 T_5.16, 6;
    %dup/vec4;
    %pushi/vec4 99, 0, 8;
    %cmp/u;
    %jmp/1 T_5.17, 6;
    %jmp T_5.18;
T_5.0 ;
    %pushi/vec4 192, 0, 8;
    %store/vec4 v000000000284fba0_0, 0, 8;
    %jmp T_5.18;
T_5.1 ;
    %pushi/vec4 249, 0, 8;
    %store/vec4 v000000000284fba0_0, 0, 8;
    %jmp T_5.18;
T_5.2 ;
    %pushi/vec4 164, 0, 8;
    %store/vec4 v000000000284fba0_0, 0, 8;
    %jmp T_5.18;
T_5.3 ;
    %pushi/vec4 176, 0, 8;
    %store/vec4 v000000000284fba0_0, 0, 8;
    %jmp T_5.18;
T_5.4 ;
    %pushi/vec4 153, 0, 8;
    %store/vec4 v000000000284fba0_0, 0, 8;
    %jmp T_5.18;
T_5.5 ;
    %pushi/vec4 146, 0, 8;
    %store/vec4 v000000000284fba0_0, 0, 8;
    %jmp T_5.18;
T_5.6 ;
    %pushi/vec4 130, 0, 8;
    %store/vec4 v000000000284fba0_0, 0, 8;
    %jmp T_5.18;
T_5.7 ;
    %pushi/vec4 248, 0, 8;
    %store/vec4 v000000000284fba0_0, 0, 8;
    %jmp T_5.18;
T_5.8 ;
    %pushi/vec4 128, 0, 8;
    %store/vec4 v000000000284fba0_0, 0, 8;
    %jmp T_5.18;
T_5.9 ;
    %pushi/vec4 152, 0, 8;
    %store/vec4 v000000000284fba0_0, 0, 8;
    %jmp T_5.18;
T_5.10 ;
    %pushi/vec4 136, 0, 8;
    %store/vec4 v000000000284fba0_0, 0, 8;
    %jmp T_5.18;
T_5.11 ;
    %pushi/vec4 131, 0, 8;
    %store/vec4 v000000000284fba0_0, 0, 8;
    %jmp T_5.18;
T_5.12 ;
    %pushi/vec4 198, 0, 8;
    %store/vec4 v000000000284fba0_0, 0, 8;
    %jmp T_5.18;
T_5.13 ;
    %pushi/vec4 161, 0, 8;
    %store/vec4 v000000000284fba0_0, 0, 8;
    %jmp T_5.18;
T_5.14 ;
    %pushi/vec4 134, 0, 8;
    %store/vec4 v000000000284fba0_0, 0, 8;
    %jmp T_5.18;
T_5.15 ;
    %pushi/vec4 142, 0, 8;
    %store/vec4 v000000000284fba0_0, 0, 8;
    %jmp T_5.18;
T_5.16 ;
    %pushi/vec4 255, 0, 8;
    %store/vec4 v000000000284fba0_0, 0, 8;
    %jmp T_5.18;
T_5.17 ;
    %pushi/vec4 191, 0, 8;
    %store/vec4 v000000000284fba0_0, 0, 8;
    %jmp T_5.18;
T_5.18 ;
    %pop/vec4 1;
    %jmp T_5;
    .thread T_5, $push;
    .scope S_0000000002885130;
T_6 ;
    %wait E_000000000287f9b0;
    %pushi/vec4 9, 0, 8;
    %store/vec4 v0000000002851180_0, 0, 8;
    %pushi/vec4 9, 0, 8;
    %store/vec4 v000000000284f560_0, 0, 8;
    %pushi/vec4 6, 0, 8;
    %store/vec4 v0000000002850000_0, 0, 8;
    %pushi/vec4 0, 0, 8;
    %store/vec4 v0000000002850b40_0, 0, 8;
    %pushi/vec4 5, 0, 8;
    %store/vec4 v0000000002850f00_0, 0, 8;
    %pushi/vec4 0, 0, 8;
    %store/vec4 v000000000284f600_0, 0, 8;
    %load/vec4 v0000000002850be0_0;
    %parti/s 1, 1, 2;
    %flag_set/vec4 8;
    %jmp/0xz  T_6.0, 8;
    %pushi/vec4 9, 0, 8;
    %store/vec4 v0000000002851180_0, 0, 8;
    %pushi/vec4 9, 0, 8;
    %store/vec4 v000000000284f560_0, 0, 8;
    %pushi/vec4 8, 0, 8;
    %store/vec4 v0000000002850000_0, 0, 8;
    %pushi/vec4 2, 0, 8;
    %store/vec4 v0000000002850b40_0, 0, 8;
    %pushi/vec4 8, 0, 8;
    %store/vec4 v0000000002850f00_0, 0, 8;
    %pushi/vec4 0, 0, 8;
    %store/vec4 v000000000284f600_0, 0, 8;
T_6.0 ;
    %jmp T_6;
    .thread T_6, $push;
    .scope S_0000000002884fa0;
T_7 ;
    %vpi_call 5 16 "$dumpfile", "output.vcd" {0 0 0};
    %vpi_call 5 17 "$dumpvars" {0 0 0};
    %vpi_call 5 18 "$display", " << Starting simulation >>" {0 0 0};
    %pushi/vec4 0, 0, 8;
    %store/vec4 v00000000028e45c0_0, 0, 8;
    %delay 100, 0;
    %load/vec4 v00000000028e3c60_0;
    %load/vec4 v00000000028e45c0_0;
    %inv;
    %cmp/ne;
    %jmp/0xz  T_7.0, 4;
    %load/vec4 v00000000028e45c0_0;
    %inv;
    %vpi_call 5 22 "$display", "ERROR:  LEDR value should be %b, is %b", S<0,vec4,u8>, v00000000028e3c60_0 {1 0 0};
T_7.0 ;
    %delay 100, 0;
    %pushi/vec4 0, 0, 1;
    %ix/load 4, 0, 0;
    %flag_set/imm 4, 0;
    %store/vec4 v00000000028e36c0_0, 4, 1;
    %delay 100, 0;
    %load/vec4 v00000000028e3c60_0;
    %load/vec4 v00000000028e45c0_0;
    %cmp/ne;
    %jmp/0xz  T_7.2, 4;
    %vpi_call 5 26 "$display", "ERROR:  LEDR value should be %b,is %b", v00000000028e45c0_0, v00000000028e3c60_0 {0 0 0};
T_7.2 ;
    %delay 100, 0;
    %load/vec4 v00000000028e4340_0;
    %cmpi/ne 152, 0, 8;
    %jmp/0xz  T_7.4, 4;
    %vpi_call 5 29 "$display", "ERROR: HEX0 value not 9" {0 0 0};
T_7.4 ;
    %delay 100, 0;
    %load/vec4 v00000000028e4ac0_0;
    %cmpi/ne 152, 0, 8;
    %jmp/0xz  T_7.6, 4;
    %vpi_call 5 32 "$display", "ERROR: HEX1 value not 9" {0 0 0};
T_7.6 ;
    %delay 100, 0;
    %load/vec4 v00000000028e4b60_0;
    %cmpi/ne 128, 0, 8;
    %jmp/0xz  T_7.8, 4;
    %vpi_call 5 35 "$display", "ERROR: HEX2 value not 8" {0 0 0};
T_7.8 ;
    %delay 100, 0;
    %load/vec4 v00000000028e3620_0;
    %cmpi/ne 164, 0, 8;
    %jmp/0xz  T_7.10, 4;
    %vpi_call 5 38 "$display", "ERROR: HEX3 value not 2" {0 0 0};
T_7.10 ;
    %delay 100, 0;
    %load/vec4 v00000000028e4020_0;
    %cmpi/ne 128, 0, 8;
    %jmp/0xz  T_7.12, 4;
    %vpi_call 5 41 "$display", "ERROR: HEX4 value not 8" {0 0 0};
T_7.12 ;
    %delay 100, 0;
    %load/vec4 v00000000028e4160_0;
    %cmpi/ne 192, 0, 8;
    %jmp/0xz  T_7.14, 4;
    %vpi_call 5 44 "$display", "ERROR: HEX5 value not 0" {0 0 0};
T_7.14 ;
    %delay 100, 0;
    %pushi/vec4 0, 0, 1;
    %ix/load 4, 1, 0;
    %flag_set/imm 4, 0;
    %store/vec4 v00000000028e36c0_0, 4, 1;
    %delay 100, 0;
    %load/vec4 v00000000028e4340_0;
    %cmpi/ne 152, 0, 8;
    %jmp/0xz  T_7.16, 4;
    %vpi_call 5 48 "$display", "ERROR: HEX0 value not 9" {0 0 0};
T_7.16 ;
    %delay 100, 0;
    %load/vec4 v00000000028e4ac0_0;
    %cmpi/ne 152, 0, 8;
    %jmp/0xz  T_7.18, 4;
    %vpi_call 5 51 "$display", "ERROR: HEX1 value not 9" {0 0 0};
T_7.18 ;
    %delay 100, 0;
    %load/vec4 v00000000028e4b60_0;
    %cmpi/ne 130, 0, 8;
    %jmp/0xz  T_7.20, 4;
    %vpi_call 5 54 "$display", "ERROR: HEX2 value not 6" {0 0 0};
T_7.20 ;
    %delay 100, 0;
    %load/vec4 v00000000028e3620_0;
    %cmpi/ne 192, 0, 8;
    %jmp/0xz  T_7.22, 4;
    %vpi_call 5 57 "$display", "ERROR: HEX3 value not 0" {0 0 0};
T_7.22 ;
    %delay 100, 0;
    %load/vec4 v00000000028e4020_0;
    %cmpi/ne 146, 0, 8;
    %jmp/0xz  T_7.24, 4;
    %vpi_call 5 60 "$display", "ERROR: HEX4 value not 5" {0 0 0};
T_7.24 ;
    %delay 100, 0;
    %load/vec4 v00000000028e4160_0;
    %cmpi/ne 192, 0, 8;
    %jmp/0xz  T_7.26, 4;
    %vpi_call 5 63 "$display", "ERROR: HEX5 value not 0" {0 0 0};
T_7.26 ;
    %delay 100, 0;
    %vpi_call 5 66 "$display", $time, "<< Sim Complete. If not error messages, test successful. >>" {0 0 0};
    %vpi_call 5 67 "$finish" {0 0 0};
    %end;
    .thread T_7;
    .scope S_0000000002884fa0;
T_8 ;
    %vpi_call 5 73 "$monitor", $time, " SW=%b, KEY=%b, HEX0=%b, HEX1=%b, HEX2=%b, HEX3=%b, HEX4=%b, HEX5=%b, LEDR=%b", v00000000028e45c0_0, v00000000028e36c0_0, v00000000028e4340_0, v00000000028e4ac0_0, v00000000028e4b60_0, v00000000028e3620_0, v00000000028e4020_0, v00000000028e4160_0, v00000000028e3c60_0 {0 0 0};
    %end;
    .thread T_8;
# The file index is used to find the file name in the following table.
:file_names 6;
    "N/A";
    "<interactive>";
    "Lab1.v";
    "Birthday.v";
    "SevenSeg.v";
    "TB_Lab1_DB1.v";
